[2024-10-07T22:32:02.183+0000] {taskinstance.py:1165} INFO - Dependencies all met for <TaskInstance: pdf_extraction_with_pymupdf_and_convertapi.upload_to_s3 manual__2024-10-07T22:31:49.711376+00:00 [queued]>
[2024-10-07T22:32:02.193+0000] {taskinstance.py:1165} INFO - Dependencies all met for <TaskInstance: pdf_extraction_with_pymupdf_and_convertapi.upload_to_s3 manual__2024-10-07T22:31:49.711376+00:00 [queued]>
[2024-10-07T22:32:02.194+0000] {taskinstance.py:1362} INFO - 
--------------------------------------------------------------------------------
[2024-10-07T22:32:02.194+0000] {taskinstance.py:1363} INFO - Starting attempt 1 of 3
[2024-10-07T22:32:02.194+0000] {taskinstance.py:1364} INFO - 
--------------------------------------------------------------------------------
[2024-10-07T22:32:02.206+0000] {taskinstance.py:1383} INFO - Executing <Task(PythonOperator): upload_to_s3> on 2024-10-07 22:31:49.711376+00:00
[2024-10-07T22:32:02.210+0000] {standard_task_runner.py:55} INFO - Started process 16139 to run task
[2024-10-07T22:32:02.213+0000] {standard_task_runner.py:82} INFO - Running: ['***', 'tasks', 'run', 'pdf_extraction_with_pymupdf_and_convertapi', 'upload_to_s3', 'manual__2024-10-07T22:31:49.711376+00:00', '--job-id', '112', '--raw', '--subdir', 'DAGS_FOLDER/ETL-ConvertAPI.py', '--cfg-path', '/tmp/tmpzne16qaz']
[2024-10-07T22:32:02.214+0000] {standard_task_runner.py:83} INFO - Job 112: Subtask upload_to_s3
[2024-10-07T22:32:02.301+0000] {task_command.py:376} INFO - Running <TaskInstance: pdf_extraction_with_pymupdf_and_convertapi.upload_to_s3 manual__2024-10-07T22:31:49.711376+00:00 [running]> on host 65f7b1aa1c1b
[2024-10-07T22:32:02.384+0000] {taskinstance.py:1590} INFO - Exporting the following env vars:
AIRFLOW_CTX_DAG_OWNER=***
AIRFLOW_CTX_DAG_ID=pdf_extraction_with_pymupdf_and_convertapi
AIRFLOW_CTX_TASK_ID=upload_to_s3
AIRFLOW_CTX_EXECUTION_DATE=2024-10-07T22:31:49.711376+00:00
AIRFLOW_CTX_TRY_NUMBER=1
AIRFLOW_CTX_DAG_RUN_ID=manual__2024-10-07T22:31:49.711376+00:00
[2024-10-07T22:32:03.036+0000] {logging_mixin.py:137} INFO - Uploaded results for 021a5339-744f-42b7-bd9b-9368b3efda7a.pdf to S3.
[2024-10-07T22:32:03.750+0000] {logging_mixin.py:137} INFO - Uploaded results for example.pdf to S3.
[2024-10-07T22:32:04.284+0000] {logging_mixin.py:137} INFO - Uploaded results for 366e2f2b-8632-4ef2-81eb-bc3877489217.pdf to S3.
[2024-10-07T22:32:04.284+0000] {python.py:177} INFO - Done. Returned value was: None
[2024-10-07T22:32:04.304+0000] {taskinstance.py:1401} INFO - Marking task as SUCCESS. dag_id=pdf_extraction_with_pymupdf_and_convertapi, task_id=upload_to_s3, execution_date=20241007T223149, start_date=20241007T223202, end_date=20241007T223204
[2024-10-07T22:32:04.352+0000] {local_task_job.py:159} INFO - Task exited with return code 0
[2024-10-07T22:32:04.375+0000] {taskinstance.py:2623} INFO - 0 downstream tasks scheduled from follow-on schedule check
