[2024-10-04T16:06:21.985+0000] {taskinstance.py:1087} INFO - Dependencies all met for <TaskInstance: pdf_extraction_stages.extract_with_nanonets manual__2024-10-04T16:06:11.023903+00:00 [queued]>
[2024-10-04T16:06:21.994+0000] {taskinstance.py:1087} INFO - Dependencies all met for <TaskInstance: pdf_extraction_stages.extract_with_nanonets manual__2024-10-04T16:06:11.023903+00:00 [queued]>
[2024-10-04T16:06:21.994+0000] {taskinstance.py:1283} INFO - 
--------------------------------------------------------------------------------
[2024-10-04T16:06:21.995+0000] {taskinstance.py:1284} INFO - Starting attempt 1 of 2
[2024-10-04T16:06:21.995+0000] {taskinstance.py:1285} INFO - 
--------------------------------------------------------------------------------
[2024-10-04T16:06:22.008+0000] {taskinstance.py:1304} INFO - Executing <Task(PythonOperator): extract_with_nanonets> on 2024-10-04 16:06:11.023903+00:00
[2024-10-04T16:06:22.011+0000] {standard_task_runner.py:55} INFO - Started process 220 to run task
[2024-10-04T16:06:22.013+0000] {standard_task_runner.py:82} INFO - Running: ['***', 'tasks', 'run', 'pdf_extraction_stages', 'extract_with_nanonets', 'manual__2024-10-04T16:06:11.023903+00:00', '--job-id', '18', '--raw', '--subdir', 'DAGS_FOLDER/PDF-ETL.py', '--cfg-path', '/tmp/tmpf3rj4s_f']
[2024-10-04T16:06:22.015+0000] {standard_task_runner.py:83} INFO - Job 18: Subtask extract_with_nanonets
[2024-10-04T16:06:22.036+0000] {logging_mixin.py:137} WARNING - /home/***/.local/lib/python3.7/site-packages/***/settings.py:249 DeprecationWarning: The sql_alchemy_conn option in [core] has been moved to the sql_alchemy_conn option in [database] - the old setting has been used, but please update your config.
[2024-10-04T16:06:22.108+0000] {task_command.py:389} INFO - Running <TaskInstance: pdf_extraction_stages.extract_with_nanonets manual__2024-10-04T16:06:11.023903+00:00 [running]> on host 93d8e18bedbe
[2024-10-04T16:06:22.205+0000] {taskinstance.py:1513} INFO - Exporting the following env vars:
AIRFLOW_CTX_DAG_OWNER=***
AIRFLOW_CTX_DAG_ID=pdf_extraction_stages
AIRFLOW_CTX_TASK_ID=extract_with_nanonets
AIRFLOW_CTX_EXECUTION_DATE=2024-10-04T16:06:11.023903+00:00
AIRFLOW_CTX_TRY_NUMBER=1
AIRFLOW_CTX_DAG_RUN_ID=manual__2024-10-04T16:06:11.023903+00:00
[2024-10-04T16:06:23.041+0000] {logging_mixin.py:137} INFO - Failed to extract with Nanonets API. Status Code: 401
[2024-10-04T16:06:23.551+0000] {logging_mixin.py:137} INFO - Failed to extract with Nanonets API. Status Code: 401
[2024-10-04T16:06:24.062+0000] {logging_mixin.py:137} INFO - Failed to extract with Nanonets API. Status Code: 401
[2024-10-04T16:06:24.670+0000] {logging_mixin.py:137} INFO - Failed to extract with Nanonets API. Status Code: 401
[2024-10-04T16:06:25.182+0000] {logging_mixin.py:137} INFO - Failed to extract with Nanonets API. Status Code: 401
[2024-10-04T16:06:25.694+0000] {logging_mixin.py:137} INFO - Failed to extract with Nanonets API. Status Code: 401
[2024-10-04T16:06:26.373+0000] {logging_mixin.py:137} INFO - Failed to extract with Nanonets API. Status Code: 401
[2024-10-04T16:06:26.872+0000] {logging_mixin.py:137} INFO - Failed to extract with Nanonets API. Status Code: 401
[2024-10-04T16:06:29.930+0000] {logging_mixin.py:137} INFO - Failed to extract with Nanonets API. Status Code: 401
[2024-10-04T16:06:30.628+0000] {logging_mixin.py:137} INFO - Failed to extract with Nanonets API. Status Code: 401
[2024-10-04T16:06:31.116+0000] {logging_mixin.py:137} INFO - Failed to extract with Nanonets API. Status Code: 401
[2024-10-04T16:06:31.603+0000] {logging_mixin.py:137} INFO - Failed to extract with Nanonets API. Status Code: 401
[2024-10-04T16:06:32.102+0000] {logging_mixin.py:137} INFO - Failed to extract with Nanonets API. Status Code: 401
[2024-10-04T16:06:32.103+0000] {python.py:177} INFO - Done. Returned value was: None
[2024-10-04T16:06:32.119+0000] {taskinstance.py:1327} INFO - Marking task as SUCCESS. dag_id=pdf_extraction_stages, task_id=extract_with_nanonets, execution_date=20241004T160611, start_date=20241004T160621, end_date=20241004T160632
[2024-10-04T16:06:32.176+0000] {local_task_job.py:159} INFO - Task exited with return code 0
[2024-10-04T16:06:32.203+0000] {taskinstance.py:2582} INFO - 1 downstream tasks scheduled from follow-on schedule check
