[2024-10-05T14:21:11.857+0000] {taskinstance.py:1087} INFO - Dependencies all met for <TaskInstance: pdf_extraction_stages.upload_to_s3 manual__2024-10-05T14:15:51.506621+00:00 [queued]>
[2024-10-05T14:21:11.868+0000] {taskinstance.py:1087} INFO - Dependencies all met for <TaskInstance: pdf_extraction_stages.upload_to_s3 manual__2024-10-05T14:15:51.506621+00:00 [queued]>
[2024-10-05T14:21:11.868+0000] {taskinstance.py:1283} INFO - 
--------------------------------------------------------------------------------
[2024-10-05T14:21:11.869+0000] {taskinstance.py:1284} INFO - Starting attempt 2 of 2
[2024-10-05T14:21:11.869+0000] {taskinstance.py:1285} INFO - 
--------------------------------------------------------------------------------
[2024-10-05T14:21:11.884+0000] {taskinstance.py:1304} INFO - Executing <Task(PythonOperator): upload_to_s3> on 2024-10-05 14:15:51.506621+00:00
[2024-10-05T14:21:11.889+0000] {standard_task_runner.py:55} INFO - Started process 14246 to run task
[2024-10-05T14:21:11.891+0000] {standard_task_runner.py:82} INFO - Running: ['***', 'tasks', 'run', 'pdf_extraction_stages', 'upload_to_s3', 'manual__2024-10-05T14:15:51.506621+00:00', '--job-id', '119', '--raw', '--subdir', 'DAGS_FOLDER/PDF-ETL.py', '--cfg-path', '/tmp/tmp9tj5pctv']
[2024-10-05T14:21:11.893+0000] {standard_task_runner.py:83} INFO - Job 119: Subtask upload_to_s3
[2024-10-05T14:21:11.918+0000] {logging_mixin.py:137} WARNING - /home/***/.local/lib/python3.7/site-packages/***/settings.py:249 DeprecationWarning: The sql_alchemy_conn option in [core] has been moved to the sql_alchemy_conn option in [database] - the old setting has been used, but please update your config.
[2024-10-05T14:21:12.001+0000] {task_command.py:389} INFO - Running <TaskInstance: pdf_extraction_stages.upload_to_s3 manual__2024-10-05T14:15:51.506621+00:00 [running]> on host 93d8e18bedbe
[2024-10-05T14:21:12.115+0000] {taskinstance.py:1513} INFO - Exporting the following env vars:
AIRFLOW_CTX_DAG_OWNER=***
AIRFLOW_CTX_DAG_ID=pdf_extraction_stages
AIRFLOW_CTX_TASK_ID=upload_to_s3
AIRFLOW_CTX_EXECUTION_DATE=2024-10-05T14:15:51.506621+00:00
AIRFLOW_CTX_TRY_NUMBER=2
AIRFLOW_CTX_DAG_RUN_ID=manual__2024-10-05T14:15:51.506621+00:00
[2024-10-05T14:21:12.274+0000] {taskinstance.py:1772} ERROR - Task failed with exception
Traceback (most recent call last):
  File "/home/airflow/.local/lib/python3.7/site-packages/airflow/operators/python.py", line 175, in execute
    return_value = self.execute_callable()
  File "/home/airflow/.local/lib/python3.7/site-packages/airflow/operators/python.py", line 192, in execute_callable
    return self.python_callable(*self.op_args, **self.op_kwargs)
  File "/opt/airflow/dags/PDF-ETL.py", line 113, in upload_to_s3
    nanonets_s3_key = f'nanonets/{os.path.basename(nanonets_output_path)}'
  File "/usr/local/lib/python3.7/posixpath.py", line 146, in basename
    p = os.fspath(p)
TypeError: expected str, bytes or os.PathLike object, not NoneType
[2024-10-05T14:21:12.293+0000] {taskinstance.py:1327} INFO - Marking task as FAILED. dag_id=pdf_extraction_stages, task_id=upload_to_s3, execution_date=20241005T141551, start_date=20241005T142111, end_date=20241005T142112
[2024-10-05T14:21:12.307+0000] {standard_task_runner.py:105} ERROR - Failed to execute job 119 for task upload_to_s3 (expected str, bytes or os.PathLike object, not NoneType; 14246)
[2024-10-05T14:21:12.344+0000] {local_task_job.py:159} INFO - Task exited with return code 1
[2024-10-05T14:21:12.370+0000] {taskinstance.py:2582} INFO - 0 downstream tasks scheduled from follow-on schedule check
