[2024-10-07T04:00:05.643+0000] {taskinstance.py:1087} INFO - Dependencies all met for <TaskInstance: pdf_extraction_with_pymupdf_and_convertapi_and_embeddings.extract_with_pymupdf manual__2024-10-07T03:59:58.530927+00:00 [queued]>
[2024-10-07T04:00:05.652+0000] {taskinstance.py:1087} INFO - Dependencies all met for <TaskInstance: pdf_extraction_with_pymupdf_and_convertapi_and_embeddings.extract_with_pymupdf manual__2024-10-07T03:59:58.530927+00:00 [queued]>
[2024-10-07T04:00:05.652+0000] {taskinstance.py:1283} INFO - 
--------------------------------------------------------------------------------
[2024-10-07T04:00:05.653+0000] {taskinstance.py:1284} INFO - Starting attempt 1 of 3
[2024-10-07T04:00:05.653+0000] {taskinstance.py:1285} INFO - 
--------------------------------------------------------------------------------
[2024-10-07T04:00:05.669+0000] {taskinstance.py:1304} INFO - Executing <Task(PythonOperator): extract_with_pymupdf> on 2024-10-07 03:59:58.530927+00:00
[2024-10-07T04:00:05.674+0000] {standard_task_runner.py:55} INFO - Started process 2275 to run task
[2024-10-07T04:00:05.677+0000] {standard_task_runner.py:82} INFO - Running: ['***', 'tasks', 'run', 'pdf_extraction_with_pymupdf_and_convertapi_and_embeddings', 'extract_with_pymupdf', 'manual__2024-10-07T03:59:58.530927+00:00', '--job-id', '366', '--raw', '--subdir', 'DAGS_FOLDER/ETL-ConvertAPI.py', '--cfg-path', '/tmp/tmpobn_81_6']
[2024-10-07T04:00:05.678+0000] {standard_task_runner.py:83} INFO - Job 366: Subtask extract_with_pymupdf
[2024-10-07T04:00:05.701+0000] {logging_mixin.py:137} WARNING - /home/***/.local/lib/python3.7/site-packages/***/settings.py:249 DeprecationWarning: The sql_alchemy_conn option in [core] has been moved to the sql_alchemy_conn option in [database] - the old setting has been used, but please update your config.
[2024-10-07T04:00:05.816+0000] {task_command.py:389} INFO - Running <TaskInstance: pdf_extraction_with_pymupdf_and_convertapi_and_embeddings.extract_with_pymupdf manual__2024-10-07T03:59:58.530927+00:00 [running]> on host 1350c74cd1fb
[2024-10-07T04:00:05.942+0000] {taskinstance.py:1513} INFO - Exporting the following env vars:
AIRFLOW_CTX_DAG_OWNER=***
AIRFLOW_CTX_DAG_ID=pdf_extraction_with_pymupdf_and_convertapi_and_embeddings
AIRFLOW_CTX_TASK_ID=extract_with_pymupdf
AIRFLOW_CTX_EXECUTION_DATE=2024-10-07T03:59:58.530927+00:00
AIRFLOW_CTX_TRY_NUMBER=1
AIRFLOW_CTX_DAG_RUN_ID=manual__2024-10-07T03:59:58.530927+00:00
[2024-10-07T04:00:05.977+0000] {logging_mixin.py:137} INFO - Extracted data with PyMuPDF stored at /tmp/pymupdf_021a5339-744f-42b7-bd9b-9368b3efda7a.pdf.json
[2024-10-07T04:00:06.051+0000] {logging_mixin.py:137} INFO - Extracted data with PyMuPDF stored at /tmp/pymupdf_example.pdf.json
[2024-10-07T04:00:06.090+0000] {logging_mixin.py:137} INFO - Extracted data with PyMuPDF stored at /tmp/pymupdf_366e2f2b-8632-4ef2-81eb-bc3877489217.pdf.json
[2024-10-07T04:00:06.117+0000] {python.py:177} INFO - Done. Returned value was: None
[2024-10-07T04:00:06.145+0000] {taskinstance.py:1327} INFO - Marking task as SUCCESS. dag_id=pdf_extraction_with_pymupdf_and_convertapi_and_embeddings, task_id=extract_with_pymupdf, execution_date=20241007T035958, start_date=20241007T040005, end_date=20241007T040006
[2024-10-07T04:00:06.170+0000] {local_task_job.py:159} INFO - Task exited with return code 0
[2024-10-07T04:00:06.219+0000] {taskinstance.py:2582} INFO - 1 downstream tasks scheduled from follow-on schedule check
