[2024-10-06T02:57:48.696+0000] {taskinstance.py:1087} INFO - Dependencies all met for <TaskInstance: pdf_extraction_with_dochorizon.extract_with_dochorizon manual__2024-10-06T02:57:41.971319+00:00 [queued]>
[2024-10-06T02:57:48.707+0000] {taskinstance.py:1087} INFO - Dependencies all met for <TaskInstance: pdf_extraction_with_dochorizon.extract_with_dochorizon manual__2024-10-06T02:57:41.971319+00:00 [queued]>
[2024-10-06T02:57:48.707+0000] {taskinstance.py:1283} INFO - 
--------------------------------------------------------------------------------
[2024-10-06T02:57:48.708+0000] {taskinstance.py:1284} INFO - Starting attempt 1 of 2
[2024-10-06T02:57:48.708+0000] {taskinstance.py:1285} INFO - 
--------------------------------------------------------------------------------
[2024-10-06T02:57:48.725+0000] {taskinstance.py:1304} INFO - Executing <Task(PythonOperator): extract_with_dochorizon> on 2024-10-06 02:57:41.971319+00:00
[2024-10-06T02:57:48.730+0000] {standard_task_runner.py:55} INFO - Started process 1744 to run task
[2024-10-06T02:57:48.732+0000] {standard_task_runner.py:82} INFO - Running: ['***', 'tasks', 'run', 'pdf_extraction_with_dochorizon', 'extract_with_dochorizon', 'manual__2024-10-06T02:57:41.971319+00:00', '--job-id', '168', '--raw', '--subdir', 'DAGS_FOLDER/PDF-Klippa.py', '--cfg-path', '/tmp/tmpu3o787vj']
[2024-10-06T02:57:48.734+0000] {standard_task_runner.py:83} INFO - Job 168: Subtask extract_with_dochorizon
[2024-10-06T02:57:48.759+0000] {logging_mixin.py:137} WARNING - /home/***/.local/lib/python3.7/site-packages/***/settings.py:249 DeprecationWarning: The sql_alchemy_conn option in [core] has been moved to the sql_alchemy_conn option in [database] - the old setting has been used, but please update your config.
[2024-10-06T02:57:48.839+0000] {task_command.py:389} INFO - Running <TaskInstance: pdf_extraction_with_dochorizon.extract_with_dochorizon manual__2024-10-06T02:57:41.971319+00:00 [running]> on host c14bde59b801
[2024-10-06T02:57:48.941+0000] {taskinstance.py:1513} INFO - Exporting the following env vars:
AIRFLOW_CTX_DAG_OWNER=***
AIRFLOW_CTX_DAG_ID=pdf_extraction_with_dochorizon
AIRFLOW_CTX_TASK_ID=extract_with_dochorizon
AIRFLOW_CTX_EXECUTION_DATE=2024-10-06T02:57:41.971319+00:00
AIRFLOW_CTX_TRY_NUMBER=1
AIRFLOW_CTX_DAG_RUN_ID=manual__2024-10-06T02:57:41.971319+00:00
[2024-10-06T02:57:49.716+0000] {logging_mixin.py:137} INFO - Failed to extract with DocHorizon components API. Status Code: 403
[2024-10-06T02:57:50.044+0000] {logging_mixin.py:137} INFO - Failed to extract with DocHorizon info API. Status Code: 403
[2024-10-06T02:57:50.597+0000] {logging_mixin.py:137} INFO - Failed to extract with DocHorizon components API. Status Code: 403
[2024-10-06T02:57:50.917+0000] {logging_mixin.py:137} INFO - Failed to extract with DocHorizon info API. Status Code: 403
[2024-10-06T02:57:51.451+0000] {logging_mixin.py:137} INFO - Failed to extract with DocHorizon components API. Status Code: 403
[2024-10-06T02:57:51.794+0000] {logging_mixin.py:137} INFO - Failed to extract with DocHorizon info API. Status Code: 403
[2024-10-06T02:57:52.444+0000] {logging_mixin.py:137} INFO - Failed to extract with DocHorizon components API. Status Code: 403
[2024-10-06T02:57:52.772+0000] {logging_mixin.py:137} INFO - Failed to extract with DocHorizon info API. Status Code: 403
[2024-10-06T02:57:53.320+0000] {logging_mixin.py:137} INFO - Failed to extract with DocHorizon components API. Status Code: 403
[2024-10-06T02:57:53.650+0000] {logging_mixin.py:137} INFO - Failed to extract with DocHorizon info API. Status Code: 403
[2024-10-06T02:57:54.231+0000] {logging_mixin.py:137} INFO - Failed to extract with DocHorizon components API. Status Code: 403
[2024-10-06T02:57:54.568+0000] {logging_mixin.py:137} INFO - Failed to extract with DocHorizon info API. Status Code: 403
[2024-10-06T02:57:55.323+0000] {logging_mixin.py:137} INFO - Failed to extract with DocHorizon components API. Status Code: 403
[2024-10-06T02:57:55.665+0000] {logging_mixin.py:137} INFO - Failed to extract with DocHorizon info API. Status Code: 403
[2024-10-06T02:57:56.234+0000] {logging_mixin.py:137} INFO - Failed to extract with DocHorizon components API. Status Code: 403
[2024-10-06T02:57:56.571+0000] {logging_mixin.py:137} INFO - Failed to extract with DocHorizon info API. Status Code: 403
[2024-10-06T02:57:57.138+0000] {logging_mixin.py:137} INFO - Failed to extract with DocHorizon components API. Status Code: 403
[2024-10-06T02:57:57.468+0000] {logging_mixin.py:137} INFO - Failed to extract with DocHorizon info API. Status Code: 403
[2024-10-06T02:57:58.004+0000] {logging_mixin.py:137} INFO - Failed to extract with DocHorizon components API. Status Code: 403
[2024-10-06T02:57:58.332+0000] {logging_mixin.py:137} INFO - Failed to extract with DocHorizon info API. Status Code: 403
[2024-10-06T02:57:58.891+0000] {logging_mixin.py:137} INFO - Failed to extract with DocHorizon components API. Status Code: 403
[2024-10-06T02:57:59.340+0000] {logging_mixin.py:137} INFO - Failed to extract with DocHorizon info API. Status Code: 403
[2024-10-06T02:57:59.897+0000] {logging_mixin.py:137} INFO - Failed to extract with DocHorizon components API. Status Code: 403
[2024-10-06T02:58:00.229+0000] {logging_mixin.py:137} INFO - Failed to extract with DocHorizon info API. Status Code: 403
[2024-10-06T02:58:00.230+0000] {python.py:177} INFO - Done. Returned value was: None
[2024-10-06T02:58:00.249+0000] {taskinstance.py:1327} INFO - Marking task as SUCCESS. dag_id=pdf_extraction_with_dochorizon, task_id=extract_with_dochorizon, execution_date=20241006T025741, start_date=20241006T025748, end_date=20241006T025800
[2024-10-06T02:58:00.280+0000] {local_task_job.py:159} INFO - Task exited with return code 0
[2024-10-06T02:58:00.310+0000] {taskinstance.py:2582} INFO - 1 downstream tasks scheduled from follow-on schedule check
