[2024-10-07T03:59:22.570+0000] {taskinstance.py:1087} INFO - Dependencies all met for <TaskInstance: pdf_extraction_with_pymupdf_and_convertapi_and_embeddings.extract_with_convertapi manual__2024-10-07T03:59:14.066422+00:00 [queued]>
[2024-10-07T03:59:22.580+0000] {taskinstance.py:1087} INFO - Dependencies all met for <TaskInstance: pdf_extraction_with_pymupdf_and_convertapi_and_embeddings.extract_with_convertapi manual__2024-10-07T03:59:14.066422+00:00 [queued]>
[2024-10-07T03:59:22.580+0000] {taskinstance.py:1283} INFO - 
--------------------------------------------------------------------------------
[2024-10-07T03:59:22.581+0000] {taskinstance.py:1284} INFO - Starting attempt 1 of 3
[2024-10-07T03:59:22.581+0000] {taskinstance.py:1285} INFO - 
--------------------------------------------------------------------------------
[2024-10-07T03:59:22.603+0000] {taskinstance.py:1304} INFO - Executing <Task(PythonOperator): extract_with_convertapi> on 2024-10-07 03:59:14.066422+00:00
[2024-10-07T03:59:22.609+0000] {standard_task_runner.py:55} INFO - Started process 2215 to run task
[2024-10-07T03:59:22.612+0000] {standard_task_runner.py:82} INFO - Running: ['***', 'tasks', 'run', 'pdf_extraction_with_pymupdf_and_convertapi_and_embeddings', 'extract_with_convertapi', 'manual__2024-10-07T03:59:14.066422+00:00', '--job-id', '360', '--raw', '--subdir', 'DAGS_FOLDER/ETL-ConvertAPI.py', '--cfg-path', '/tmp/tmpu1asppis']
[2024-10-07T03:59:22.613+0000] {standard_task_runner.py:83} INFO - Job 360: Subtask extract_with_convertapi
[2024-10-07T03:59:22.637+0000] {logging_mixin.py:137} WARNING - /home/***/.local/lib/python3.7/site-packages/***/settings.py:249 DeprecationWarning: The sql_alchemy_conn option in [core] has been moved to the sql_alchemy_conn option in [database] - the old setting has been used, but please update your config.
[2024-10-07T03:59:22.724+0000] {task_command.py:389} INFO - Running <TaskInstance: pdf_extraction_with_pymupdf_and_convertapi_and_embeddings.extract_with_convertapi manual__2024-10-07T03:59:14.066422+00:00 [running]> on host 1350c74cd1fb
[2024-10-07T03:59:22.844+0000] {taskinstance.py:1513} INFO - Exporting the following env vars:
AIRFLOW_CTX_DAG_OWNER=***
AIRFLOW_CTX_DAG_ID=pdf_extraction_with_pymupdf_and_convertapi_and_embeddings
AIRFLOW_CTX_TASK_ID=extract_with_convertapi
AIRFLOW_CTX_EXECUTION_DATE=2024-10-07T03:59:14.066422+00:00
AIRFLOW_CTX_TRY_NUMBER=1
AIRFLOW_CTX_DAG_RUN_ID=manual__2024-10-07T03:59:14.066422+00:00
[2024-10-07T03:59:24.514+0000] {logging_mixin.py:137} INFO - No images found in 021a5339-744f-42b7-bd9b-9368b3efda7a.pdf
[2024-10-07T03:59:24.517+0000] {logging_mixin.py:137} INFO - Extracted data with ConvertAPI stored at /tmp/convertapi_021a5339-744f-42b7-bd9b-9368b3efda7a.pdf.json
[2024-10-07T03:59:27.516+0000] {logging_mixin.py:137} INFO - Extracted data with ConvertAPI stored at /tmp/convertapi_example.pdf.json
[2024-10-07T03:59:28.646+0000] {logging_mixin.py:137} INFO - No images found in 366e2f2b-8632-4ef2-81eb-bc3877489217.pdf
[2024-10-07T03:59:28.647+0000] {logging_mixin.py:137} INFO - Extracted data with ConvertAPI stored at /tmp/convertapi_366e2f2b-8632-4ef2-81eb-bc3877489217.pdf.json
[2024-10-07T03:59:28.681+0000] {python.py:177} INFO - Done. Returned value was: None
[2024-10-07T03:59:28.712+0000] {taskinstance.py:1327} INFO - Marking task as SUCCESS. dag_id=pdf_extraction_with_pymupdf_and_convertapi_and_embeddings, task_id=extract_with_convertapi, execution_date=20241007T035914, start_date=20241007T035922, end_date=20241007T035928
[2024-10-07T03:59:28.753+0000] {local_task_job.py:159} INFO - Task exited with return code 0
[2024-10-07T03:59:28.791+0000] {taskinstance.py:2582} INFO - 0 downstream tasks scheduled from follow-on schedule check
