[2024-10-06T05:03:41.596+0000] {taskinstance.py:1087} INFO - Dependencies all met for <TaskInstance: pdf_extraction_with_dochorizon.list_pdfs_in_s3 manual__2024-10-06T05:03:40.613840+00:00 [queued]>
[2024-10-06T05:03:41.606+0000] {taskinstance.py:1087} INFO - Dependencies all met for <TaskInstance: pdf_extraction_with_dochorizon.list_pdfs_in_s3 manual__2024-10-06T05:03:40.613840+00:00 [queued]>
[2024-10-06T05:03:41.606+0000] {taskinstance.py:1283} INFO - 
--------------------------------------------------------------------------------
[2024-10-06T05:03:41.606+0000] {taskinstance.py:1284} INFO - Starting attempt 1 of 2
[2024-10-06T05:03:41.607+0000] {taskinstance.py:1285} INFO - 
--------------------------------------------------------------------------------
[2024-10-06T05:03:41.621+0000] {taskinstance.py:1304} INFO - Executing <Task(PythonOperator): list_pdfs_in_s3> on 2024-10-06 05:03:40.613840+00:00
[2024-10-06T05:03:41.625+0000] {standard_task_runner.py:55} INFO - Started process 4672 to run task
[2024-10-06T05:03:41.627+0000] {standard_task_runner.py:82} INFO - Running: ['***', 'tasks', 'run', 'pdf_extraction_with_dochorizon', 'list_pdfs_in_s3', 'manual__2024-10-06T05:03:40.613840+00:00', '--job-id', '228', '--raw', '--subdir', 'DAGS_FOLDER/PDF-Klippa.py', '--cfg-path', '/tmp/tmp6am9jf0n']
[2024-10-06T05:03:41.629+0000] {standard_task_runner.py:83} INFO - Job 228: Subtask list_pdfs_in_s3
[2024-10-06T05:03:41.651+0000] {logging_mixin.py:137} WARNING - /home/***/.local/lib/python3.7/site-packages/***/settings.py:249 DeprecationWarning: The sql_alchemy_conn option in [core] has been moved to the sql_alchemy_conn option in [database] - the old setting has been used, but please update your config.
[2024-10-06T05:03:41.730+0000] {task_command.py:389} INFO - Running <TaskInstance: pdf_extraction_with_dochorizon.list_pdfs_in_s3 manual__2024-10-06T05:03:40.613840+00:00 [running]> on host c14bde59b801
[2024-10-06T05:03:41.831+0000] {taskinstance.py:1513} INFO - Exporting the following env vars:
AIRFLOW_CTX_DAG_OWNER=***
AIRFLOW_CTX_DAG_ID=pdf_extraction_with_dochorizon
AIRFLOW_CTX_TASK_ID=list_pdfs_in_s3
AIRFLOW_CTX_EXECUTION_DATE=2024-10-06T05:03:40.613840+00:00
AIRFLOW_CTX_TRY_NUMBER=1
AIRFLOW_CTX_DAG_RUN_ID=manual__2024-10-06T05:03:40.613840+00:00
[2024-10-06T05:03:42.124+0000] {logging_mixin.py:137} INFO - PDF files found in gaia-pdf-unprocessed: ['gaia/2023/test/021a5339-744f-42b7-bd9b-9368b3efda7a.pdf', 'gaia/2023/test/32f386b9-73ee-4455-b412-ddad508aa979.pdf', 'gaia/2023/test/4044eab7-1282-42bd-a559-3bf3a4d5858e.pdf', 'gaia/2023/test/634fca59-03b2-4cdf-9ce4-0205df22f256.pdf', 'gaia/2023/test/680d7d77-c0c7-49c8-88fd-f8ec623645e9.pdf', 'gaia/2023/test/7c215d46-91c7-424e-9f22-37d43ab73ea6.pdf', 'gaia/2023/test/8f697523-6988-4c4f-8d72-760a45681f68.pdf', 'gaia/2023/test/b3654e47-4307-442c-a09c-945b33b913c6.pdf', 'gaia/2023/test/c4456885-2f03-436f-8fe9-0b4ca6822cdb.pdf', 'gaia/2023/validation/366e2f2b-8632-4ef2-81eb-bc3877489217.pdf', 'gaia/2023/validation/67e8878b-5cef-4375-804e-e6291fdbe78a.pdf', 'gaia/2023/validation/e9a2c537-8232-4c3f-85b0-b52de6bcba99.pdf']
[2024-10-06T05:03:42.151+0000] {python.py:177} INFO - Done. Returned value was: None
[2024-10-06T05:03:42.170+0000] {taskinstance.py:1327} INFO - Marking task as SUCCESS. dag_id=pdf_extraction_with_dochorizon, task_id=list_pdfs_in_s3, execution_date=20241006T050340, start_date=20241006T050341, end_date=20241006T050342
[2024-10-06T05:03:42.201+0000] {local_task_job.py:159} INFO - Task exited with return code 0
[2024-10-06T05:03:42.236+0000] {taskinstance.py:2582} INFO - 1 downstream tasks scheduled from follow-on schedule check
