[2024-10-05T14:53:38.863+0000] {taskinstance.py:1087} INFO - Dependencies all met for <TaskInstance: pdf_extraction_with_klippa.extract_with_klippa manual__2024-10-05T14:53:29.498039+00:00 [queued]>
[2024-10-05T14:53:38.873+0000] {taskinstance.py:1087} INFO - Dependencies all met for <TaskInstance: pdf_extraction_with_klippa.extract_with_klippa manual__2024-10-05T14:53:29.498039+00:00 [queued]>
[2024-10-05T14:53:38.874+0000] {taskinstance.py:1283} INFO - 
--------------------------------------------------------------------------------
[2024-10-05T14:53:38.874+0000] {taskinstance.py:1284} INFO - Starting attempt 1 of 2
[2024-10-05T14:53:38.875+0000] {taskinstance.py:1285} INFO - 
--------------------------------------------------------------------------------
[2024-10-05T14:53:38.889+0000] {taskinstance.py:1304} INFO - Executing <Task(PythonOperator): extract_with_klippa> on 2024-10-05 14:53:29.498039+00:00
[2024-10-05T14:53:38.893+0000] {standard_task_runner.py:55} INFO - Started process 14619 to run task
[2024-10-05T14:53:38.895+0000] {standard_task_runner.py:82} INFO - Running: ['***', 'tasks', 'run', 'pdf_extraction_with_klippa', 'extract_with_klippa', 'manual__2024-10-05T14:53:29.498039+00:00', '--job-id', '124', '--raw', '--subdir', 'DAGS_FOLDER/PDF-Klippa.py', '--cfg-path', '/tmp/tmpskdxg4ah']
[2024-10-05T14:53:38.897+0000] {standard_task_runner.py:83} INFO - Job 124: Subtask extract_with_klippa
[2024-10-05T14:53:38.919+0000] {logging_mixin.py:137} WARNING - /home/***/.local/lib/python3.7/site-packages/***/settings.py:249 DeprecationWarning: The sql_alchemy_conn option in [core] has been moved to the sql_alchemy_conn option in [database] - the old setting has been used, but please update your config.
[2024-10-05T14:53:38.991+0000] {task_command.py:389} INFO - Running <TaskInstance: pdf_extraction_with_klippa.extract_with_klippa manual__2024-10-05T14:53:29.498039+00:00 [running]> on host 93d8e18bedbe
[2024-10-05T14:53:39.087+0000] {taskinstance.py:1513} INFO - Exporting the following env vars:
AIRFLOW_CTX_DAG_OWNER=***
AIRFLOW_CTX_DAG_ID=pdf_extraction_with_klippa
AIRFLOW_CTX_TASK_ID=extract_with_klippa
AIRFLOW_CTX_EXECUTION_DATE=2024-10-05T14:53:29.498039+00:00
AIRFLOW_CTX_TRY_NUMBER=1
AIRFLOW_CTX_DAG_RUN_ID=manual__2024-10-05T14:53:29.498039+00:00
[2024-10-05T14:53:39.959+0000] {logging_mixin.py:137} INFO - Failed to extract with Klippa API. Status Code: 405
[2024-10-05T14:53:40.458+0000] {logging_mixin.py:137} INFO - Failed to extract with Klippa API. Status Code: 405
[2024-10-05T14:53:40.984+0000] {logging_mixin.py:137} INFO - Failed to extract with Klippa API. Status Code: 405
[2024-10-05T14:53:41.573+0000] {logging_mixin.py:137} INFO - Failed to extract with Klippa API. Status Code: 405
[2024-10-05T14:53:42.083+0000] {logging_mixin.py:137} INFO - Failed to extract with Klippa API. Status Code: 405
[2024-10-05T14:53:42.583+0000] {logging_mixin.py:137} INFO - Failed to extract with Klippa API. Status Code: 405
[2024-10-05T14:53:43.278+0000] {logging_mixin.py:137} INFO - Failed to extract with Klippa API. Status Code: 405
[2024-10-05T14:53:43.769+0000] {logging_mixin.py:137} INFO - Failed to extract with Klippa API. Status Code: 405
[2024-10-05T14:53:45.633+0000] {logging_mixin.py:137} INFO - Failed to extract with Klippa API. Status Code: 413
[2024-10-05T14:53:46.264+0000] {logging_mixin.py:137} INFO - Failed to extract with Klippa API. Status Code: 405
[2024-10-05T14:53:46.772+0000] {logging_mixin.py:137} INFO - Failed to extract with Klippa API. Status Code: 405
[2024-10-05T14:53:47.272+0000] {logging_mixin.py:137} INFO - Failed to extract with Klippa API. Status Code: 405
[2024-10-05T14:53:47.772+0000] {logging_mixin.py:137} INFO - Failed to extract with Klippa API. Status Code: 405
[2024-10-05T14:53:47.773+0000] {python.py:177} INFO - Done. Returned value was: None
[2024-10-05T14:53:47.790+0000] {taskinstance.py:1327} INFO - Marking task as SUCCESS. dag_id=pdf_extraction_with_klippa, task_id=extract_with_klippa, execution_date=20241005T145329, start_date=20241005T145338, end_date=20241005T145347
[2024-10-05T14:53:47.848+0000] {local_task_job.py:159} INFO - Task exited with return code 0
[2024-10-05T14:53:47.877+0000] {taskinstance.py:2582} INFO - 1 downstream tasks scheduled from follow-on schedule check
