[2024-10-07T22:45:39.363+0000] {taskinstance.py:1165} INFO - Dependencies all met for <TaskInstance: pdf_extraction_with_pymupdf_and_convertapi.extract_with_convertapi manual__2024-10-07T22:45:33.474598+00:00 [queued]>
[2024-10-07T22:45:39.372+0000] {taskinstance.py:1165} INFO - Dependencies all met for <TaskInstance: pdf_extraction_with_pymupdf_and_convertapi.extract_with_convertapi manual__2024-10-07T22:45:33.474598+00:00 [queued]>
[2024-10-07T22:45:39.372+0000] {taskinstance.py:1362} INFO - 
--------------------------------------------------------------------------------
[2024-10-07T22:45:39.372+0000] {taskinstance.py:1363} INFO - Starting attempt 1 of 3
[2024-10-07T22:45:39.373+0000] {taskinstance.py:1364} INFO - 
--------------------------------------------------------------------------------
[2024-10-07T22:45:39.388+0000] {taskinstance.py:1383} INFO - Executing <Task(PythonOperator): extract_with_convertapi> on 2024-10-07 22:45:33.474598+00:00
[2024-10-07T22:45:39.394+0000] {standard_task_runner.py:55} INFO - Started process 16753 to run task
[2024-10-07T22:45:39.396+0000] {standard_task_runner.py:82} INFO - Running: ['***', 'tasks', 'run', 'pdf_extraction_with_pymupdf_and_convertapi', 'extract_with_convertapi', 'manual__2024-10-07T22:45:33.474598+00:00', '--job-id', '115', '--raw', '--subdir', 'DAGS_FOLDER/ETL-ConvertAPI.py', '--cfg-path', '/tmp/tmp8c5b0hz6']
[2024-10-07T22:45:39.397+0000] {standard_task_runner.py:83} INFO - Job 115: Subtask extract_with_convertapi
[2024-10-07T22:45:39.537+0000] {task_command.py:376} INFO - Running <TaskInstance: pdf_extraction_with_pymupdf_and_convertapi.extract_with_convertapi manual__2024-10-07T22:45:33.474598+00:00 [running]> on host 65f7b1aa1c1b
[2024-10-07T22:45:39.646+0000] {taskinstance.py:1590} INFO - Exporting the following env vars:
AIRFLOW_CTX_DAG_OWNER=***
AIRFLOW_CTX_DAG_ID=pdf_extraction_with_pymupdf_and_convertapi
AIRFLOW_CTX_TASK_ID=extract_with_convertapi
AIRFLOW_CTX_EXECUTION_DATE=2024-10-07T22:45:33.474598+00:00
AIRFLOW_CTX_TRY_NUMBER=1
AIRFLOW_CTX_DAG_RUN_ID=manual__2024-10-07T22:45:33.474598+00:00
[2024-10-07T22:45:41.181+0000] {logging_mixin.py:137} INFO - No images found in 021a5339-744f-42b7-bd9b-9368b3efda7a.pdf
[2024-10-07T22:45:41.182+0000] {logging_mixin.py:137} INFO - ConvertAPI text stored at /tmp/convertapi_021a5339-744f-42b7-bd9b-9368b3efda7a.pdf.json
[2024-10-07T22:45:41.185+0000] {logging_mixin.py:137} INFO - ConvertAPI tables stored at /tmp/convertapi_021a5339-744f-42b7-bd9b-9368b3efda7a.pdf.csv
[2024-10-07T22:45:46.470+0000] {logging_mixin.py:137} INFO - ConvertAPI text stored at /tmp/convertapi_example.pdf.json
[2024-10-07T22:45:46.471+0000] {logging_mixin.py:137} INFO - ConvertAPI tables stored at /tmp/convertapi_example.pdf.csv
[2024-10-07T22:45:46.472+0000] {logging_mixin.py:137} INFO - ConvertAPI image stored at /tmp/convertapi_example.pdf_example-page1-image1.png
[2024-10-07T22:45:47.557+0000] {logging_mixin.py:137} INFO - No images found in 366e2f2b-8632-4ef2-81eb-bc3877489217.pdf
[2024-10-07T22:45:47.558+0000] {logging_mixin.py:137} INFO - ConvertAPI text stored at /tmp/convertapi_366e2f2b-8632-4ef2-81eb-bc3877489217.pdf.json
[2024-10-07T22:45:47.559+0000] {logging_mixin.py:137} INFO - ConvertAPI tables stored at /tmp/convertapi_366e2f2b-8632-4ef2-81eb-bc3877489217.pdf.csv
[2024-10-07T22:45:47.609+0000] {python.py:177} INFO - Done. Returned value was: None
[2024-10-07T22:45:47.624+0000] {taskinstance.py:1401} INFO - Marking task as SUCCESS. dag_id=pdf_extraction_with_pymupdf_and_convertapi, task_id=extract_with_convertapi, execution_date=20241007T224533, start_date=20241007T224539, end_date=20241007T224547
[2024-10-07T22:45:47.669+0000] {local_task_job.py:159} INFO - Task exited with return code 0
[2024-10-07T22:45:47.706+0000] {taskinstance.py:2623} INFO - 0 downstream tasks scheduled from follow-on schedule check
