[2024-10-08T04:13:35.580+0000] {taskinstance.py:1165} INFO - Dependencies all met for <TaskInstance: pdf_extraction_with_pymupdf_and_convertapi.extract_with_pymupdf manual__2024-10-08T04:13:27.138433+00:00 [queued]>
[2024-10-08T04:13:35.590+0000] {taskinstance.py:1165} INFO - Dependencies all met for <TaskInstance: pdf_extraction_with_pymupdf_and_convertapi.extract_with_pymupdf manual__2024-10-08T04:13:27.138433+00:00 [queued]>
[2024-10-08T04:13:35.590+0000] {taskinstance.py:1362} INFO - 
--------------------------------------------------------------------------------
[2024-10-08T04:13:35.591+0000] {taskinstance.py:1363} INFO - Starting attempt 1 of 3
[2024-10-08T04:13:35.591+0000] {taskinstance.py:1364} INFO - 
--------------------------------------------------------------------------------
[2024-10-08T04:13:35.607+0000] {taskinstance.py:1383} INFO - Executing <Task(PythonOperator): extract_with_pymupdf> on 2024-10-08 04:13:27.138433+00:00
[2024-10-08T04:13:35.614+0000] {standard_task_runner.py:55} INFO - Started process 30403 to run task
[2024-10-08T04:13:35.616+0000] {standard_task_runner.py:82} INFO - Running: ['***', 'tasks', 'run', 'pdf_extraction_with_pymupdf_and_convertapi', 'extract_with_pymupdf', 'manual__2024-10-08T04:13:27.138433+00:00', '--job-id', '131', '--raw', '--subdir', 'DAGS_FOLDER/ETL-ConvertAPI.py', '--cfg-path', '/tmp/tmpjc_81ylz']
[2024-10-08T04:13:35.618+0000] {standard_task_runner.py:83} INFO - Job 131: Subtask extract_with_pymupdf
[2024-10-08T04:13:35.720+0000] {task_command.py:376} INFO - Running <TaskInstance: pdf_extraction_with_pymupdf_and_convertapi.extract_with_pymupdf manual__2024-10-08T04:13:27.138433+00:00 [running]> on host 65f7b1aa1c1b
[2024-10-08T04:13:35.818+0000] {taskinstance.py:1590} INFO - Exporting the following env vars:
AIRFLOW_CTX_DAG_OWNER=***
AIRFLOW_CTX_DAG_ID=pdf_extraction_with_pymupdf_and_convertapi
AIRFLOW_CTX_TASK_ID=extract_with_pymupdf
AIRFLOW_CTX_EXECUTION_DATE=2024-10-08T04:13:27.138433+00:00
AIRFLOW_CTX_TRY_NUMBER=1
AIRFLOW_CTX_DAG_RUN_ID=manual__2024-10-08T04:13:27.138433+00:00
[2024-10-08T04:13:35.869+0000] {logging_mixin.py:137} INFO - Extracted text stored at /tmp/pymupdf_021a5339-744f-42b7-bd9b-9368b3efda7a.pdf.json
[2024-10-08T04:13:35.871+0000] {logging_mixin.py:137} INFO - Extracted tables stored at /tmp/pymupdf_021a5339-744f-42b7-bd9b-9368b3efda7a.pdf.csv
[2024-10-08T04:13:35.935+0000] {logging_mixin.py:137} INFO - Extracted text stored at /tmp/pymupdf_32f386b9-73ee-4455-b412-ddad508aa979.pdf.json
[2024-10-08T04:13:35.936+0000] {logging_mixin.py:137} INFO - Extracted tables stored at /tmp/pymupdf_32f386b9-73ee-4455-b412-ddad508aa979.pdf.csv
[2024-10-08T04:13:36.008+0000] {logging_mixin.py:137} INFO - Extracted text stored at /tmp/pymupdf_4044eab7-1282-42bd-a559-3bf3a4d5858e.pdf.json
[2024-10-08T04:13:36.010+0000] {logging_mixin.py:137} INFO - Extracted tables stored at /tmp/pymupdf_4044eab7-1282-42bd-a559-3bf3a4d5858e.pdf.csv
[2024-10-08T04:13:36.089+0000] {logging_mixin.py:137} INFO - Extracted text stored at /tmp/pymupdf_634fca59-03b2-4cdf-9ce4-0205df22f256.pdf.json
[2024-10-08T04:13:36.091+0000] {logging_mixin.py:137} INFO - Extracted tables stored at /tmp/pymupdf_634fca59-03b2-4cdf-9ce4-0205df22f256.pdf.csv
[2024-10-08T04:13:36.155+0000] {logging_mixin.py:137} INFO - Extracted text stored at /tmp/pymupdf_680d7d77-c0c7-49c8-88fd-f8ec623645e9.pdf.json
[2024-10-08T04:13:36.157+0000] {logging_mixin.py:137} INFO - Extracted tables stored at /tmp/pymupdf_680d7d77-c0c7-49c8-88fd-f8ec623645e9.pdf.csv
[2024-10-08T04:13:36.212+0000] {logging_mixin.py:137} INFO - Extracted text stored at /tmp/pymupdf_7c215d46-91c7-424e-9f22-37d43ab73ea6.pdf.json
[2024-10-08T04:13:36.213+0000] {logging_mixin.py:137} INFO - Extracted tables stored at /tmp/pymupdf_7c215d46-91c7-424e-9f22-37d43ab73ea6.pdf.csv
[2024-10-08T04:13:36.349+0000] {logging_mixin.py:137} INFO - Extracted text stored at /tmp/pymupdf_8f697523-6988-4c4f-8d72-760a45681f68.pdf.json
[2024-10-08T04:13:36.352+0000] {logging_mixin.py:137} INFO - Extracted tables stored at /tmp/pymupdf_8f697523-6988-4c4f-8d72-760a45681f68.pdf.csv
[2024-10-08T04:13:36.412+0000] {logging_mixin.py:137} INFO - Extracted text stored at /tmp/pymupdf_b3654e47-4307-442c-a09c-945b33b913c6.pdf.json
[2024-10-08T04:13:36.413+0000] {logging_mixin.py:137} INFO - Extracted tables stored at /tmp/pymupdf_b3654e47-4307-442c-a09c-945b33b913c6.pdf.csv
[2024-10-08T04:13:37.570+0000] {logging_mixin.py:137} INFO - Extracted text stored at /tmp/pymupdf_be353748-74eb-4904-8f17-f180ce087f1a.pdf.json
[2024-10-08T04:13:37.575+0000] {logging_mixin.py:137} INFO - Extracted tables stored at /tmp/pymupdf_be353748-74eb-4904-8f17-f180ce087f1a.pdf.csv
[2024-10-08T04:13:37.665+0000] {logging_mixin.py:137} INFO - Extracted text stored at /tmp/pymupdf_c4456885-2f03-436f-8fe9-0b4ca6822cdb.pdf.json
[2024-10-08T04:13:37.666+0000] {logging_mixin.py:137} INFO - Extracted tables stored at /tmp/pymupdf_c4456885-2f03-436f-8fe9-0b4ca6822cdb.pdf.csv
[2024-10-08T04:13:37.722+0000] {logging_mixin.py:137} INFO - Extracted text stored at /tmp/pymupdf_366e2f2b-8632-4ef2-81eb-bc3877489217.pdf.json
[2024-10-08T04:13:37.723+0000] {logging_mixin.py:137} INFO - Extracted tables stored at /tmp/pymupdf_366e2f2b-8632-4ef2-81eb-bc3877489217.pdf.csv
[2024-10-08T04:13:37.777+0000] {logging_mixin.py:137} INFO - Extracted text stored at /tmp/pymupdf_67e8878b-5cef-4375-804e-e6291fdbe78a.pdf.json
[2024-10-08T04:13:37.777+0000] {logging_mixin.py:137} INFO - Extracted tables stored at /tmp/pymupdf_67e8878b-5cef-4375-804e-e6291fdbe78a.pdf.csv
[2024-10-08T04:13:37.833+0000] {logging_mixin.py:137} INFO - Extracted text stored at /tmp/pymupdf_e9a2c537-8232-4c3f-85b0-b52de6bcba99.pdf.json
[2024-10-08T04:13:37.835+0000] {logging_mixin.py:137} INFO - Extracted tables stored at /tmp/pymupdf_e9a2c537-8232-4c3f-85b0-b52de6bcba99.pdf.csv
[2024-10-08T04:13:37.886+0000] {python.py:177} INFO - Done. Returned value was: None
[2024-10-08T04:13:37.903+0000] {taskinstance.py:1401} INFO - Marking task as SUCCESS. dag_id=pdf_extraction_with_pymupdf_and_convertapi, task_id=extract_with_pymupdf, execution_date=20241008T041327, start_date=20241008T041335, end_date=20241008T041337
[2024-10-08T04:13:37.956+0000] {local_task_job.py:159} INFO - Task exited with return code 0
[2024-10-08T04:13:37.988+0000] {taskinstance.py:2623} INFO - 0 downstream tasks scheduled from follow-on schedule check
