[2024-10-05T14:15:53.978+0000] {taskinstance.py:1087} INFO - Dependencies all met for <TaskInstance: pdf_extraction_stages.download_pdfs manual__2024-10-05T14:15:51.506621+00:00 [queued]>
[2024-10-05T14:15:53.988+0000] {taskinstance.py:1087} INFO - Dependencies all met for <TaskInstance: pdf_extraction_stages.download_pdfs manual__2024-10-05T14:15:51.506621+00:00 [queued]>
[2024-10-05T14:15:53.988+0000] {taskinstance.py:1283} INFO - 
--------------------------------------------------------------------------------
[2024-10-05T14:15:53.988+0000] {taskinstance.py:1284} INFO - Starting attempt 1 of 2
[2024-10-05T14:15:53.989+0000] {taskinstance.py:1285} INFO - 
--------------------------------------------------------------------------------
[2024-10-05T14:15:54.000+0000] {taskinstance.py:1304} INFO - Executing <Task(PythonOperator): download_pdfs> on 2024-10-05 14:15:51.506621+00:00
[2024-10-05T14:15:54.004+0000] {standard_task_runner.py:55} INFO - Started process 14116 to run task
[2024-10-05T14:15:54.006+0000] {standard_task_runner.py:82} INFO - Running: ['***', 'tasks', 'run', 'pdf_extraction_stages', 'download_pdfs', 'manual__2024-10-05T14:15:51.506621+00:00', '--job-id', '107', '--raw', '--subdir', 'DAGS_FOLDER/PDF-ETL.py', '--cfg-path', '/tmp/tmpgidy047e']
[2024-10-05T14:15:54.008+0000] {standard_task_runner.py:83} INFO - Job 107: Subtask download_pdfs
[2024-10-05T14:15:54.029+0000] {logging_mixin.py:137} WARNING - /home/***/.local/lib/python3.7/site-packages/***/settings.py:249 DeprecationWarning: The sql_alchemy_conn option in [core] has been moved to the sql_alchemy_conn option in [database] - the old setting has been used, but please update your config.
[2024-10-05T14:15:54.105+0000] {task_command.py:389} INFO - Running <TaskInstance: pdf_extraction_stages.download_pdfs manual__2024-10-05T14:15:51.506621+00:00 [running]> on host 93d8e18bedbe
[2024-10-05T14:15:54.202+0000] {taskinstance.py:1513} INFO - Exporting the following env vars:
AIRFLOW_CTX_DAG_OWNER=***
AIRFLOW_CTX_DAG_ID=pdf_extraction_stages
AIRFLOW_CTX_TASK_ID=download_pdfs
AIRFLOW_CTX_EXECUTION_DATE=2024-10-05T14:15:51.506621+00:00
AIRFLOW_CTX_TRY_NUMBER=1
AIRFLOW_CTX_DAG_RUN_ID=manual__2024-10-05T14:15:51.506621+00:00
[2024-10-05T14:15:54.581+0000] {logging_mixin.py:137} INFO - Downloaded gaia/2023/test/021a5339-744f-42b7-bd9b-9368b3efda7a.pdf to /tmp/021a5339-744f-42b7-bd9b-9368b3efda7a.pdf
[2024-10-05T14:15:54.691+0000] {logging_mixin.py:137} INFO - Downloaded gaia/2023/test/32f386b9-73ee-4455-b412-ddad508aa979.pdf to /tmp/32f386b9-73ee-4455-b412-ddad508aa979.pdf
[2024-10-05T14:15:54.777+0000] {logging_mixin.py:137} INFO - Downloaded gaia/2023/test/4044eab7-1282-42bd-a559-3bf3a4d5858e.pdf to /tmp/4044eab7-1282-42bd-a559-3bf3a4d5858e.pdf
[2024-10-05T14:15:54.901+0000] {logging_mixin.py:137} INFO - Downloaded gaia/2023/test/634fca59-03b2-4cdf-9ce4-0205df22f256.pdf to /tmp/634fca59-03b2-4cdf-9ce4-0205df22f256.pdf
[2024-10-05T14:15:54.981+0000] {logging_mixin.py:137} INFO - Downloaded gaia/2023/test/680d7d77-c0c7-49c8-88fd-f8ec623645e9.pdf to /tmp/680d7d77-c0c7-49c8-88fd-f8ec623645e9.pdf
[2024-10-05T14:15:55.080+0000] {logging_mixin.py:137} INFO - Downloaded gaia/2023/test/7c215d46-91c7-424e-9f22-37d43ab73ea6.pdf to /tmp/7c215d46-91c7-424e-9f22-37d43ab73ea6.pdf
[2024-10-05T14:15:55.201+0000] {logging_mixin.py:137} INFO - Downloaded gaia/2023/test/8f697523-6988-4c4f-8d72-760a45681f68.pdf to /tmp/8f697523-6988-4c4f-8d72-760a45681f68.pdf
[2024-10-05T14:15:55.292+0000] {logging_mixin.py:137} INFO - Downloaded gaia/2023/test/b3654e47-4307-442c-a09c-945b33b913c6.pdf to /tmp/b3654e47-4307-442c-a09c-945b33b913c6.pdf
[2024-10-05T14:15:56.177+0000] {logging_mixin.py:137} INFO - Downloaded gaia/2023/test/be353748-74eb-4904-8f17-f180ce087f1a.pdf to /tmp/be353748-74eb-4904-8f17-f180ce087f1a.pdf
[2024-10-05T14:15:56.285+0000] {logging_mixin.py:137} INFO - Downloaded gaia/2023/test/c4456885-2f03-436f-8fe9-0b4ca6822cdb.pdf to /tmp/c4456885-2f03-436f-8fe9-0b4ca6822cdb.pdf
[2024-10-05T14:15:56.371+0000] {logging_mixin.py:137} INFO - Downloaded gaia/2023/validation/366e2f2b-8632-4ef2-81eb-bc3877489217.pdf to /tmp/366e2f2b-8632-4ef2-81eb-bc3877489217.pdf
[2024-10-05T14:15:56.455+0000] {logging_mixin.py:137} INFO - Downloaded gaia/2023/validation/67e8878b-5cef-4375-804e-e6291fdbe78a.pdf to /tmp/67e8878b-5cef-4375-804e-e6291fdbe78a.pdf
[2024-10-05T14:15:56.540+0000] {logging_mixin.py:137} INFO - Downloaded gaia/2023/validation/e9a2c537-8232-4c3f-85b0-b52de6bcba99.pdf to /tmp/e9a2c537-8232-4c3f-85b0-b52de6bcba99.pdf
[2024-10-05T14:15:56.540+0000] {python.py:177} INFO - Done. Returned value was: None
[2024-10-05T14:15:56.558+0000] {taskinstance.py:1327} INFO - Marking task as SUCCESS. dag_id=pdf_extraction_stages, task_id=download_pdfs, execution_date=20241005T141551, start_date=20241005T141553, end_date=20241005T141556
[2024-10-05T14:15:56.587+0000] {local_task_job.py:159} INFO - Task exited with return code 0
[2024-10-05T14:15:56.622+0000] {taskinstance.py:2582} INFO - 1 downstream tasks scheduled from follow-on schedule check
