[2024-10-06T02:53:39.689+0000] {taskinstance.py:1087} INFO - Dependencies all met for <TaskInstance: pdf_extraction_with_dochorizon.extract_with_dochorizon manual__2024-10-06T02:53:33.082323+00:00 [queued]>
[2024-10-06T02:53:39.700+0000] {taskinstance.py:1087} INFO - Dependencies all met for <TaskInstance: pdf_extraction_with_dochorizon.extract_with_dochorizon manual__2024-10-06T02:53:33.082323+00:00 [queued]>
[2024-10-06T02:53:39.700+0000] {taskinstance.py:1283} INFO - 
--------------------------------------------------------------------------------
[2024-10-06T02:53:39.701+0000] {taskinstance.py:1284} INFO - Starting attempt 1 of 2
[2024-10-06T02:53:39.701+0000] {taskinstance.py:1285} INFO - 
--------------------------------------------------------------------------------
[2024-10-06T02:53:39.718+0000] {taskinstance.py:1304} INFO - Executing <Task(PythonOperator): extract_with_dochorizon> on 2024-10-06 02:53:33.082323+00:00
[2024-10-06T02:53:39.727+0000] {standard_task_runner.py:55} INFO - Started process 1613 to run task
[2024-10-06T02:53:39.729+0000] {standard_task_runner.py:82} INFO - Running: ['***', 'tasks', 'run', 'pdf_extraction_with_dochorizon', 'extract_with_dochorizon', 'manual__2024-10-06T02:53:33.082323+00:00', '--job-id', '162', '--raw', '--subdir', 'DAGS_FOLDER/PDF-Klippa.py', '--cfg-path', '/tmp/tmp1jtzvdj7']
[2024-10-06T02:53:39.731+0000] {standard_task_runner.py:83} INFO - Job 162: Subtask extract_with_dochorizon
[2024-10-06T02:53:39.755+0000] {logging_mixin.py:137} WARNING - /home/***/.local/lib/python3.7/site-packages/***/settings.py:249 DeprecationWarning: The sql_alchemy_conn option in [core] has been moved to the sql_alchemy_conn option in [database] - the old setting has been used, but please update your config.
[2024-10-06T02:53:39.827+0000] {task_command.py:389} INFO - Running <TaskInstance: pdf_extraction_with_dochorizon.extract_with_dochorizon manual__2024-10-06T02:53:33.082323+00:00 [running]> on host c14bde59b801
[2024-10-06T02:53:39.927+0000] {taskinstance.py:1513} INFO - Exporting the following env vars:
AIRFLOW_CTX_DAG_OWNER=***
AIRFLOW_CTX_DAG_ID=pdf_extraction_with_dochorizon
AIRFLOW_CTX_TASK_ID=extract_with_dochorizon
AIRFLOW_CTX_EXECUTION_DATE=2024-10-06T02:53:33.082323+00:00
AIRFLOW_CTX_TRY_NUMBER=1
AIRFLOW_CTX_DAG_RUN_ID=manual__2024-10-06T02:53:33.082323+00:00
[2024-10-06T02:53:40.670+0000] {logging_mixin.py:137} INFO - Failed to extract with DocHorizon components API. Status Code: 403
[2024-10-06T02:53:40.993+0000] {logging_mixin.py:137} INFO - Failed to extract with DocHorizon info API. Status Code: 403
[2024-10-06T02:53:41.529+0000] {logging_mixin.py:137} INFO - Failed to extract with DocHorizon components API. Status Code: 403
[2024-10-06T02:53:41.851+0000] {logging_mixin.py:137} INFO - Failed to extract with DocHorizon info API. Status Code: 403
[2024-10-06T02:53:42.384+0000] {logging_mixin.py:137} INFO - Failed to extract with DocHorizon components API. Status Code: 403
[2024-10-06T02:53:42.709+0000] {logging_mixin.py:137} INFO - Failed to extract with DocHorizon info API. Status Code: 403
[2024-10-06T02:53:43.367+0000] {logging_mixin.py:137} INFO - Failed to extract with DocHorizon components API. Status Code: 403
[2024-10-06T02:53:43.689+0000] {logging_mixin.py:137} INFO - Failed to extract with DocHorizon info API. Status Code: 403
[2024-10-06T02:53:44.224+0000] {logging_mixin.py:137} INFO - Failed to extract with DocHorizon components API. Status Code: 403
[2024-10-06T02:53:44.554+0000] {logging_mixin.py:137} INFO - Failed to extract with DocHorizon info API. Status Code: 403
[2024-10-06T02:53:45.219+0000] {logging_mixin.py:137} INFO - Failed to extract with DocHorizon components API. Status Code: 403
[2024-10-06T02:53:45.551+0000] {logging_mixin.py:137} INFO - Failed to extract with DocHorizon info API. Status Code: 403
[2024-10-06T02:53:46.371+0000] {logging_mixin.py:137} INFO - Failed to extract with DocHorizon components API. Status Code: 403
[2024-10-06T02:53:46.711+0000] {logging_mixin.py:137} INFO - Failed to extract with DocHorizon info API. Status Code: 403
[2024-10-06T02:53:47.273+0000] {logging_mixin.py:137} INFO - Failed to extract with DocHorizon components API. Status Code: 403
[2024-10-06T02:53:47.602+0000] {logging_mixin.py:137} INFO - Failed to extract with DocHorizon info API. Status Code: 403
[2024-10-06T02:53:48.127+0000] {logging_mixin.py:137} INFO - Failed to extract with DocHorizon components API. Status Code: 403
[2024-10-06T02:53:48.448+0000] {logging_mixin.py:137} INFO - Failed to extract with DocHorizon info API. Status Code: 403
[2024-10-06T02:53:49.001+0000] {logging_mixin.py:137} INFO - Failed to extract with DocHorizon components API. Status Code: 403
[2024-10-06T02:53:49.339+0000] {logging_mixin.py:137} INFO - Failed to extract with DocHorizon info API. Status Code: 403
[2024-10-06T02:53:50.005+0000] {logging_mixin.py:137} INFO - Failed to extract with DocHorizon components API. Status Code: 403
[2024-10-06T02:53:50.334+0000] {logging_mixin.py:137} INFO - Failed to extract with DocHorizon info API. Status Code: 403
[2024-10-06T02:53:50.886+0000] {logging_mixin.py:137} INFO - Failed to extract with DocHorizon components API. Status Code: 403
[2024-10-06T02:53:51.222+0000] {logging_mixin.py:137} INFO - Failed to extract with DocHorizon info API. Status Code: 403
[2024-10-06T02:53:51.223+0000] {python.py:177} INFO - Done. Returned value was: None
[2024-10-06T02:53:51.241+0000] {taskinstance.py:1327} INFO - Marking task as SUCCESS. dag_id=pdf_extraction_with_dochorizon, task_id=extract_with_dochorizon, execution_date=20241006T025333, start_date=20241006T025339, end_date=20241006T025351
[2024-10-06T02:53:51.283+0000] {local_task_job.py:159} INFO - Task exited with return code 0
[2024-10-06T02:53:51.315+0000] {taskinstance.py:2582} INFO - 1 downstream tasks scheduled from follow-on schedule check
