[2024-10-04T16:07:13.594+0000] {taskinstance.py:1087} INFO - Dependencies all met for <TaskInstance: pdf_extraction_stages.extract_with_nanonets manual__2024-10-04T16:07:01.707653+00:00 [queued]>
[2024-10-04T16:07:13.604+0000] {taskinstance.py:1087} INFO - Dependencies all met for <TaskInstance: pdf_extraction_stages.extract_with_nanonets manual__2024-10-04T16:07:01.707653+00:00 [queued]>
[2024-10-04T16:07:13.604+0000] {taskinstance.py:1283} INFO - 
--------------------------------------------------------------------------------
[2024-10-04T16:07:13.605+0000] {taskinstance.py:1284} INFO - Starting attempt 1 of 2
[2024-10-04T16:07:13.606+0000] {taskinstance.py:1285} INFO - 
--------------------------------------------------------------------------------
[2024-10-04T16:07:13.620+0000] {taskinstance.py:1304} INFO - Executing <Task(PythonOperator): extract_with_nanonets> on 2024-10-04 16:07:01.707653+00:00
[2024-10-04T16:07:13.624+0000] {standard_task_runner.py:55} INFO - Started process 263 to run task
[2024-10-04T16:07:13.626+0000] {standard_task_runner.py:82} INFO - Running: ['***', 'tasks', 'run', 'pdf_extraction_stages', 'extract_with_nanonets', 'manual__2024-10-04T16:07:01.707653+00:00', '--job-id', '23', '--raw', '--subdir', 'DAGS_FOLDER/PDF-ETL.py', '--cfg-path', '/tmp/tmp_eco650j']
[2024-10-04T16:07:13.628+0000] {standard_task_runner.py:83} INFO - Job 23: Subtask extract_with_nanonets
[2024-10-04T16:07:13.652+0000] {logging_mixin.py:137} WARNING - /home/***/.local/lib/python3.7/site-packages/***/settings.py:249 DeprecationWarning: The sql_alchemy_conn option in [core] has been moved to the sql_alchemy_conn option in [database] - the old setting has been used, but please update your config.
[2024-10-04T16:07:13.732+0000] {task_command.py:389} INFO - Running <TaskInstance: pdf_extraction_stages.extract_with_nanonets manual__2024-10-04T16:07:01.707653+00:00 [running]> on host 93d8e18bedbe
[2024-10-04T16:07:13.831+0000] {taskinstance.py:1513} INFO - Exporting the following env vars:
AIRFLOW_CTX_DAG_OWNER=***
AIRFLOW_CTX_DAG_ID=pdf_extraction_stages
AIRFLOW_CTX_TASK_ID=extract_with_nanonets
AIRFLOW_CTX_EXECUTION_DATE=2024-10-04T16:07:01.707653+00:00
AIRFLOW_CTX_TRY_NUMBER=1
AIRFLOW_CTX_DAG_RUN_ID=manual__2024-10-04T16:07:01.707653+00:00
[2024-10-04T16:07:14.593+0000] {logging_mixin.py:137} INFO - Failed to extract with Nanonets API. Status Code: 401
[2024-10-04T16:07:15.101+0000] {logging_mixin.py:137} INFO - Failed to extract with Nanonets API. Status Code: 401
[2024-10-04T16:07:15.618+0000] {logging_mixin.py:137} INFO - Failed to extract with Nanonets API. Status Code: 401
[2024-10-04T16:07:16.209+0000] {logging_mixin.py:137} INFO - Failed to extract with Nanonets API. Status Code: 401
[2024-10-04T16:07:16.724+0000] {logging_mixin.py:137} INFO - Failed to extract with Nanonets API. Status Code: 401
[2024-10-04T16:07:17.216+0000] {logging_mixin.py:137} INFO - Failed to extract with Nanonets API. Status Code: 401
[2024-10-04T16:07:17.910+0000] {logging_mixin.py:137} INFO - Failed to extract with Nanonets API. Status Code: 401
[2024-10-04T16:07:18.430+0000] {logging_mixin.py:137} INFO - Failed to extract with Nanonets API. Status Code: 401
[2024-10-04T16:07:20.095+0000] {logging_mixin.py:137} INFO - Failed to extract with Nanonets API. Status Code: 401
[2024-10-04T16:07:20.601+0000] {logging_mixin.py:137} INFO - Failed to extract with Nanonets API. Status Code: 401
[2024-10-04T16:07:21.121+0000] {logging_mixin.py:137} INFO - Failed to extract with Nanonets API. Status Code: 401
[2024-10-04T16:07:21.618+0000] {logging_mixin.py:137} INFO - Failed to extract with Nanonets API. Status Code: 401
[2024-10-04T16:07:22.132+0000] {logging_mixin.py:137} INFO - Failed to extract with Nanonets API. Status Code: 401
[2024-10-04T16:07:22.133+0000] {python.py:177} INFO - Done. Returned value was: None
[2024-10-04T16:07:22.154+0000] {taskinstance.py:1327} INFO - Marking task as SUCCESS. dag_id=pdf_extraction_stages, task_id=extract_with_nanonets, execution_date=20241004T160701, start_date=20241004T160713, end_date=20241004T160722
[2024-10-04T16:07:22.181+0000] {local_task_job.py:159} INFO - Task exited with return code 0
[2024-10-04T16:07:22.230+0000] {taskinstance.py:2582} INFO - 1 downstream tasks scheduled from follow-on schedule check
