[2024-10-07T22:58:30.649+0000] {taskinstance.py:1165} INFO - Dependencies all met for <TaskInstance: pdf_extraction_with_pymupdf_and_convertapi.extract_with_convertapi manual__2024-10-07T22:58:25.760549+00:00 [queued]>
[2024-10-07T22:58:30.659+0000] {taskinstance.py:1165} INFO - Dependencies all met for <TaskInstance: pdf_extraction_with_pymupdf_and_convertapi.extract_with_convertapi manual__2024-10-07T22:58:25.760549+00:00 [queued]>
[2024-10-07T22:58:30.659+0000] {taskinstance.py:1362} INFO - 
--------------------------------------------------------------------------------
[2024-10-07T22:58:30.660+0000] {taskinstance.py:1363} INFO - Starting attempt 1 of 3
[2024-10-07T22:58:30.660+0000] {taskinstance.py:1364} INFO - 
--------------------------------------------------------------------------------
[2024-10-07T22:58:30.672+0000] {taskinstance.py:1383} INFO - Executing <Task(PythonOperator): extract_with_convertapi> on 2024-10-07 22:58:25.760549+00:00
[2024-10-07T22:58:30.677+0000] {standard_task_runner.py:55} INFO - Started process 17409 to run task
[2024-10-07T22:58:30.680+0000] {standard_task_runner.py:82} INFO - Running: ['***', 'tasks', 'run', 'pdf_extraction_with_pymupdf_and_convertapi', 'extract_with_convertapi', 'manual__2024-10-07T22:58:25.760549+00:00', '--job-id', '125', '--raw', '--subdir', 'DAGS_FOLDER/ETL-ConvertAPI.py', '--cfg-path', '/tmp/tmpo_5s0o3z']
[2024-10-07T22:58:30.681+0000] {standard_task_runner.py:83} INFO - Job 125: Subtask extract_with_convertapi
[2024-10-07T22:58:30.778+0000] {task_command.py:376} INFO - Running <TaskInstance: pdf_extraction_with_pymupdf_and_convertapi.extract_with_convertapi manual__2024-10-07T22:58:25.760549+00:00 [running]> on host 65f7b1aa1c1b
[2024-10-07T22:58:30.878+0000] {taskinstance.py:1590} INFO - Exporting the following env vars:
AIRFLOW_CTX_DAG_OWNER=***
AIRFLOW_CTX_DAG_ID=pdf_extraction_with_pymupdf_and_convertapi
AIRFLOW_CTX_TASK_ID=extract_with_convertapi
AIRFLOW_CTX_EXECUTION_DATE=2024-10-07T22:58:25.760549+00:00
AIRFLOW_CTX_TRY_NUMBER=1
AIRFLOW_CTX_DAG_RUN_ID=manual__2024-10-07T22:58:25.760549+00:00
[2024-10-07T22:58:32.315+0000] {logging_mixin.py:137} INFO - No images found in 021a5339-744f-42b7-bd9b-9368b3efda7a.pdf
[2024-10-07T22:58:32.316+0000] {logging_mixin.py:137} INFO - ConvertAPI text stored at /tmp/convertapi_021a5339-744f-42b7-bd9b-9368b3efda7a.pdf.json
[2024-10-07T22:58:32.317+0000] {logging_mixin.py:137} INFO - ConvertAPI tables stored at /tmp/convertapi_021a5339-744f-42b7-bd9b-9368b3efda7a.pdf.csv
[2024-10-07T22:58:35.411+0000] {logging_mixin.py:137} INFO - ConvertAPI text stored at /tmp/convertapi_example.pdf.json
[2024-10-07T22:58:35.412+0000] {logging_mixin.py:137} INFO - ConvertAPI tables stored at /tmp/convertapi_example.pdf.csv
[2024-10-07T22:58:35.413+0000] {logging_mixin.py:137} INFO - ConvertAPI image stored at /tmp/convertapi_example.pdf_example-page1-image1.png
[2024-10-07T22:58:37.572+0000] {logging_mixin.py:137} INFO - ConvertAPI text stored at /tmp/convertapi_flyer.pdf.json
[2024-10-07T22:58:37.573+0000] {logging_mixin.py:137} INFO - ConvertAPI tables stored at /tmp/convertapi_flyer.pdf.csv
[2024-10-07T22:58:37.574+0000] {logging_mixin.py:137} INFO - ConvertAPI image stored at /tmp/convertapi_flyer.pdf_flyer-page1-image1.png
[2024-10-07T22:58:37.575+0000] {logging_mixin.py:137} INFO - ConvertAPI image stored at /tmp/convertapi_flyer.pdf_flyer-page1-image2.png
[2024-10-07T22:58:37.577+0000] {logging_mixin.py:137} INFO - ConvertAPI image stored at /tmp/convertapi_flyer.pdf_flyer-page1-image3.png
[2024-10-07T22:58:37.577+0000] {logging_mixin.py:137} INFO - ConvertAPI image stored at /tmp/convertapi_flyer.pdf_flyer-page1-image4.png
[2024-10-07T22:58:37.578+0000] {logging_mixin.py:137} INFO - ConvertAPI image stored at /tmp/convertapi_flyer.pdf_flyer-page1-image5.png
[2024-10-07T22:58:37.578+0000] {logging_mixin.py:137} INFO - ConvertAPI image stored at /tmp/convertapi_flyer.pdf_flyer-page1-image6.png
[2024-10-07T22:58:37.581+0000] {logging_mixin.py:137} INFO - ConvertAPI image stored at /tmp/convertapi_flyer.pdf_flyer-page1-image7.png
[2024-10-07T22:58:38.736+0000] {logging_mixin.py:137} INFO - No images found in 366e2f2b-8632-4ef2-81eb-bc3877489217.pdf
[2024-10-07T22:58:38.737+0000] {logging_mixin.py:137} INFO - ConvertAPI text stored at /tmp/convertapi_366e2f2b-8632-4ef2-81eb-bc3877489217.pdf.json
[2024-10-07T22:58:38.738+0000] {logging_mixin.py:137} INFO - ConvertAPI tables stored at /tmp/convertapi_366e2f2b-8632-4ef2-81eb-bc3877489217.pdf.csv
[2024-10-07T22:58:38.792+0000] {python.py:177} INFO - Done. Returned value was: None
[2024-10-07T22:58:38.810+0000] {taskinstance.py:1401} INFO - Marking task as SUCCESS. dag_id=pdf_extraction_with_pymupdf_and_convertapi, task_id=extract_with_convertapi, execution_date=20241007T225825, start_date=20241007T225830, end_date=20241007T225838
[2024-10-07T22:58:38.833+0000] {local_task_job.py:159} INFO - Task exited with return code 0
[2024-10-07T22:58:38.864+0000] {taskinstance.py:2623} INFO - 1 downstream tasks scheduled from follow-on schedule check
