[2024-10-04T16:17:28.721+0000] {taskinstance.py:1087} INFO - Dependencies all met for <TaskInstance: pdf_extraction_stages.upload_to_s3 manual__2024-10-04T16:17:06.796207+00:00 [queued]>
[2024-10-04T16:17:28.731+0000] {taskinstance.py:1087} INFO - Dependencies all met for <TaskInstance: pdf_extraction_stages.upload_to_s3 manual__2024-10-04T16:17:06.796207+00:00 [queued]>
[2024-10-04T16:17:28.731+0000] {taskinstance.py:1283} INFO - 
--------------------------------------------------------------------------------
[2024-10-04T16:17:28.732+0000] {taskinstance.py:1284} INFO - Starting attempt 1 of 2
[2024-10-04T16:17:28.732+0000] {taskinstance.py:1285} INFO - 
--------------------------------------------------------------------------------
[2024-10-04T16:17:28.745+0000] {taskinstance.py:1304} INFO - Executing <Task(PythonOperator): upload_to_s3> on 2024-10-04 16:17:06.796207+00:00
[2024-10-04T16:17:28.748+0000] {standard_task_runner.py:55} INFO - Started process 475 to run task
[2024-10-04T16:17:28.750+0000] {standard_task_runner.py:82} INFO - Running: ['***', 'tasks', 'run', 'pdf_extraction_stages', 'upload_to_s3', 'manual__2024-10-04T16:17:06.796207+00:00', '--job-id', '36', '--raw', '--subdir', 'DAGS_FOLDER/PDF-ETL.py', '--cfg-path', '/tmp/tmp5umzamyc']
[2024-10-04T16:17:28.752+0000] {standard_task_runner.py:83} INFO - Job 36: Subtask upload_to_s3
[2024-10-04T16:17:28.773+0000] {logging_mixin.py:137} WARNING - /home/***/.local/lib/python3.7/site-packages/***/settings.py:249 DeprecationWarning: The sql_alchemy_conn option in [core] has been moved to the sql_alchemy_conn option in [database] - the old setting has been used, but please update your config.
[2024-10-04T16:17:28.862+0000] {task_command.py:389} INFO - Running <TaskInstance: pdf_extraction_stages.upload_to_s3 manual__2024-10-04T16:17:06.796207+00:00 [running]> on host 93d8e18bedbe
[2024-10-04T16:17:28.958+0000] {taskinstance.py:1513} INFO - Exporting the following env vars:
AIRFLOW_CTX_DAG_OWNER=***
AIRFLOW_CTX_DAG_ID=pdf_extraction_stages
AIRFLOW_CTX_TASK_ID=upload_to_s3
AIRFLOW_CTX_EXECUTION_DATE=2024-10-04T16:17:06.796207+00:00
AIRFLOW_CTX_TRY_NUMBER=1
AIRFLOW_CTX_DAG_RUN_ID=manual__2024-10-04T16:17:06.796207+00:00
[2024-10-04T16:17:29.605+0000] {logging_mixin.py:137} INFO - Uploaded /tmp/pymupdf_021a5339-744f-42b7-bd9b-9368b3efda7a.pdf.json to pymupdf/pymupdf_021a5339-744f-42b7-bd9b-9368b3efda7a.pdf.json
[2024-10-04T16:17:29.606+0000] {logging_mixin.py:137} INFO - Nanonets extraction for gaia/2023/test/021a5339-744f-42b7-bd9b-9368b3efda7a.pdf did not produce any output, skipping upload.
[2024-10-04T16:17:29.729+0000] {logging_mixin.py:137} INFO - Uploaded /tmp/pymupdf_32f386b9-73ee-4455-b412-ddad508aa979.pdf.json to pymupdf/pymupdf_32f386b9-73ee-4455-b412-ddad508aa979.pdf.json
[2024-10-04T16:17:29.730+0000] {logging_mixin.py:137} INFO - Nanonets extraction for gaia/2023/test/32f386b9-73ee-4455-b412-ddad508aa979.pdf did not produce any output, skipping upload.
[2024-10-04T16:17:29.841+0000] {logging_mixin.py:137} INFO - Uploaded /tmp/pymupdf_4044eab7-1282-42bd-a559-3bf3a4d5858e.pdf.json to pymupdf/pymupdf_4044eab7-1282-42bd-a559-3bf3a4d5858e.pdf.json
[2024-10-04T16:17:29.841+0000] {logging_mixin.py:137} INFO - Nanonets extraction for gaia/2023/test/4044eab7-1282-42bd-a559-3bf3a4d5858e.pdf did not produce any output, skipping upload.
[2024-10-04T16:17:29.943+0000] {logging_mixin.py:137} INFO - Uploaded /tmp/pymupdf_634fca59-03b2-4cdf-9ce4-0205df22f256.pdf.json to pymupdf/pymupdf_634fca59-03b2-4cdf-9ce4-0205df22f256.pdf.json
[2024-10-04T16:17:29.944+0000] {logging_mixin.py:137} INFO - Nanonets extraction for gaia/2023/test/634fca59-03b2-4cdf-9ce4-0205df22f256.pdf did not produce any output, skipping upload.
[2024-10-04T16:17:30.057+0000] {logging_mixin.py:137} INFO - Uploaded /tmp/pymupdf_680d7d77-c0c7-49c8-88fd-f8ec623645e9.pdf.json to pymupdf/pymupdf_680d7d77-c0c7-49c8-88fd-f8ec623645e9.pdf.json
[2024-10-04T16:17:30.058+0000] {logging_mixin.py:137} INFO - Nanonets extraction for gaia/2023/test/680d7d77-c0c7-49c8-88fd-f8ec623645e9.pdf did not produce any output, skipping upload.
[2024-10-04T16:17:30.177+0000] {logging_mixin.py:137} INFO - Uploaded /tmp/pymupdf_7c215d46-91c7-424e-9f22-37d43ab73ea6.pdf.json to pymupdf/pymupdf_7c215d46-91c7-424e-9f22-37d43ab73ea6.pdf.json
[2024-10-04T16:17:30.178+0000] {logging_mixin.py:137} INFO - Nanonets extraction for gaia/2023/test/7c215d46-91c7-424e-9f22-37d43ab73ea6.pdf did not produce any output, skipping upload.
[2024-10-04T16:17:30.321+0000] {logging_mixin.py:137} INFO - Uploaded /tmp/pymupdf_8f697523-6988-4c4f-8d72-760a45681f68.pdf.json to pymupdf/pymupdf_8f697523-6988-4c4f-8d72-760a45681f68.pdf.json
[2024-10-04T16:17:30.322+0000] {logging_mixin.py:137} INFO - Nanonets extraction for gaia/2023/test/8f697523-6988-4c4f-8d72-760a45681f68.pdf did not produce any output, skipping upload.
[2024-10-04T16:17:30.467+0000] {logging_mixin.py:137} INFO - Uploaded /tmp/pymupdf_b3654e47-4307-442c-a09c-945b33b913c6.pdf.json to pymupdf/pymupdf_b3654e47-4307-442c-a09c-945b33b913c6.pdf.json
[2024-10-04T16:17:30.468+0000] {logging_mixin.py:137} INFO - Nanonets extraction for gaia/2023/test/b3654e47-4307-442c-a09c-945b33b913c6.pdf did not produce any output, skipping upload.
[2024-10-04T16:17:30.748+0000] {logging_mixin.py:137} INFO - Uploaded /tmp/pymupdf_be353748-74eb-4904-8f17-f180ce087f1a.pdf.json to pymupdf/pymupdf_be353748-74eb-4904-8f17-f180ce087f1a.pdf.json
[2024-10-04T16:17:30.748+0000] {logging_mixin.py:137} INFO - Nanonets extraction for gaia/2023/test/be353748-74eb-4904-8f17-f180ce087f1a.pdf did not produce any output, skipping upload.
[2024-10-04T16:17:30.867+0000] {logging_mixin.py:137} INFO - Uploaded /tmp/pymupdf_c4456885-2f03-436f-8fe9-0b4ca6822cdb.pdf.json to pymupdf/pymupdf_c4456885-2f03-436f-8fe9-0b4ca6822cdb.pdf.json
[2024-10-04T16:17:30.868+0000] {logging_mixin.py:137} INFO - Nanonets extraction for gaia/2023/test/c4456885-2f03-436f-8fe9-0b4ca6822cdb.pdf did not produce any output, skipping upload.
[2024-10-04T16:17:30.978+0000] {logging_mixin.py:137} INFO - Uploaded /tmp/pymupdf_366e2f2b-8632-4ef2-81eb-bc3877489217.pdf.json to pymupdf/pymupdf_366e2f2b-8632-4ef2-81eb-bc3877489217.pdf.json
[2024-10-04T16:17:30.979+0000] {logging_mixin.py:137} INFO - Nanonets extraction for gaia/2023/validation/366e2f2b-8632-4ef2-81eb-bc3877489217.pdf did not produce any output, skipping upload.
[2024-10-04T16:17:31.115+0000] {logging_mixin.py:137} INFO - Uploaded /tmp/pymupdf_67e8878b-5cef-4375-804e-e6291fdbe78a.pdf.json to pymupdf/pymupdf_67e8878b-5cef-4375-804e-e6291fdbe78a.pdf.json
[2024-10-04T16:17:31.116+0000] {logging_mixin.py:137} INFO - Nanonets extraction for gaia/2023/validation/67e8878b-5cef-4375-804e-e6291fdbe78a.pdf did not produce any output, skipping upload.
[2024-10-04T16:17:31.228+0000] {logging_mixin.py:137} INFO - Uploaded /tmp/pymupdf_e9a2c537-8232-4c3f-85b0-b52de6bcba99.pdf.json to pymupdf/pymupdf_e9a2c537-8232-4c3f-85b0-b52de6bcba99.pdf.json
[2024-10-04T16:17:31.228+0000] {logging_mixin.py:137} INFO - Nanonets extraction for gaia/2023/validation/e9a2c537-8232-4c3f-85b0-b52de6bcba99.pdf did not produce any output, skipping upload.
[2024-10-04T16:17:31.228+0000] {python.py:177} INFO - Done. Returned value was: None
[2024-10-04T16:17:31.246+0000] {taskinstance.py:1327} INFO - Marking task as SUCCESS. dag_id=pdf_extraction_stages, task_id=upload_to_s3, execution_date=20241004T161706, start_date=20241004T161728, end_date=20241004T161731
[2024-10-04T16:17:31.291+0000] {local_task_job.py:159} INFO - Task exited with return code 0
[2024-10-04T16:17:31.317+0000] {taskinstance.py:2582} INFO - 0 downstream tasks scheduled from follow-on schedule check
