[2024-10-07T22:31:54.839+0000] {taskinstance.py:1165} INFO - Dependencies all met for <TaskInstance: pdf_extraction_with_pymupdf_and_convertapi.extract_with_pymupdf manual__2024-10-07T22:31:49.711376+00:00 [queued]>
[2024-10-07T22:31:54.847+0000] {taskinstance.py:1165} INFO - Dependencies all met for <TaskInstance: pdf_extraction_with_pymupdf_and_convertapi.extract_with_pymupdf manual__2024-10-07T22:31:49.711376+00:00 [queued]>
[2024-10-07T22:31:54.848+0000] {taskinstance.py:1362} INFO - 
--------------------------------------------------------------------------------
[2024-10-07T22:31:54.848+0000] {taskinstance.py:1363} INFO - Starting attempt 1 of 3
[2024-10-07T22:31:54.848+0000] {taskinstance.py:1364} INFO - 
--------------------------------------------------------------------------------
[2024-10-07T22:31:54.859+0000] {taskinstance.py:1383} INFO - Executing <Task(PythonOperator): extract_with_pymupdf> on 2024-10-07 22:31:49.711376+00:00
[2024-10-07T22:31:54.863+0000] {standard_task_runner.py:55} INFO - Started process 16137 to run task
[2024-10-07T22:31:54.865+0000] {standard_task_runner.py:82} INFO - Running: ['***', 'tasks', 'run', 'pdf_extraction_with_pymupdf_and_convertapi', 'extract_with_pymupdf', 'manual__2024-10-07T22:31:49.711376+00:00', '--job-id', '111', '--raw', '--subdir', 'DAGS_FOLDER/ETL-ConvertAPI.py', '--cfg-path', '/tmp/tmp85uitrsj']
[2024-10-07T22:31:54.867+0000] {standard_task_runner.py:83} INFO - Job 111: Subtask extract_with_pymupdf
[2024-10-07T22:31:54.958+0000] {task_command.py:376} INFO - Running <TaskInstance: pdf_extraction_with_pymupdf_and_convertapi.extract_with_pymupdf manual__2024-10-07T22:31:49.711376+00:00 [running]> on host 65f7b1aa1c1b
[2024-10-07T22:31:55.042+0000] {taskinstance.py:1590} INFO - Exporting the following env vars:
AIRFLOW_CTX_DAG_OWNER=***
AIRFLOW_CTX_DAG_ID=pdf_extraction_with_pymupdf_and_convertapi
AIRFLOW_CTX_TASK_ID=extract_with_pymupdf
AIRFLOW_CTX_EXECUTION_DATE=2024-10-07T22:31:49.711376+00:00
AIRFLOW_CTX_TRY_NUMBER=1
AIRFLOW_CTX_DAG_RUN_ID=manual__2024-10-07T22:31:49.711376+00:00
[2024-10-07T22:31:55.069+0000] {logging_mixin.py:137} INFO - Extracted text stored at /tmp/021a5339-744f-42b7-bd9b-9368b3efda7a.pdf.json
[2024-10-07T22:31:55.069+0000] {logging_mixin.py:137} INFO - Extracted tables stored at /tmp/021a5339-744f-42b7-bd9b-9368b3efda7a.pdf.csv
[2024-10-07T22:31:55.158+0000] {logging_mixin.py:137} INFO - Extracted text stored at /tmp/example.pdf.json
[2024-10-07T22:31:55.158+0000] {logging_mixin.py:137} INFO - Extracted tables stored at /tmp/example.pdf.csv
[2024-10-07T22:31:55.233+0000] {logging_mixin.py:137} INFO - Extracted text stored at /tmp/366e2f2b-8632-4ef2-81eb-bc3877489217.pdf.json
[2024-10-07T22:31:55.233+0000] {logging_mixin.py:137} INFO - Extracted tables stored at /tmp/366e2f2b-8632-4ef2-81eb-bc3877489217.pdf.csv
[2024-10-07T22:31:55.278+0000] {python.py:177} INFO - Done. Returned value was: None
[2024-10-07T22:31:55.294+0000] {taskinstance.py:1401} INFO - Marking task as SUCCESS. dag_id=pdf_extraction_with_pymupdf_and_convertapi, task_id=extract_with_pymupdf, execution_date=20241007T223149, start_date=20241007T223154, end_date=20241007T223155
[2024-10-07T22:31:55.318+0000] {local_task_job.py:159} INFO - Task exited with return code 0
[2024-10-07T22:31:55.345+0000] {taskinstance.py:2623} INFO - 0 downstream tasks scheduled from follow-on schedule check
