[2024-10-07T06:01:17.372+0000] {taskinstance.py:1087} INFO - Dependencies all met for <TaskInstance: pdf_extraction_with_pymupdf_and_convertapi_and_embeddings.download_pdfs manual__2024-10-07T06:01:13.555834+00:00 [queued]>
[2024-10-07T06:01:17.389+0000] {taskinstance.py:1087} INFO - Dependencies all met for <TaskInstance: pdf_extraction_with_pymupdf_and_convertapi_and_embeddings.download_pdfs manual__2024-10-07T06:01:13.555834+00:00 [queued]>
[2024-10-07T06:01:17.390+0000] {taskinstance.py:1283} INFO - 
--------------------------------------------------------------------------------
[2024-10-07T06:01:17.390+0000] {taskinstance.py:1284} INFO - Starting attempt 1 of 3
[2024-10-07T06:01:17.391+0000] {taskinstance.py:1285} INFO - 
--------------------------------------------------------------------------------
[2024-10-07T06:01:17.411+0000] {taskinstance.py:1304} INFO - Executing <Task(PythonOperator): download_pdfs> on 2024-10-07 06:01:13.555834+00:00
[2024-10-07T06:01:17.418+0000] {standard_task_runner.py:55} INFO - Started process 5877 to run task
[2024-10-07T06:01:17.421+0000] {standard_task_runner.py:82} INFO - Running: ['***', 'tasks', 'run', 'pdf_extraction_with_pymupdf_and_convertapi_and_embeddings', 'download_pdfs', 'manual__2024-10-07T06:01:13.555834+00:00', '--job-id', '383', '--raw', '--subdir', 'DAGS_FOLDER/ETL-ConvertAPI.py', '--cfg-path', '/tmp/tmph00dsygj']
[2024-10-07T06:01:17.421+0000] {standard_task_runner.py:83} INFO - Job 383: Subtask download_pdfs
[2024-10-07T06:01:17.447+0000] {logging_mixin.py:137} WARNING - /home/***/.local/lib/python3.7/site-packages/***/settings.py:249 DeprecationWarning: The sql_alchemy_conn option in [core] has been moved to the sql_alchemy_conn option in [database] - the old setting has been used, but please update your config.
[2024-10-07T06:01:17.550+0000] {task_command.py:389} INFO - Running <TaskInstance: pdf_extraction_with_pymupdf_and_convertapi_and_embeddings.download_pdfs manual__2024-10-07T06:01:13.555834+00:00 [running]> on host 1350c74cd1fb
[2024-10-07T06:01:17.685+0000] {taskinstance.py:1513} INFO - Exporting the following env vars:
AIRFLOW_CTX_DAG_OWNER=***
AIRFLOW_CTX_DAG_ID=pdf_extraction_with_pymupdf_and_convertapi_and_embeddings
AIRFLOW_CTX_TASK_ID=download_pdfs
AIRFLOW_CTX_EXECUTION_DATE=2024-10-07T06:01:13.555834+00:00
AIRFLOW_CTX_TRY_NUMBER=1
AIRFLOW_CTX_DAG_RUN_ID=manual__2024-10-07T06:01:13.555834+00:00
[2024-10-07T06:01:18.015+0000] {logging_mixin.py:137} INFO - Downloaded gaia/2023/test/021a5339-744f-42b7-bd9b-9368b3efda7a.pdf to /tmp/021a5339-744f-42b7-bd9b-9368b3efda7a.pdf
[2024-10-07T06:01:18.246+0000] {logging_mixin.py:137} INFO - Downloaded gaia/2023/test/example.pdf to /tmp/example.pdf
[2024-10-07T06:01:18.382+0000] {logging_mixin.py:137} INFO - Downloaded gaia/2023/validation/366e2f2b-8632-4ef2-81eb-bc3877489217.pdf to /tmp/366e2f2b-8632-4ef2-81eb-bc3877489217.pdf
[2024-10-07T06:01:18.416+0000] {python.py:177} INFO - Done. Returned value was: None
[2024-10-07T06:01:18.443+0000] {taskinstance.py:1327} INFO - Marking task as SUCCESS. dag_id=pdf_extraction_with_pymupdf_and_convertapi_and_embeddings, task_id=download_pdfs, execution_date=20241007T060113, start_date=20241007T060117, end_date=20241007T060118
[2024-10-07T06:01:18.476+0000] {local_task_job.py:159} INFO - Task exited with return code 0
[2024-10-07T06:01:18.525+0000] {taskinstance.py:2582} INFO - 1 downstream tasks scheduled from follow-on schedule check
