[2024-10-06T06:31:58.064+0000] {taskinstance.py:1087} INFO - Dependencies all met for <TaskInstance: pdf_extraction_with_pymupdf_and_convertapi.extract_with_convertapi manual__2024-10-06T06:26:49.101615+00:00 [queued]>
[2024-10-06T06:31:58.072+0000] {taskinstance.py:1087} INFO - Dependencies all met for <TaskInstance: pdf_extraction_with_pymupdf_and_convertapi.extract_with_convertapi manual__2024-10-06T06:26:49.101615+00:00 [queued]>
[2024-10-06T06:31:58.073+0000] {taskinstance.py:1283} INFO - 
--------------------------------------------------------------------------------
[2024-10-06T06:31:58.073+0000] {taskinstance.py:1284} INFO - Starting attempt 2 of 2
[2024-10-06T06:31:58.074+0000] {taskinstance.py:1285} INFO - 
--------------------------------------------------------------------------------
[2024-10-06T06:31:58.087+0000] {taskinstance.py:1304} INFO - Executing <Task(PythonOperator): extract_with_convertapi> on 2024-10-06 06:26:49.101615+00:00
[2024-10-06T06:31:58.091+0000] {standard_task_runner.py:55} INFO - Started process 7330 to run task
[2024-10-06T06:31:58.093+0000] {standard_task_runner.py:82} INFO - Running: ['***', 'tasks', 'run', 'pdf_extraction_with_pymupdf_and_convertapi', 'extract_with_convertapi', 'manual__2024-10-06T06:26:49.101615+00:00', '--job-id', '281', '--raw', '--subdir', 'DAGS_FOLDER/ETL-ConvertAPI.py', '--cfg-path', '/tmp/tmpn40swrdt']
[2024-10-06T06:31:58.095+0000] {standard_task_runner.py:83} INFO - Job 281: Subtask extract_with_convertapi
[2024-10-06T06:31:58.117+0000] {logging_mixin.py:137} WARNING - /home/***/.local/lib/python3.7/site-packages/***/settings.py:249 DeprecationWarning: The sql_alchemy_conn option in [core] has been moved to the sql_alchemy_conn option in [database] - the old setting has been used, but please update your config.
[2024-10-06T06:31:58.194+0000] {task_command.py:389} INFO - Running <TaskInstance: pdf_extraction_with_pymupdf_and_convertapi.extract_with_convertapi manual__2024-10-06T06:26:49.101615+00:00 [running]> on host c14bde59b801
[2024-10-06T06:31:58.296+0000] {taskinstance.py:1513} INFO - Exporting the following env vars:
AIRFLOW_CTX_DAG_OWNER=***
AIRFLOW_CTX_DAG_ID=pdf_extraction_with_pymupdf_and_convertapi
AIRFLOW_CTX_TASK_ID=extract_with_convertapi
AIRFLOW_CTX_EXECUTION_DATE=2024-10-06T06:26:49.101615+00:00
AIRFLOW_CTX_TRY_NUMBER=2
AIRFLOW_CTX_DAG_RUN_ID=manual__2024-10-06T06:26:49.101615+00:00
[2024-10-06T06:31:58.432+0000] {taskinstance.py:1772} ERROR - Task failed with exception
Traceback (most recent call last):
  File "/home/airflow/.local/lib/python3.7/site-packages/airflow/operators/python.py", line 175, in execute
    return_value = self.execute_callable()
  File "/home/airflow/.local/lib/python3.7/site-packages/airflow/operators/python.py", line 192, in execute_callable
    return self.python_callable(*self.op_args, **self.op_kwargs)
  File "/opt/airflow/dags/ETL-ConvertAPI.py", line 84, in extract_with_convertapi
    for pdf_path in download_paths:
TypeError: 'NoneType' object is not iterable
[2024-10-06T06:31:58.452+0000] {taskinstance.py:1327} INFO - Marking task as FAILED. dag_id=pdf_extraction_with_pymupdf_and_convertapi, task_id=extract_with_convertapi, execution_date=20241006T062649, start_date=20241006T063158, end_date=20241006T063158
[2024-10-06T06:31:58.468+0000] {standard_task_runner.py:105} ERROR - Failed to execute job 281 for task extract_with_convertapi ('NoneType' object is not iterable; 7330)
[2024-10-06T06:31:58.506+0000] {local_task_job.py:159} INFO - Task exited with return code 1
[2024-10-06T06:31:58.542+0000] {taskinstance.py:2582} INFO - 0 downstream tasks scheduled from follow-on schedule check
