[2024-10-06T03:22:43.270+0000] {taskinstance.py:1087} INFO - Dependencies all met for <TaskInstance: pdf_extraction_with_dochorizon.extract_with_dochorizon manual__2024-10-06T03:22:35.318765+00:00 [queued]>
[2024-10-06T03:22:43.280+0000] {taskinstance.py:1087} INFO - Dependencies all met for <TaskInstance: pdf_extraction_with_dochorizon.extract_with_dochorizon manual__2024-10-06T03:22:35.318765+00:00 [queued]>
[2024-10-06T03:22:43.281+0000] {taskinstance.py:1283} INFO - 
--------------------------------------------------------------------------------
[2024-10-06T03:22:43.282+0000] {taskinstance.py:1284} INFO - Starting attempt 1 of 2
[2024-10-06T03:22:43.283+0000] {taskinstance.py:1285} INFO - 
--------------------------------------------------------------------------------
[2024-10-06T03:22:43.299+0000] {taskinstance.py:1304} INFO - Executing <Task(PythonOperator): extract_with_dochorizon> on 2024-10-06 03:22:35.318765+00:00
[2024-10-06T03:22:43.304+0000] {standard_task_runner.py:55} INFO - Started process 2277 to run task
[2024-10-06T03:22:43.306+0000] {standard_task_runner.py:82} INFO - Running: ['***', 'tasks', 'run', 'pdf_extraction_with_dochorizon', 'extract_with_dochorizon', 'manual__2024-10-06T03:22:35.318765+00:00', '--job-id', '175', '--raw', '--subdir', 'DAGS_FOLDER/PDF-Klippa.py', '--cfg-path', '/tmp/tmp82jmxkpv']
[2024-10-06T03:22:43.307+0000] {standard_task_runner.py:83} INFO - Job 175: Subtask extract_with_dochorizon
[2024-10-06T03:22:43.331+0000] {logging_mixin.py:137} WARNING - /home/***/.local/lib/python3.7/site-packages/***/settings.py:249 DeprecationWarning: The sql_alchemy_conn option in [core] has been moved to the sql_alchemy_conn option in [database] - the old setting has been used, but please update your config.
[2024-10-06T03:22:43.416+0000] {task_command.py:389} INFO - Running <TaskInstance: pdf_extraction_with_dochorizon.extract_with_dochorizon manual__2024-10-06T03:22:35.318765+00:00 [running]> on host c14bde59b801
[2024-10-06T03:22:43.520+0000] {taskinstance.py:1513} INFO - Exporting the following env vars:
AIRFLOW_CTX_DAG_OWNER=***
AIRFLOW_CTX_DAG_ID=pdf_extraction_with_dochorizon
AIRFLOW_CTX_TASK_ID=extract_with_dochorizon
AIRFLOW_CTX_EXECUTION_DATE=2024-10-06T03:22:35.318765+00:00
AIRFLOW_CTX_TRY_NUMBER=1
AIRFLOW_CTX_DAG_RUN_ID=manual__2024-10-06T03:22:35.318765+00:00
[2024-10-06T03:22:44.448+0000] {logging_mixin.py:137} INFO - Failed to extract with DocHorizon info API. Status Code: 403
[2024-10-06T03:22:44.999+0000] {logging_mixin.py:137} INFO - Failed to extract with DocHorizon info API. Status Code: 403
[2024-10-06T03:22:45.539+0000] {logging_mixin.py:137} INFO - Failed to extract with DocHorizon info API. Status Code: 403
[2024-10-06T03:22:46.201+0000] {logging_mixin.py:137} INFO - Failed to extract with DocHorizon info API. Status Code: 403
[2024-10-06T03:22:46.775+0000] {logging_mixin.py:137} INFO - Failed to extract with DocHorizon info API. Status Code: 403
[2024-10-06T03:22:47.325+0000] {logging_mixin.py:137} INFO - Failed to extract with DocHorizon info API. Status Code: 403
[2024-10-06T03:22:48.082+0000] {logging_mixin.py:137} INFO - Failed to extract with DocHorizon info API. Status Code: 403
[2024-10-06T03:22:48.629+0000] {logging_mixin.py:137} INFO - Failed to extract with DocHorizon info API. Status Code: 403
[2024-10-06T03:22:49.311+0000] {logging_mixin.py:137} INFO - Failed to extract with DocHorizon info API. Status Code: 403
[2024-10-06T03:22:49.845+0000] {logging_mixin.py:137} INFO - Failed to extract with DocHorizon info API. Status Code: 403
[2024-10-06T03:22:50.373+0000] {logging_mixin.py:137} INFO - Failed to extract with DocHorizon info API. Status Code: 403
[2024-10-06T03:22:50.894+0000] {logging_mixin.py:137} INFO - Failed to extract with DocHorizon info API. Status Code: 403
[2024-10-06T03:22:50.895+0000] {python.py:177} INFO - Done. Returned value was: None
[2024-10-06T03:22:50.912+0000] {taskinstance.py:1327} INFO - Marking task as SUCCESS. dag_id=pdf_extraction_with_dochorizon, task_id=extract_with_dochorizon, execution_date=20241006T032235, start_date=20241006T032243, end_date=20241006T032250
[2024-10-06T03:22:50.932+0000] {local_task_job.py:159} INFO - Task exited with return code 0
[2024-10-06T03:22:50.960+0000] {taskinstance.py:2582} INFO - 1 downstream tasks scheduled from follow-on schedule check
