[2024-10-05T14:06:49.535+0000] {taskinstance.py:1087} INFO - Dependencies all met for <TaskInstance: pdf_extraction_stages.extract_with_nanonets manual__2024-10-05T14:06:41.195306+00:00 [queued]>
[2024-10-05T14:06:49.545+0000] {taskinstance.py:1087} INFO - Dependencies all met for <TaskInstance: pdf_extraction_stages.extract_with_nanonets manual__2024-10-05T14:06:41.195306+00:00 [queued]>
[2024-10-05T14:06:49.545+0000] {taskinstance.py:1283} INFO - 
--------------------------------------------------------------------------------
[2024-10-05T14:06:49.546+0000] {taskinstance.py:1284} INFO - Starting attempt 1 of 2
[2024-10-05T14:06:49.546+0000] {taskinstance.py:1285} INFO - 
--------------------------------------------------------------------------------
[2024-10-05T14:06:49.560+0000] {taskinstance.py:1304} INFO - Executing <Task(PythonOperator): extract_with_nanonets> on 2024-10-05 14:06:41.195306+00:00
[2024-10-05T14:06:49.564+0000] {standard_task_runner.py:55} INFO - Started process 13843 to run task
[2024-10-05T14:06:49.566+0000] {standard_task_runner.py:82} INFO - Running: ['***', 'tasks', 'run', 'pdf_extraction_stages', 'extract_with_nanonets', 'manual__2024-10-05T14:06:41.195306+00:00', '--job-id', '79', '--raw', '--subdir', 'DAGS_FOLDER/PDF-ETL.py', '--cfg-path', '/tmp/tmpep2jd4bh']
[2024-10-05T14:06:49.568+0000] {standard_task_runner.py:83} INFO - Job 79: Subtask extract_with_nanonets
[2024-10-05T14:06:49.590+0000] {logging_mixin.py:137} WARNING - /home/***/.local/lib/python3.7/site-packages/***/settings.py:249 DeprecationWarning: The sql_alchemy_conn option in [core] has been moved to the sql_alchemy_conn option in [database] - the old setting has been used, but please update your config.
[2024-10-05T14:06:49.665+0000] {task_command.py:389} INFO - Running <TaskInstance: pdf_extraction_stages.extract_with_nanonets manual__2024-10-05T14:06:41.195306+00:00 [running]> on host 93d8e18bedbe
[2024-10-05T14:06:49.766+0000] {taskinstance.py:1513} INFO - Exporting the following env vars:
AIRFLOW_CTX_DAG_OWNER=***
AIRFLOW_CTX_DAG_ID=pdf_extraction_stages
AIRFLOW_CTX_TASK_ID=extract_with_nanonets
AIRFLOW_CTX_EXECUTION_DATE=2024-10-05T14:06:41.195306+00:00
AIRFLOW_CTX_TRY_NUMBER=1
AIRFLOW_CTX_DAG_RUN_ID=manual__2024-10-05T14:06:41.195306+00:00
[2024-10-05T14:06:50.497+0000] {logging_mixin.py:137} INFO - Failed to extract with Nanonets API. Status Code: 401
[2024-10-05T14:06:50.497+0000] {logging_mixin.py:137} INFO - Response Text: {"message":"Unauthorized","code":401,"errors":[{"reason":"Api Key Missing in request","message":"Add api key in request header as explained here: https://app.nanonets.com/documentation#authentication"}]}
[2024-10-05T14:06:50.987+0000] {logging_mixin.py:137} INFO - Failed to extract with Nanonets API. Status Code: 401
[2024-10-05T14:06:50.989+0000] {logging_mixin.py:137} INFO - Response Text: {"message":"Unauthorized","code":401,"errors":[{"reason":"Api Key Missing in request","message":"Add api key in request header as explained here: https://app.nanonets.com/documentation#authentication"}]}
[2024-10-05T14:06:51.488+0000] {logging_mixin.py:137} INFO - Failed to extract with Nanonets API. Status Code: 401
[2024-10-05T14:06:51.488+0000] {logging_mixin.py:137} INFO - Response Text: {"message":"Unauthorized","code":401,"errors":[{"reason":"Api Key Missing in request","message":"Add api key in request header as explained here: https://app.nanonets.com/documentation#authentication"}]}
[2024-10-05T14:06:52.057+0000] {logging_mixin.py:137} INFO - Failed to extract with Nanonets API. Status Code: 401
[2024-10-05T14:06:52.058+0000] {logging_mixin.py:137} INFO - Response Text: {"message":"Unauthorized","code":401,"errors":[{"reason":"Api Key Missing in request","message":"Add api key in request header as explained here: https://app.nanonets.com/documentation#authentication"}]}
[2024-10-05T14:06:52.547+0000] {logging_mixin.py:137} INFO - Failed to extract with Nanonets API. Status Code: 401
[2024-10-05T14:06:52.548+0000] {logging_mixin.py:137} INFO - Response Text: {"message":"Unauthorized","code":401,"errors":[{"reason":"Api Key Missing in request","message":"Add api key in request header as explained here: https://app.nanonets.com/documentation#authentication"}]}
[2024-10-05T14:06:53.037+0000] {logging_mixin.py:137} INFO - Failed to extract with Nanonets API. Status Code: 401
[2024-10-05T14:06:53.038+0000] {logging_mixin.py:137} INFO - Response Text: {"message":"Unauthorized","code":401,"errors":[{"reason":"Api Key Missing in request","message":"Add api key in request header as explained here: https://app.nanonets.com/documentation#authentication"}]}
[2024-10-05T14:06:53.734+0000] {logging_mixin.py:137} INFO - Failed to extract with Nanonets API. Status Code: 401
[2024-10-05T14:06:53.735+0000] {logging_mixin.py:137} INFO - Response Text: {"message":"Unauthorized","code":401,"errors":[{"reason":"Api Key Missing in request","message":"Add api key in request header as explained here: https://app.nanonets.com/documentation#authentication"}]}
[2024-10-05T14:06:54.234+0000] {logging_mixin.py:137} INFO - Failed to extract with Nanonets API. Status Code: 401
[2024-10-05T14:06:54.234+0000] {logging_mixin.py:137} INFO - Response Text: {"message":"Unauthorized","code":401,"errors":[{"reason":"Api Key Missing in request","message":"Add api key in request header as explained here: https://app.nanonets.com/documentation#authentication"}]}
[2024-10-05T14:06:56.982+0000] {logging_mixin.py:137} INFO - Failed to extract with Nanonets API. Status Code: 401
[2024-10-05T14:06:56.982+0000] {logging_mixin.py:137} INFO - Response Text: {"message":"Unauthorized","code":401,"errors":[{"reason":"Api Key Missing in request","message":"Add api key in request header as explained here: https://app.nanonets.com/documentation#authentication"}]}
[2024-10-05T14:06:57.573+0000] {logging_mixin.py:137} INFO - Failed to extract with Nanonets API. Status Code: 401
[2024-10-05T14:06:57.574+0000] {logging_mixin.py:137} INFO - Response Text: {"message":"Unauthorized","code":401,"errors":[{"reason":"Api Key Missing in request","message":"Add api key in request header as explained here: https://app.nanonets.com/documentation#authentication"}]}
[2024-10-05T14:06:58.063+0000] {logging_mixin.py:137} INFO - Failed to extract with Nanonets API. Status Code: 401
[2024-10-05T14:06:58.065+0000] {logging_mixin.py:137} INFO - Response Text: {"message":"Unauthorized","code":401,"errors":[{"reason":"Api Key Missing in request","message":"Add api key in request header as explained here: https://app.nanonets.com/documentation#authentication"}]}
[2024-10-05T14:06:58.561+0000] {logging_mixin.py:137} INFO - Failed to extract with Nanonets API. Status Code: 401
[2024-10-05T14:06:58.562+0000] {logging_mixin.py:137} INFO - Response Text: {"message":"Unauthorized","code":401,"errors":[{"reason":"Api Key Missing in request","message":"Add api key in request header as explained here: https://app.nanonets.com/documentation#authentication"}]}
[2024-10-05T14:06:59.054+0000] {logging_mixin.py:137} INFO - Failed to extract with Nanonets API. Status Code: 401
[2024-10-05T14:06:59.055+0000] {logging_mixin.py:137} INFO - Response Text: {"message":"Unauthorized","code":401,"errors":[{"reason":"Api Key Missing in request","message":"Add api key in request header as explained here: https://app.nanonets.com/documentation#authentication"}]}
[2024-10-05T14:06:59.055+0000] {python.py:177} INFO - Done. Returned value was: None
[2024-10-05T14:06:59.073+0000] {taskinstance.py:1327} INFO - Marking task as SUCCESS. dag_id=pdf_extraction_stages, task_id=extract_with_nanonets, execution_date=20241005T140641, start_date=20241005T140649, end_date=20241005T140659
[2024-10-05T14:06:59.123+0000] {local_task_job.py:159} INFO - Task exited with return code 0
[2024-10-05T14:06:59.158+0000] {taskinstance.py:2582} INFO - 1 downstream tasks scheduled from follow-on schedule check
