[2024-10-07T22:09:05.182+0000] {taskinstance.py:1165} INFO - Dependencies all met for <TaskInstance: pdf_extraction_with_pymupdf_and_convertapi.extract_with_pymupdf manual__2024-10-07T22:09:00.106808+00:00 [queued]>
[2024-10-07T22:09:05.190+0000] {taskinstance.py:1165} INFO - Dependencies all met for <TaskInstance: pdf_extraction_with_pymupdf_and_convertapi.extract_with_pymupdf manual__2024-10-07T22:09:00.106808+00:00 [queued]>
[2024-10-07T22:09:05.191+0000] {taskinstance.py:1362} INFO - 
--------------------------------------------------------------------------------
[2024-10-07T22:09:05.191+0000] {taskinstance.py:1363} INFO - Starting attempt 1 of 3
[2024-10-07T22:09:05.191+0000] {taskinstance.py:1364} INFO - 
--------------------------------------------------------------------------------
[2024-10-07T22:09:05.202+0000] {taskinstance.py:1383} INFO - Executing <Task(PythonOperator): extract_with_pymupdf> on 2024-10-07 22:09:00.106808+00:00
[2024-10-07T22:09:05.206+0000] {standard_task_runner.py:55} INFO - Started process 14975 to run task
[2024-10-07T22:09:05.209+0000] {standard_task_runner.py:82} INFO - Running: ['***', 'tasks', 'run', 'pdf_extraction_with_pymupdf_and_convertapi', 'extract_with_pymupdf', 'manual__2024-10-07T22:09:00.106808+00:00', '--job-id', '89', '--raw', '--subdir', 'DAGS_FOLDER/ETL-ConvertAPI.py', '--cfg-path', '/tmp/tmp23kx0fs5']
[2024-10-07T22:09:05.211+0000] {standard_task_runner.py:83} INFO - Job 89: Subtask extract_with_pymupdf
[2024-10-07T22:09:05.304+0000] {task_command.py:376} INFO - Running <TaskInstance: pdf_extraction_with_pymupdf_and_convertapi.extract_with_pymupdf manual__2024-10-07T22:09:00.106808+00:00 [running]> on host 65f7b1aa1c1b
[2024-10-07T22:09:05.385+0000] {taskinstance.py:1590} INFO - Exporting the following env vars:
AIRFLOW_CTX_DAG_OWNER=***
AIRFLOW_CTX_DAG_ID=pdf_extraction_with_pymupdf_and_convertapi
AIRFLOW_CTX_TASK_ID=extract_with_pymupdf
AIRFLOW_CTX_EXECUTION_DATE=2024-10-07T22:09:00.106808+00:00
AIRFLOW_CTX_TRY_NUMBER=1
AIRFLOW_CTX_DAG_RUN_ID=manual__2024-10-07T22:09:00.106808+00:00
[2024-10-07T22:09:05.423+0000] {logging_mixin.py:137} INFO - Extracted text stored at /tmp/021a5339-744f-42b7-bd9b-9368b3efda7a.pdf.json
[2024-10-07T22:09:05.426+0000] {logging_mixin.py:137} INFO - Extracted tables stored at /tmp/021a5339-744f-42b7-bd9b-9368b3efda7a.pdf.csv
[2024-10-07T22:09:05.527+0000] {logging_mixin.py:137} INFO - Extracted text stored at /tmp/example.pdf.json
[2024-10-07T22:09:05.529+0000] {logging_mixin.py:137} INFO - Extracted tables stored at /tmp/example.pdf.csv
[2024-10-07T22:09:05.606+0000] {logging_mixin.py:137} INFO - Extracted text stored at /tmp/366e2f2b-8632-4ef2-81eb-bc3877489217.pdf.json
[2024-10-07T22:09:05.608+0000] {logging_mixin.py:137} INFO - Extracted tables stored at /tmp/366e2f2b-8632-4ef2-81eb-bc3877489217.pdf.csv
[2024-10-07T22:09:05.654+0000] {python.py:177} INFO - Done. Returned value was: None
[2024-10-07T22:09:05.671+0000] {taskinstance.py:1401} INFO - Marking task as SUCCESS. dag_id=pdf_extraction_with_pymupdf_and_convertapi, task_id=extract_with_pymupdf, execution_date=20241007T220900, start_date=20241007T220905, end_date=20241007T220905
[2024-10-07T22:09:05.702+0000] {local_task_job.py:159} INFO - Task exited with return code 0
[2024-10-07T22:09:05.729+0000] {taskinstance.py:2623} INFO - 0 downstream tasks scheduled from follow-on schedule check
