[2024-10-05T14:09:54.677+0000] {taskinstance.py:1087} INFO - Dependencies all met for <TaskInstance: pdf_extraction_stages.extract_with_nanonets manual__2024-10-05T14:09:45.887173+00:00 [queued]>
[2024-10-05T14:09:54.687+0000] {taskinstance.py:1087} INFO - Dependencies all met for <TaskInstance: pdf_extraction_stages.extract_with_nanonets manual__2024-10-05T14:09:45.887173+00:00 [queued]>
[2024-10-05T14:09:54.687+0000] {taskinstance.py:1283} INFO - 
--------------------------------------------------------------------------------
[2024-10-05T14:09:54.688+0000] {taskinstance.py:1284} INFO - Starting attempt 1 of 2
[2024-10-05T14:09:54.688+0000] {taskinstance.py:1285} INFO - 
--------------------------------------------------------------------------------
[2024-10-05T14:09:54.706+0000] {taskinstance.py:1304} INFO - Executing <Task(PythonOperator): extract_with_nanonets> on 2024-10-05 14:09:45.887173+00:00
[2024-10-05T14:09:54.711+0000] {standard_task_runner.py:55} INFO - Started process 13922 to run task
[2024-10-05T14:09:54.713+0000] {standard_task_runner.py:82} INFO - Running: ['***', 'tasks', 'run', 'pdf_extraction_stages', 'extract_with_nanonets', 'manual__2024-10-05T14:09:45.887173+00:00', '--job-id', '87', '--raw', '--subdir', 'DAGS_FOLDER/PDF-ETL.py', '--cfg-path', '/tmp/tmpx2d0fetj']
[2024-10-05T14:09:54.714+0000] {standard_task_runner.py:83} INFO - Job 87: Subtask extract_with_nanonets
[2024-10-05T14:09:54.738+0000] {logging_mixin.py:137} WARNING - /home/***/.local/lib/python3.7/site-packages/***/settings.py:249 DeprecationWarning: The sql_alchemy_conn option in [core] has been moved to the sql_alchemy_conn option in [database] - the old setting has been used, but please update your config.
[2024-10-05T14:09:54.817+0000] {task_command.py:389} INFO - Running <TaskInstance: pdf_extraction_stages.extract_with_nanonets manual__2024-10-05T14:09:45.887173+00:00 [running]> on host 93d8e18bedbe
[2024-10-05T14:09:54.924+0000] {taskinstance.py:1513} INFO - Exporting the following env vars:
AIRFLOW_CTX_DAG_OWNER=***
AIRFLOW_CTX_DAG_ID=pdf_extraction_stages
AIRFLOW_CTX_TASK_ID=extract_with_nanonets
AIRFLOW_CTX_EXECUTION_DATE=2024-10-05T14:09:45.887173+00:00
AIRFLOW_CTX_TRY_NUMBER=1
AIRFLOW_CTX_DAG_RUN_ID=manual__2024-10-05T14:09:45.887173+00:00
[2024-10-05T14:09:55.663+0000] {logging_mixin.py:137} INFO - Failed to extract with Nanonets API. Status Code: 401
[2024-10-05T14:09:55.664+0000] {logging_mixin.py:137} INFO - Response Text: {"message":"Unauthorized","code":401,"errors":[{"reason":"Api Key Missing in request","message":"Add api key in request header as explained here: https://app.nanonets.com/documentation#authentication"}]}
[2024-10-05T14:09:56.163+0000] {logging_mixin.py:137} INFO - Failed to extract with Nanonets API. Status Code: 401
[2024-10-05T14:09:56.164+0000] {logging_mixin.py:137} INFO - Response Text: {"message":"Unauthorized","code":401,"errors":[{"reason":"Api Key Missing in request","message":"Add api key in request header as explained here: https://app.nanonets.com/documentation#authentication"}]}
[2024-10-05T14:09:56.647+0000] {logging_mixin.py:137} INFO - Failed to extract with Nanonets API. Status Code: 401
[2024-10-05T14:09:56.648+0000] {logging_mixin.py:137} INFO - Response Text: {"message":"Unauthorized","code":401,"errors":[{"reason":"Api Key Missing in request","message":"Add api key in request header as explained here: https://app.nanonets.com/documentation#authentication"}]}
[2024-10-05T14:09:57.214+0000] {logging_mixin.py:137} INFO - Failed to extract with Nanonets API. Status Code: 401
[2024-10-05T14:09:57.214+0000] {logging_mixin.py:137} INFO - Response Text: {"message":"Unauthorized","code":401,"errors":[{"reason":"Api Key Missing in request","message":"Add api key in request header as explained here: https://app.nanonets.com/documentation#authentication"}]}
[2024-10-05T14:09:57.707+0000] {logging_mixin.py:137} INFO - Failed to extract with Nanonets API. Status Code: 401
[2024-10-05T14:09:57.708+0000] {logging_mixin.py:137} INFO - Response Text: {"message":"Unauthorized","code":401,"errors":[{"reason":"Api Key Missing in request","message":"Add api key in request header as explained here: https://app.nanonets.com/documentation#authentication"}]}
[2024-10-05T14:09:58.189+0000] {logging_mixin.py:137} INFO - Failed to extract with Nanonets API. Status Code: 401
[2024-10-05T14:09:58.190+0000] {logging_mixin.py:137} INFO - Response Text: {"message":"Unauthorized","code":401,"errors":[{"reason":"Api Key Missing in request","message":"Add api key in request header as explained here: https://app.nanonets.com/documentation#authentication"}]}
[2024-10-05T14:09:58.865+0000] {logging_mixin.py:137} INFO - Failed to extract with Nanonets API. Status Code: 401
[2024-10-05T14:09:58.866+0000] {logging_mixin.py:137} INFO - Response Text: {"message":"Unauthorized","code":401,"errors":[{"reason":"Api Key Missing in request","message":"Add api key in request header as explained here: https://app.nanonets.com/documentation#authentication"}]}
[2024-10-05T14:09:59.355+0000] {logging_mixin.py:137} INFO - Failed to extract with Nanonets API. Status Code: 401
[2024-10-05T14:09:59.356+0000] {logging_mixin.py:137} INFO - Response Text: {"message":"Unauthorized","code":401,"errors":[{"reason":"Api Key Missing in request","message":"Add api key in request header as explained here: https://app.nanonets.com/documentation#authentication"}]}
[2024-10-05T14:10:02.359+0000] {logging_mixin.py:137} INFO - Failed to extract with Nanonets API. Status Code: 401
[2024-10-05T14:10:02.359+0000] {logging_mixin.py:137} INFO - Response Text: {"message":"Unauthorized","code":401,"errors":[{"reason":"Api Key Missing in request","message":"Add api key in request header as explained here: https://app.nanonets.com/documentation#authentication"}]}
[2024-10-05T14:10:02.977+0000] {logging_mixin.py:137} INFO - Failed to extract with Nanonets API. Status Code: 401
[2024-10-05T14:10:02.978+0000] {logging_mixin.py:137} INFO - Response Text: {"message":"Unauthorized","code":401,"errors":[{"reason":"Api Key Missing in request","message":"Add api key in request header as explained here: https://app.nanonets.com/documentation#authentication"}]}
[2024-10-05T14:10:03.472+0000] {logging_mixin.py:137} INFO - Failed to extract with Nanonets API. Status Code: 401
[2024-10-05T14:10:03.473+0000] {logging_mixin.py:137} INFO - Response Text: {"message":"Unauthorized","code":401,"errors":[{"reason":"Api Key Missing in request","message":"Add api key in request header as explained here: https://app.nanonets.com/documentation#authentication"}]}
[2024-10-05T14:10:03.971+0000] {logging_mixin.py:137} INFO - Failed to extract with Nanonets API. Status Code: 401
[2024-10-05T14:10:03.971+0000] {logging_mixin.py:137} INFO - Response Text: {"message":"Unauthorized","code":401,"errors":[{"reason":"Api Key Missing in request","message":"Add api key in request header as explained here: https://app.nanonets.com/documentation#authentication"}]}
[2024-10-05T14:10:04.463+0000] {logging_mixin.py:137} INFO - Failed to extract with Nanonets API. Status Code: 401
[2024-10-05T14:10:04.464+0000] {logging_mixin.py:137} INFO - Response Text: {"message":"Unauthorized","code":401,"errors":[{"reason":"Api Key Missing in request","message":"Add api key in request header as explained here: https://app.nanonets.com/documentation#authentication"}]}
[2024-10-05T14:10:04.464+0000] {python.py:177} INFO - Done. Returned value was: None
[2024-10-05T14:10:04.480+0000] {taskinstance.py:1327} INFO - Marking task as SUCCESS. dag_id=pdf_extraction_stages, task_id=extract_with_nanonets, execution_date=20241005T140945, start_date=20241005T140954, end_date=20241005T141004
[2024-10-05T14:10:04.514+0000] {local_task_job.py:159} INFO - Task exited with return code 0
[2024-10-05T14:10:04.547+0000] {taskinstance.py:2582} INFO - 1 downstream tasks scheduled from follow-on schedule check
