[2024-10-07T03:39:48.350+0000] {taskinstance.py:1087} INFO - Dependencies all met for <TaskInstance: pdf_extraction_with_pymupdf_and_convertapi_and_embeddings.embed_and_store_pdf_pages manual__2024-10-07T03:39:28.142677+00:00 [queued]>
[2024-10-07T03:39:48.360+0000] {taskinstance.py:1087} INFO - Dependencies all met for <TaskInstance: pdf_extraction_with_pymupdf_and_convertapi_and_embeddings.embed_and_store_pdf_pages manual__2024-10-07T03:39:28.142677+00:00 [queued]>
[2024-10-07T03:39:48.360+0000] {taskinstance.py:1283} INFO - 
--------------------------------------------------------------------------------
[2024-10-07T03:39:48.361+0000] {taskinstance.py:1284} INFO - Starting attempt 1 of 3
[2024-10-07T03:39:48.361+0000] {taskinstance.py:1285} INFO - 
--------------------------------------------------------------------------------
[2024-10-07T03:39:48.383+0000] {taskinstance.py:1304} INFO - Executing <Task(PythonOperator): embed_and_store_pdf_pages> on 2024-10-07 03:39:28.142677+00:00
[2024-10-07T03:39:48.390+0000] {standard_task_runner.py:55} INFO - Started process 1529 to run task
[2024-10-07T03:39:48.392+0000] {standard_task_runner.py:82} INFO - Running: ['***', 'tasks', 'run', 'pdf_extraction_with_pymupdf_and_convertapi_and_embeddings', 'embed_and_store_pdf_pages', 'manual__2024-10-07T03:39:28.142677+00:00', '--job-id', '337', '--raw', '--subdir', 'DAGS_FOLDER/ETL-ConvertAPI.py', '--cfg-path', '/tmp/tmpjm630r6c']
[2024-10-07T03:39:48.393+0000] {standard_task_runner.py:83} INFO - Job 337: Subtask embed_and_store_pdf_pages
[2024-10-07T03:39:48.419+0000] {logging_mixin.py:137} WARNING - /home/***/.local/lib/python3.7/site-packages/***/settings.py:249 DeprecationWarning: The sql_alchemy_conn option in [core] has been moved to the sql_alchemy_conn option in [database] - the old setting has been used, but please update your config.
[2024-10-07T03:39:48.517+0000] {task_command.py:389} INFO - Running <TaskInstance: pdf_extraction_with_pymupdf_and_convertapi_and_embeddings.embed_and_store_pdf_pages manual__2024-10-07T03:39:28.142677+00:00 [running]> on host 1350c74cd1fb
[2024-10-07T03:39:48.645+0000] {taskinstance.py:1513} INFO - Exporting the following env vars:
AIRFLOW_CTX_DAG_OWNER=***
AIRFLOW_CTX_DAG_ID=pdf_extraction_with_pymupdf_and_convertapi_and_embeddings
AIRFLOW_CTX_TASK_ID=embed_and_store_pdf_pages
AIRFLOW_CTX_EXECUTION_DATE=2024-10-07T03:39:28.142677+00:00
AIRFLOW_CTX_TRY_NUMBER=1
AIRFLOW_CTX_DAG_RUN_ID=manual__2024-10-07T03:39:28.142677+00:00
[2024-10-07T03:39:48.719+0000] {logging_mixin.py:137} INFO - Missing extracted data paths for gaia/2023/test/021a5339-744f-42b7-bd9b-9368b3efda7a.pdf. PyMuPDF path: None, ConvertAPI path: None
[2024-10-07T03:39:48.767+0000] {logging_mixin.py:137} INFO - Missing extracted data paths for gaia/2023/test/example.pdf. PyMuPDF path: None, ConvertAPI path: None
[2024-10-07T03:39:48.812+0000] {logging_mixin.py:137} INFO - Missing extracted data paths for gaia/2023/validation/366e2f2b-8632-4ef2-81eb-bc3877489217.pdf. PyMuPDF path: None, ConvertAPI path: None
[2024-10-07T03:39:48.813+0000] {python.py:177} INFO - Done. Returned value was: None
[2024-10-07T03:39:48.836+0000] {taskinstance.py:1327} INFO - Marking task as SUCCESS. dag_id=pdf_extraction_with_pymupdf_and_convertapi_and_embeddings, task_id=embed_and_store_pdf_pages, execution_date=20241007T033928, start_date=20241007T033948, end_date=20241007T033948
[2024-10-07T03:39:48.886+0000] {local_task_job.py:159} INFO - Task exited with return code 0
[2024-10-07T03:39:48.920+0000] {taskinstance.py:2582} INFO - 0 downstream tasks scheduled from follow-on schedule check
