[2024-10-06T06:31:08.441+0000] {taskinstance.py:1087} INFO - Dependencies all met for <TaskInstance: pdf_extraction_with_pymupdf_and_convertapi.extract_with_convertapi manual__2024-10-06T06:31:01.370415+00:00 [queued]>
[2024-10-06T06:31:08.450+0000] {taskinstance.py:1087} INFO - Dependencies all met for <TaskInstance: pdf_extraction_with_pymupdf_and_convertapi.extract_with_convertapi manual__2024-10-06T06:31:01.370415+00:00 [queued]>
[2024-10-06T06:31:08.451+0000] {taskinstance.py:1283} INFO - 
--------------------------------------------------------------------------------
[2024-10-06T06:31:08.451+0000] {taskinstance.py:1284} INFO - Starting attempt 1 of 2
[2024-10-06T06:31:08.451+0000] {taskinstance.py:1285} INFO - 
--------------------------------------------------------------------------------
[2024-10-06T06:31:08.465+0000] {taskinstance.py:1304} INFO - Executing <Task(PythonOperator): extract_with_convertapi> on 2024-10-06 06:31:01.370415+00:00
[2024-10-06T06:31:08.470+0000] {standard_task_runner.py:55} INFO - Started process 7308 to run task
[2024-10-06T06:31:08.472+0000] {standard_task_runner.py:82} INFO - Running: ['***', 'tasks', 'run', 'pdf_extraction_with_pymupdf_and_convertapi', 'extract_with_convertapi', 'manual__2024-10-06T06:31:01.370415+00:00', '--job-id', '280', '--raw', '--subdir', 'DAGS_FOLDER/ETL-ConvertAPI.py', '--cfg-path', '/tmp/tmp2okp3pag']
[2024-10-06T06:31:08.474+0000] {standard_task_runner.py:83} INFO - Job 280: Subtask extract_with_convertapi
[2024-10-06T06:31:08.494+0000] {logging_mixin.py:137} WARNING - /home/***/.local/lib/python3.7/site-packages/***/settings.py:249 DeprecationWarning: The sql_alchemy_conn option in [core] has been moved to the sql_alchemy_conn option in [database] - the old setting has been used, but please update your config.
[2024-10-06T06:31:08.569+0000] {task_command.py:389} INFO - Running <TaskInstance: pdf_extraction_with_pymupdf_and_convertapi.extract_with_convertapi manual__2024-10-06T06:31:01.370415+00:00 [running]> on host c14bde59b801
[2024-10-06T06:31:08.668+0000] {taskinstance.py:1513} INFO - Exporting the following env vars:
AIRFLOW_CTX_DAG_OWNER=***
AIRFLOW_CTX_DAG_ID=pdf_extraction_with_pymupdf_and_convertapi
AIRFLOW_CTX_TASK_ID=extract_with_convertapi
AIRFLOW_CTX_EXECUTION_DATE=2024-10-06T06:31:01.370415+00:00
AIRFLOW_CTX_TRY_NUMBER=1
AIRFLOW_CTX_DAG_RUN_ID=manual__2024-10-06T06:31:01.370415+00:00
[2024-10-06T06:31:10.466+0000] {logging_mixin.py:137} INFO - Failed to extract images. Status Code: 500
[2024-10-06T06:31:10.466+0000] {taskinstance.py:1772} ERROR - Task failed with exception
Traceback (most recent call last):
  File "/home/airflow/.local/lib/python3.7/site-packages/airflow/operators/python.py", line 175, in execute
    return_value = self.execute_callable()
  File "/home/airflow/.local/lib/python3.7/site-packages/airflow/operators/python.py", line 192, in execute_callable
    return self.python_callable(*self.op_args, **self.op_kwargs)
  File "/opt/airflow/dags/ETL-ConvertAPI.py", line 129, in extract_with_convertapi
    image_result = extract_images()
  File "/opt/airflow/dags/ETL-ConvertAPI.py", line 124, in extract_images
    raise Exception(f"ConvertAPI Image Extraction Failed with Status Code {response.status_code}")
Exception: ConvertAPI Image Extraction Failed with Status Code 500
[2024-10-06T06:31:10.485+0000] {taskinstance.py:1327} INFO - Marking task as UP_FOR_RETRY. dag_id=pdf_extraction_with_pymupdf_and_convertapi, task_id=extract_with_convertapi, execution_date=20241006T063101, start_date=20241006T063108, end_date=20241006T063110
[2024-10-06T06:31:10.500+0000] {standard_task_runner.py:105} ERROR - Failed to execute job 280 for task extract_with_convertapi (ConvertAPI Image Extraction Failed with Status Code 500; 7308)
[2024-10-06T06:31:10.532+0000] {local_task_job.py:159} INFO - Task exited with return code 1
[2024-10-06T06:31:10.564+0000] {taskinstance.py:2582} INFO - 0 downstream tasks scheduled from follow-on schedule check
