[2024-10-06T06:02:02.588+0000] {taskinstance.py:1087} INFO - Dependencies all met for <TaskInstance: pdf_extraction_with_pymupdf_and_convertapi.upload_to_s3 manual__2024-10-06T06:01:53.559967+00:00 [queued]>
[2024-10-06T06:02:02.598+0000] {taskinstance.py:1087} INFO - Dependencies all met for <TaskInstance: pdf_extraction_with_pymupdf_and_convertapi.upload_to_s3 manual__2024-10-06T06:01:53.559967+00:00 [queued]>
[2024-10-06T06:02:02.598+0000] {taskinstance.py:1283} INFO - 
--------------------------------------------------------------------------------
[2024-10-06T06:02:02.599+0000] {taskinstance.py:1284} INFO - Starting attempt 1 of 2
[2024-10-06T06:02:02.599+0000] {taskinstance.py:1285} INFO - 
--------------------------------------------------------------------------------
[2024-10-06T06:02:02.613+0000] {taskinstance.py:1304} INFO - Executing <Task(PythonOperator): upload_to_s3> on 2024-10-06 06:01:53.559967+00:00
[2024-10-06T06:02:02.620+0000] {standard_task_runner.py:55} INFO - Started process 6139 to run task
[2024-10-06T06:02:02.623+0000] {standard_task_runner.py:82} INFO - Running: ['***', 'tasks', 'run', 'pdf_extraction_with_pymupdf_and_convertapi', 'upload_to_s3', 'manual__2024-10-06T06:01:53.559967+00:00', '--job-id', '243', '--raw', '--subdir', 'DAGS_FOLDER/ETL-ConvertAPI.py', '--cfg-path', '/tmp/tmpsjstfku7']
[2024-10-06T06:02:02.625+0000] {standard_task_runner.py:83} INFO - Job 243: Subtask upload_to_s3
[2024-10-06T06:02:02.653+0000] {logging_mixin.py:137} WARNING - /home/***/.local/lib/python3.7/site-packages/***/settings.py:249 DeprecationWarning: The sql_alchemy_conn option in [core] has been moved to the sql_alchemy_conn option in [database] - the old setting has been used, but please update your config.
[2024-10-06T06:02:02.737+0000] {task_command.py:389} INFO - Running <TaskInstance: pdf_extraction_with_pymupdf_and_convertapi.upload_to_s3 manual__2024-10-06T06:01:53.559967+00:00 [running]> on host c14bde59b801
[2024-10-06T06:02:02.846+0000] {taskinstance.py:1513} INFO - Exporting the following env vars:
AIRFLOW_CTX_DAG_OWNER=***
AIRFLOW_CTX_DAG_ID=pdf_extraction_with_pymupdf_and_convertapi
AIRFLOW_CTX_TASK_ID=upload_to_s3
AIRFLOW_CTX_EXECUTION_DATE=2024-10-06T06:01:53.559967+00:00
AIRFLOW_CTX_TRY_NUMBER=1
AIRFLOW_CTX_DAG_RUN_ID=manual__2024-10-06T06:01:53.559967+00:00
[2024-10-06T06:02:03.310+0000] {logging_mixin.py:137} INFO - Uploaded /tmp/pymupdf_e9a2c537-8232-4c3f-85b0-b52de6bcba99.pdf.json to pymupdf/pymupdf_e9a2c537-8232-4c3f-85b0-b52de6bcba99.pdf.json
[2024-10-06T06:02:03.332+0000] {python.py:177} INFO - Done. Returned value was: None
[2024-10-06T06:02:03.352+0000] {taskinstance.py:1327} INFO - Marking task as SUCCESS. dag_id=pdf_extraction_with_pymupdf_and_convertapi, task_id=upload_to_s3, execution_date=20241006T060153, start_date=20241006T060202, end_date=20241006T060203
[2024-10-06T06:02:03.401+0000] {local_task_job.py:159} INFO - Task exited with return code 0
[2024-10-06T06:02:03.429+0000] {taskinstance.py:2582} INFO - 0 downstream tasks scheduled from follow-on schedule check
