[2024-10-06T04:13:50.496+0000] {taskinstance.py:1087} INFO - Dependencies all met for <TaskInstance: pdf_extraction_with_dochorizon.extract_with_dochorizon manual__2024-10-06T04:13:41.768249+00:00 [queued]>
[2024-10-06T04:13:50.506+0000] {taskinstance.py:1087} INFO - Dependencies all met for <TaskInstance: pdf_extraction_with_dochorizon.extract_with_dochorizon manual__2024-10-06T04:13:41.768249+00:00 [queued]>
[2024-10-06T04:13:50.506+0000] {taskinstance.py:1283} INFO - 
--------------------------------------------------------------------------------
[2024-10-06T04:13:50.507+0000] {taskinstance.py:1284} INFO - Starting attempt 1 of 2
[2024-10-06T04:13:50.507+0000] {taskinstance.py:1285} INFO - 
--------------------------------------------------------------------------------
[2024-10-06T04:13:50.522+0000] {taskinstance.py:1304} INFO - Executing <Task(PythonOperator): extract_with_dochorizon> on 2024-10-06 04:13:41.768249+00:00
[2024-10-06T04:13:50.528+0000] {standard_task_runner.py:55} INFO - Started process 3328 to run task
[2024-10-06T04:13:50.531+0000] {standard_task_runner.py:82} INFO - Running: ['***', 'tasks', 'run', 'pdf_extraction_with_dochorizon', 'extract_with_dochorizon', 'manual__2024-10-06T04:13:41.768249+00:00', '--job-id', '181', '--raw', '--subdir', 'DAGS_FOLDER/PDF-Klippa.py', '--cfg-path', '/tmp/tmphqn5gftl']
[2024-10-06T04:13:50.533+0000] {standard_task_runner.py:83} INFO - Job 181: Subtask extract_with_dochorizon
[2024-10-06T04:13:50.558+0000] {logging_mixin.py:137} WARNING - /home/***/.local/lib/python3.7/site-packages/***/settings.py:249 DeprecationWarning: The sql_alchemy_conn option in [core] has been moved to the sql_alchemy_conn option in [database] - the old setting has been used, but please update your config.
[2024-10-06T04:13:50.634+0000] {task_command.py:389} INFO - Running <TaskInstance: pdf_extraction_with_dochorizon.extract_with_dochorizon manual__2024-10-06T04:13:41.768249+00:00 [running]> on host c14bde59b801
[2024-10-06T04:13:50.738+0000] {taskinstance.py:1513} INFO - Exporting the following env vars:
AIRFLOW_CTX_DAG_OWNER=***
AIRFLOW_CTX_DAG_ID=pdf_extraction_with_dochorizon
AIRFLOW_CTX_TASK_ID=extract_with_dochorizon
AIRFLOW_CTX_EXECUTION_DATE=2024-10-06T04:13:41.768249+00:00
AIRFLOW_CTX_TRY_NUMBER=1
AIRFLOW_CTX_DAG_RUN_ID=manual__2024-10-06T04:13:41.768249+00:00
[2024-10-06T04:13:51.676+0000] {logging_mixin.py:137} INFO - Failed to extract with DocHorizon info API. Status Code: 400
[2024-10-06T04:13:52.243+0000] {logging_mixin.py:137} INFO - Failed to extract with DocHorizon info API. Status Code: 400
[2024-10-06T04:13:52.833+0000] {logging_mixin.py:137} INFO - Failed to extract with DocHorizon info API. Status Code: 400
[2024-10-06T04:13:53.486+0000] {logging_mixin.py:137} INFO - Failed to extract with DocHorizon info API. Status Code: 400
[2024-10-06T04:13:54.033+0000] {logging_mixin.py:137} INFO - Failed to extract with DocHorizon info API. Status Code: 400
[2024-10-06T04:13:54.592+0000] {logging_mixin.py:137} INFO - Failed to extract with DocHorizon info API. Status Code: 400
[2024-10-06T04:13:55.354+0000] {logging_mixin.py:137} INFO - Failed to extract with DocHorizon info API. Status Code: 400
[2024-10-06T04:13:55.947+0000] {logging_mixin.py:137} INFO - Failed to extract with DocHorizon info API. Status Code: 400
[2024-10-06T04:13:56.510+0000] {logging_mixin.py:137} INFO - Failed to extract with DocHorizon info API. Status Code: 400
[2024-10-06T04:13:57.053+0000] {logging_mixin.py:137} INFO - Failed to extract with DocHorizon info API. Status Code: 400
[2024-10-06T04:13:57.607+0000] {logging_mixin.py:137} INFO - Failed to extract with DocHorizon info API. Status Code: 400
[2024-10-06T04:13:58.179+0000] {logging_mixin.py:137} INFO - Failed to extract with DocHorizon info API. Status Code: 400
[2024-10-06T04:13:58.180+0000] {python.py:177} INFO - Done. Returned value was: None
[2024-10-06T04:13:58.200+0000] {taskinstance.py:1327} INFO - Marking task as SUCCESS. dag_id=pdf_extraction_with_dochorizon, task_id=extract_with_dochorizon, execution_date=20241006T041341, start_date=20241006T041350, end_date=20241006T041358
[2024-10-06T04:13:58.243+0000] {local_task_job.py:159} INFO - Task exited with return code 0
[2024-10-06T04:13:58.274+0000] {taskinstance.py:2582} INFO - 1 downstream tasks scheduled from follow-on schedule check
