[2024-10-08T04:14:41.314+0000] {taskinstance.py:1165} INFO - Dependencies all met for <TaskInstance: pdf_extraction_with_pymupdf_and_convertapi.upload_to_s3 manual__2024-10-08T04:13:27.138433+00:00 [queued]>
[2024-10-08T04:14:41.325+0000] {taskinstance.py:1165} INFO - Dependencies all met for <TaskInstance: pdf_extraction_with_pymupdf_and_convertapi.upload_to_s3 manual__2024-10-08T04:13:27.138433+00:00 [queued]>
[2024-10-08T04:14:41.325+0000] {taskinstance.py:1362} INFO - 
--------------------------------------------------------------------------------
[2024-10-08T04:14:41.326+0000] {taskinstance.py:1363} INFO - Starting attempt 1 of 3
[2024-10-08T04:14:41.326+0000] {taskinstance.py:1364} INFO - 
--------------------------------------------------------------------------------
[2024-10-08T04:14:41.340+0000] {taskinstance.py:1383} INFO - Executing <Task(PythonOperator): upload_to_s3> on 2024-10-08 04:13:27.138433+00:00
[2024-10-08T04:14:41.347+0000] {standard_task_runner.py:55} INFO - Started process 30453 to run task
[2024-10-08T04:14:41.350+0000] {standard_task_runner.py:82} INFO - Running: ['***', 'tasks', 'run', 'pdf_extraction_with_pymupdf_and_convertapi', 'upload_to_s3', 'manual__2024-10-08T04:13:27.138433+00:00', '--job-id', '132', '--raw', '--subdir', 'DAGS_FOLDER/ETL-ConvertAPI.py', '--cfg-path', '/tmp/tmpvb4rr9dy']
[2024-10-08T04:14:41.352+0000] {standard_task_runner.py:83} INFO - Job 132: Subtask upload_to_s3
[2024-10-08T04:14:41.454+0000] {task_command.py:376} INFO - Running <TaskInstance: pdf_extraction_with_pymupdf_and_convertapi.upload_to_s3 manual__2024-10-08T04:13:27.138433+00:00 [running]> on host 65f7b1aa1c1b
[2024-10-08T04:14:41.551+0000] {taskinstance.py:1590} INFO - Exporting the following env vars:
AIRFLOW_CTX_DAG_OWNER=***
AIRFLOW_CTX_DAG_ID=pdf_extraction_with_pymupdf_and_convertapi
AIRFLOW_CTX_TASK_ID=upload_to_s3
AIRFLOW_CTX_EXECUTION_DATE=2024-10-08T04:13:27.138433+00:00
AIRFLOW_CTX_TRY_NUMBER=1
AIRFLOW_CTX_DAG_RUN_ID=manual__2024-10-08T04:13:27.138433+00:00
[2024-10-08T04:14:42.276+0000] {logging_mixin.py:137} INFO - Uploaded results for 021a5339-744f-42b7-bd9b-9368b3efda7a.pdf to S3.
[2024-10-08T04:14:42.750+0000] {logging_mixin.py:137} INFO - Uploaded results for 32f386b9-73ee-4455-b412-ddad508aa979.pdf to S3.
[2024-10-08T04:14:43.277+0000] {logging_mixin.py:137} INFO - Uploaded results for 4044eab7-1282-42bd-a559-3bf3a4d5858e.pdf to S3.
[2024-10-08T04:14:43.716+0000] {logging_mixin.py:137} INFO - Uploaded results for 634fca59-03b2-4cdf-9ce4-0205df22f256.pdf to S3.
[2024-10-08T04:14:44.148+0000] {logging_mixin.py:137} INFO - Uploaded results for 680d7d77-c0c7-49c8-88fd-f8ec623645e9.pdf to S3.
[2024-10-08T04:14:44.607+0000] {logging_mixin.py:137} INFO - Uploaded results for 7c215d46-91c7-424e-9f22-37d43ab73ea6.pdf to S3.
[2024-10-08T04:14:45.159+0000] {logging_mixin.py:137} INFO - Uploaded results for 8f697523-6988-4c4f-8d72-760a45681f68.pdf to S3.
[2024-10-08T04:14:45.772+0000] {logging_mixin.py:137} INFO - Uploaded results for b3654e47-4307-442c-a09c-945b33b913c6.pdf to S3.
[2024-10-08T04:15:07.095+0000] {logging_mixin.py:137} INFO - Uploaded results for be353748-74eb-4904-8f17-f180ce087f1a.pdf to S3.
[2024-10-08T04:15:07.549+0000] {logging_mixin.py:137} INFO - Uploaded results for c4456885-2f03-436f-8fe9-0b4ca6822cdb.pdf to S3.
[2024-10-08T04:15:08.049+0000] {logging_mixin.py:137} INFO - Uploaded results for 366e2f2b-8632-4ef2-81eb-bc3877489217.pdf to S3.
[2024-10-08T04:15:08.674+0000] {logging_mixin.py:137} INFO - Uploaded results for 67e8878b-5cef-4375-804e-e6291fdbe78a.pdf to S3.
[2024-10-08T04:15:09.154+0000] {logging_mixin.py:137} INFO - Uploaded results for e9a2c537-8232-4c3f-85b0-b52de6bcba99.pdf to S3.
[2024-10-08T04:15:09.155+0000] {python.py:177} INFO - Done. Returned value was: None
[2024-10-08T04:15:09.172+0000] {taskinstance.py:1401} INFO - Marking task as SUCCESS. dag_id=pdf_extraction_with_pymupdf_and_convertapi, task_id=upload_to_s3, execution_date=20241008T041327, start_date=20241008T041441, end_date=20241008T041509
[2024-10-08T04:15:09.217+0000] {local_task_job.py:159} INFO - Task exited with return code 0
[2024-10-08T04:15:09.242+0000] {taskinstance.py:2623} INFO - 0 downstream tasks scheduled from follow-on schedule check
