[2024-10-06T02:51:48.497+0000] {taskinstance.py:1087} INFO - Dependencies all met for <TaskInstance: pdf_extraction_with_dochorizon.extract_with_dochorizon manual__2024-10-06T02:51:40.352322+00:00 [queued]>
[2024-10-06T02:51:48.508+0000] {taskinstance.py:1087} INFO - Dependencies all met for <TaskInstance: pdf_extraction_with_dochorizon.extract_with_dochorizon manual__2024-10-06T02:51:40.352322+00:00 [queued]>
[2024-10-06T02:51:48.508+0000] {taskinstance.py:1283} INFO - 
--------------------------------------------------------------------------------
[2024-10-06T02:51:48.509+0000] {taskinstance.py:1284} INFO - Starting attempt 1 of 2
[2024-10-06T02:51:48.509+0000] {taskinstance.py:1285} INFO - 
--------------------------------------------------------------------------------
[2024-10-06T02:51:48.525+0000] {taskinstance.py:1304} INFO - Executing <Task(PythonOperator): extract_with_dochorizon> on 2024-10-06 02:51:40.352322+00:00
[2024-10-06T02:51:48.529+0000] {standard_task_runner.py:55} INFO - Started process 1539 to run task
[2024-10-06T02:51:48.532+0000] {standard_task_runner.py:82} INFO - Running: ['***', 'tasks', 'run', 'pdf_extraction_with_dochorizon', 'extract_with_dochorizon', 'manual__2024-10-06T02:51:40.352322+00:00', '--job-id', '157', '--raw', '--subdir', 'DAGS_FOLDER/PDF-Klippa.py', '--cfg-path', '/tmp/tmpznfz7c72']
[2024-10-06T02:51:48.533+0000] {standard_task_runner.py:83} INFO - Job 157: Subtask extract_with_dochorizon
[2024-10-06T02:51:48.561+0000] {logging_mixin.py:137} WARNING - /home/***/.local/lib/python3.7/site-packages/***/settings.py:249 DeprecationWarning: The sql_alchemy_conn option in [core] has been moved to the sql_alchemy_conn option in [database] - the old setting has been used, but please update your config.
[2024-10-06T02:51:48.644+0000] {task_command.py:389} INFO - Running <TaskInstance: pdf_extraction_with_dochorizon.extract_with_dochorizon manual__2024-10-06T02:51:40.352322+00:00 [running]> on host c14bde59b801
[2024-10-06T02:51:48.742+0000] {taskinstance.py:1513} INFO - Exporting the following env vars:
AIRFLOW_CTX_DAG_OWNER=***
AIRFLOW_CTX_DAG_ID=pdf_extraction_with_dochorizon
AIRFLOW_CTX_TASK_ID=extract_with_dochorizon
AIRFLOW_CTX_EXECUTION_DATE=2024-10-06T02:51:40.352322+00:00
AIRFLOW_CTX_TRY_NUMBER=1
AIRFLOW_CTX_DAG_RUN_ID=manual__2024-10-06T02:51:40.352322+00:00
[2024-10-06T02:51:49.680+0000] {logging_mixin.py:137} INFO - Failed to extract with DocHorizon components API. Status Code: 403
[2024-10-06T02:51:50.009+0000] {logging_mixin.py:137} INFO - Failed to extract with DocHorizon info API. Status Code: 403
[2024-10-06T02:51:50.551+0000] {logging_mixin.py:137} INFO - Failed to extract with DocHorizon components API. Status Code: 403
[2024-10-06T02:51:50.878+0000] {logging_mixin.py:137} INFO - Failed to extract with DocHorizon info API. Status Code: 403
[2024-10-06T02:51:51.427+0000] {logging_mixin.py:137} INFO - Failed to extract with DocHorizon components API. Status Code: 403
[2024-10-06T02:51:51.759+0000] {logging_mixin.py:137} INFO - Failed to extract with DocHorizon info API. Status Code: 403
[2024-10-06T02:51:52.433+0000] {logging_mixin.py:137} INFO - Failed to extract with DocHorizon components API. Status Code: 403
[2024-10-06T02:51:52.764+0000] {logging_mixin.py:137} INFO - Failed to extract with DocHorizon info API. Status Code: 403
[2024-10-06T02:51:53.298+0000] {logging_mixin.py:137} INFO - Failed to extract with DocHorizon components API. Status Code: 403
[2024-10-06T02:51:53.630+0000] {logging_mixin.py:137} INFO - Failed to extract with DocHorizon info API. Status Code: 403
[2024-10-06T02:51:54.317+0000] {logging_mixin.py:137} INFO - Failed to extract with DocHorizon components API. Status Code: 403
[2024-10-06T02:51:54.648+0000] {logging_mixin.py:137} INFO - Failed to extract with DocHorizon info API. Status Code: 403
[2024-10-06T02:51:55.420+0000] {logging_mixin.py:137} INFO - Failed to extract with DocHorizon components API. Status Code: 403
[2024-10-06T02:51:55.767+0000] {logging_mixin.py:137} INFO - Failed to extract with DocHorizon info API. Status Code: 403
[2024-10-06T02:51:56.312+0000] {logging_mixin.py:137} INFO - Failed to extract with DocHorizon components API. Status Code: 403
[2024-10-06T02:51:56.670+0000] {logging_mixin.py:137} INFO - Failed to extract with DocHorizon info API. Status Code: 403
[2024-10-06T02:51:57.224+0000] {logging_mixin.py:137} INFO - Failed to extract with DocHorizon components API. Status Code: 403
[2024-10-06T02:51:57.547+0000] {logging_mixin.py:137} INFO - Failed to extract with DocHorizon info API. Status Code: 403
[2024-10-06T02:51:58.084+0000] {logging_mixin.py:137} INFO - Failed to extract with DocHorizon components API. Status Code: 403
[2024-10-06T02:51:58.411+0000] {logging_mixin.py:137} INFO - Failed to extract with DocHorizon info API. Status Code: 403
[2024-10-06T02:51:59.092+0000] {logging_mixin.py:137} INFO - Failed to extract with DocHorizon components API. Status Code: 403
[2024-10-06T02:51:59.409+0000] {logging_mixin.py:137} INFO - Failed to extract with DocHorizon info API. Status Code: 403
[2024-10-06T02:51:59.954+0000] {logging_mixin.py:137} INFO - Failed to extract with DocHorizon components API. Status Code: 403
[2024-10-06T02:52:00.272+0000] {logging_mixin.py:137} INFO - Failed to extract with DocHorizon info API. Status Code: 403
[2024-10-06T02:52:00.273+0000] {python.py:177} INFO - Done. Returned value was: None
[2024-10-06T02:52:00.291+0000] {taskinstance.py:1327} INFO - Marking task as SUCCESS. dag_id=pdf_extraction_with_dochorizon, task_id=extract_with_dochorizon, execution_date=20241006T025140, start_date=20241006T025148, end_date=20241006T025200
[2024-10-06T02:52:00.324+0000] {local_task_job.py:159} INFO - Task exited with return code 0
[2024-10-06T02:52:00.353+0000] {taskinstance.py:2582} INFO - 1 downstream tasks scheduled from follow-on schedule check
