[2024-10-05T14:00:01.634+0000] {taskinstance.py:1087} INFO - Dependencies all met for <TaskInstance: pdf_extraction_stages.extract_with_nanonets manual__2024-10-05T13:59:53.543184+00:00 [queued]>
[2024-10-05T14:00:01.643+0000] {taskinstance.py:1087} INFO - Dependencies all met for <TaskInstance: pdf_extraction_stages.extract_with_nanonets manual__2024-10-05T13:59:53.543184+00:00 [queued]>
[2024-10-05T14:00:01.643+0000] {taskinstance.py:1283} INFO - 
--------------------------------------------------------------------------------
[2024-10-05T14:00:01.644+0000] {taskinstance.py:1284} INFO - Starting attempt 1 of 2
[2024-10-05T14:00:01.645+0000] {taskinstance.py:1285} INFO - 
--------------------------------------------------------------------------------
[2024-10-05T14:00:01.659+0000] {taskinstance.py:1304} INFO - Executing <Task(PythonOperator): extract_with_nanonets> on 2024-10-05 13:59:53.543184+00:00
[2024-10-05T14:00:01.663+0000] {standard_task_runner.py:55} INFO - Started process 13575 to run task
[2024-10-05T14:00:01.665+0000] {standard_task_runner.py:82} INFO - Running: ['***', 'tasks', 'run', 'pdf_extraction_stages', 'extract_with_nanonets', 'manual__2024-10-05T13:59:53.543184+00:00', '--job-id', '56', '--raw', '--subdir', 'DAGS_FOLDER/PDF-ETL.py', '--cfg-path', '/tmp/tmp6sd4fgqg']
[2024-10-05T14:00:01.667+0000] {standard_task_runner.py:83} INFO - Job 56: Subtask extract_with_nanonets
[2024-10-05T14:00:01.690+0000] {logging_mixin.py:137} WARNING - /home/***/.local/lib/python3.7/site-packages/***/settings.py:249 DeprecationWarning: The sql_alchemy_conn option in [core] has been moved to the sql_alchemy_conn option in [database] - the old setting has been used, but please update your config.
[2024-10-05T14:00:01.763+0000] {task_command.py:389} INFO - Running <TaskInstance: pdf_extraction_stages.extract_with_nanonets manual__2024-10-05T13:59:53.543184+00:00 [running]> on host 93d8e18bedbe
[2024-10-05T14:00:01.865+0000] {taskinstance.py:1513} INFO - Exporting the following env vars:
AIRFLOW_CTX_DAG_OWNER=***
AIRFLOW_CTX_DAG_ID=pdf_extraction_stages
AIRFLOW_CTX_TASK_ID=extract_with_nanonets
AIRFLOW_CTX_EXECUTION_DATE=2024-10-05T13:59:53.543184+00:00
AIRFLOW_CTX_TRY_NUMBER=1
AIRFLOW_CTX_DAG_RUN_ID=manual__2024-10-05T13:59:53.543184+00:00
[2024-10-05T14:00:02.622+0000] {logging_mixin.py:137} INFO - Failed to extract with Nanonets API. Status Code: 401
[2024-10-05T14:00:02.623+0000] {logging_mixin.py:137} INFO - Response Text: {"message":"Unauthorized","code":401,"errors":[{"reason":"Api Key Missing in request","message":"Add api key in request header as explained here: https://app.nanonets.com/documentation#authentication"}]}
[2024-10-05T14:00:03.104+0000] {logging_mixin.py:137} INFO - Failed to extract with Nanonets API. Status Code: 401
[2024-10-05T14:00:03.105+0000] {logging_mixin.py:137} INFO - Response Text: {"message":"Unauthorized","code":401,"errors":[{"reason":"Api Key Missing in request","message":"Add api key in request header as explained here: https://app.nanonets.com/documentation#authentication"}]}
[2024-10-05T14:00:03.592+0000] {logging_mixin.py:137} INFO - Failed to extract with Nanonets API. Status Code: 401
[2024-10-05T14:00:03.592+0000] {logging_mixin.py:137} INFO - Response Text: {"message":"Unauthorized","code":401,"errors":[{"reason":"Api Key Missing in request","message":"Add api key in request header as explained here: https://app.nanonets.com/documentation#authentication"}]}
[2024-10-05T14:00:04.161+0000] {logging_mixin.py:137} INFO - Failed to extract with Nanonets API. Status Code: 401
[2024-10-05T14:00:04.162+0000] {logging_mixin.py:137} INFO - Response Text: {"message":"Unauthorized","code":401,"errors":[{"reason":"Api Key Missing in request","message":"Add api key in request header as explained here: https://app.nanonets.com/documentation#authentication"}]}
[2024-10-05T14:00:04.652+0000] {logging_mixin.py:137} INFO - Failed to extract with Nanonets API. Status Code: 401
[2024-10-05T14:00:04.653+0000] {logging_mixin.py:137} INFO - Response Text: {"message":"Unauthorized","code":401,"errors":[{"reason":"Api Key Missing in request","message":"Add api key in request header as explained here: https://app.nanonets.com/documentation#authentication"}]}
[2024-10-05T14:00:05.147+0000] {logging_mixin.py:137} INFO - Failed to extract with Nanonets API. Status Code: 401
[2024-10-05T14:00:05.148+0000] {logging_mixin.py:137} INFO - Response Text: {"message":"Unauthorized","code":401,"errors":[{"reason":"Api Key Missing in request","message":"Add api key in request header as explained here: https://app.nanonets.com/documentation#authentication"}]}
[2024-10-05T14:00:05.850+0000] {logging_mixin.py:137} INFO - Failed to extract with Nanonets API. Status Code: 401
[2024-10-05T14:00:05.851+0000] {logging_mixin.py:137} INFO - Response Text: {"message":"Unauthorized","code":401,"errors":[{"reason":"Api Key Missing in request","message":"Add api key in request header as explained here: https://app.nanonets.com/documentation#authentication"}]}
[2024-10-05T14:00:06.339+0000] {logging_mixin.py:137} INFO - Failed to extract with Nanonets API. Status Code: 401
[2024-10-05T14:00:06.340+0000] {logging_mixin.py:137} INFO - Response Text: {"message":"Unauthorized","code":401,"errors":[{"reason":"Api Key Missing in request","message":"Add api key in request header as explained here: https://app.nanonets.com/documentation#authentication"}]}
[2024-10-05T14:00:08.933+0000] {logging_mixin.py:137} INFO - Failed to extract with Nanonets API. Status Code: 401
[2024-10-05T14:00:08.933+0000] {logging_mixin.py:137} INFO - Response Text: {"message":"Unauthorized","code":401,"errors":[{"reason":"Api Key Missing in request","message":"Add api key in request header as explained here: https://app.nanonets.com/documentation#authentication"}]}
[2024-10-05T14:00:09.491+0000] {logging_mixin.py:137} INFO - Failed to extract with Nanonets API. Status Code: 401
[2024-10-05T14:00:09.491+0000] {logging_mixin.py:137} INFO - Response Text: {"message":"Unauthorized","code":401,"errors":[{"reason":"Api Key Missing in request","message":"Add api key in request header as explained here: https://app.nanonets.com/documentation#authentication"}]}
[2024-10-05T14:00:09.991+0000] {logging_mixin.py:137} INFO - Failed to extract with Nanonets API. Status Code: 401
[2024-10-05T14:00:09.992+0000] {logging_mixin.py:137} INFO - Response Text: {"message":"Unauthorized","code":401,"errors":[{"reason":"Api Key Missing in request","message":"Add api key in request header as explained here: https://app.nanonets.com/documentation#authentication"}]}
[2024-10-05T14:00:10.482+0000] {logging_mixin.py:137} INFO - Failed to extract with Nanonets API. Status Code: 401
[2024-10-05T14:00:10.483+0000] {logging_mixin.py:137} INFO - Response Text: {"message":"Unauthorized","code":401,"errors":[{"reason":"Api Key Missing in request","message":"Add api key in request header as explained here: https://app.nanonets.com/documentation#authentication"}]}
[2024-10-05T14:00:10.985+0000] {logging_mixin.py:137} INFO - Failed to extract with Nanonets API. Status Code: 401
[2024-10-05T14:00:10.985+0000] {logging_mixin.py:137} INFO - Response Text: {"message":"Unauthorized","code":401,"errors":[{"reason":"Api Key Missing in request","message":"Add api key in request header as explained here: https://app.nanonets.com/documentation#authentication"}]}
[2024-10-05T14:00:10.986+0000] {python.py:177} INFO - Done. Returned value was: None
[2024-10-05T14:00:11.003+0000] {taskinstance.py:1327} INFO - Marking task as SUCCESS. dag_id=pdf_extraction_stages, task_id=extract_with_nanonets, execution_date=20241005T135953, start_date=20241005T140001, end_date=20241005T140011
[2024-10-05T14:00:11.065+0000] {local_task_job.py:159} INFO - Task exited with return code 0
[2024-10-05T14:00:11.094+0000] {taskinstance.py:2582} INFO - 1 downstream tasks scheduled from follow-on schedule check
