[2024-10-04T16:19:05.875+0000] {taskinstance.py:1087} INFO - Dependencies all met for <TaskInstance: pdf_extraction_stages.extract_with_nanonets manual__2024-10-04T16:18:54.260311+00:00 [queued]>
[2024-10-04T16:19:05.885+0000] {taskinstance.py:1087} INFO - Dependencies all met for <TaskInstance: pdf_extraction_stages.extract_with_nanonets manual__2024-10-04T16:18:54.260311+00:00 [queued]>
[2024-10-04T16:19:05.886+0000] {taskinstance.py:1283} INFO - 
--------------------------------------------------------------------------------
[2024-10-04T16:19:05.886+0000] {taskinstance.py:1284} INFO - Starting attempt 1 of 2
[2024-10-04T16:19:05.887+0000] {taskinstance.py:1285} INFO - 
--------------------------------------------------------------------------------
[2024-10-04T16:19:05.901+0000] {taskinstance.py:1304} INFO - Executing <Task(PythonOperator): extract_with_nanonets> on 2024-10-04 16:18:54.260311+00:00
[2024-10-04T16:19:05.904+0000] {standard_task_runner.py:55} INFO - Started process 557 to run task
[2024-10-04T16:19:05.906+0000] {standard_task_runner.py:82} INFO - Running: ['***', 'tasks', 'run', 'pdf_extraction_stages', 'extract_with_nanonets', 'manual__2024-10-04T16:18:54.260311+00:00', '--job-id', '40', '--raw', '--subdir', 'DAGS_FOLDER/PDF-ETL.py', '--cfg-path', '/tmp/tmpw9jsrg8h']
[2024-10-04T16:19:05.908+0000] {standard_task_runner.py:83} INFO - Job 40: Subtask extract_with_nanonets
[2024-10-04T16:19:05.928+0000] {logging_mixin.py:137} WARNING - /home/***/.local/lib/python3.7/site-packages/***/settings.py:249 DeprecationWarning: The sql_alchemy_conn option in [core] has been moved to the sql_alchemy_conn option in [database] - the old setting has been used, but please update your config.
[2024-10-04T16:19:05.998+0000] {task_command.py:389} INFO - Running <TaskInstance: pdf_extraction_stages.extract_with_nanonets manual__2024-10-04T16:18:54.260311+00:00 [running]> on host 93d8e18bedbe
[2024-10-04T16:19:06.093+0000] {taskinstance.py:1513} INFO - Exporting the following env vars:
AIRFLOW_CTX_DAG_OWNER=***
AIRFLOW_CTX_DAG_ID=pdf_extraction_stages
AIRFLOW_CTX_TASK_ID=extract_with_nanonets
AIRFLOW_CTX_EXECUTION_DATE=2024-10-04T16:18:54.260311+00:00
AIRFLOW_CTX_TRY_NUMBER=1
AIRFLOW_CTX_DAG_RUN_ID=manual__2024-10-04T16:18:54.260311+00:00
[2024-10-04T16:19:06.868+0000] {logging_mixin.py:137} INFO - Failed to extract with Nanonets API. Status Code: 401
[2024-10-04T16:19:07.362+0000] {logging_mixin.py:137} INFO - Failed to extract with Nanonets API. Status Code: 401
[2024-10-04T16:19:07.847+0000] {logging_mixin.py:137} INFO - Failed to extract with Nanonets API. Status Code: 401
[2024-10-04T16:19:08.436+0000] {logging_mixin.py:137} INFO - Failed to extract with Nanonets API. Status Code: 401
[2024-10-04T16:19:08.939+0000] {logging_mixin.py:137} INFO - Failed to extract with Nanonets API. Status Code: 401
[2024-10-04T16:19:09.422+0000] {logging_mixin.py:137} INFO - Failed to extract with Nanonets API. Status Code: 401
[2024-10-04T16:19:10.096+0000] {logging_mixin.py:137} INFO - Failed to extract with Nanonets API. Status Code: 401
[2024-10-04T16:19:10.597+0000] {logging_mixin.py:137} INFO - Failed to extract with Nanonets API. Status Code: 401
[2024-10-04T16:19:12.380+0000] {logging_mixin.py:137} INFO - Failed to extract with Nanonets API. Status Code: 401
[2024-10-04T16:19:13.007+0000] {logging_mixin.py:137} INFO - Failed to extract with Nanonets API. Status Code: 401
[2024-10-04T16:19:13.493+0000] {logging_mixin.py:137} INFO - Failed to extract with Nanonets API. Status Code: 401
[2024-10-04T16:19:14.007+0000] {logging_mixin.py:137} INFO - Failed to extract with Nanonets API. Status Code: 401
[2024-10-04T16:19:14.512+0000] {logging_mixin.py:137} INFO - Failed to extract with Nanonets API. Status Code: 401
[2024-10-04T16:19:14.513+0000] {python.py:177} INFO - Done. Returned value was: None
[2024-10-04T16:19:14.530+0000] {taskinstance.py:1327} INFO - Marking task as SUCCESS. dag_id=pdf_extraction_stages, task_id=extract_with_nanonets, execution_date=20241004T161854, start_date=20241004T161905, end_date=20241004T161914
[2024-10-04T16:19:14.574+0000] {local_task_job.py:159} INFO - Task exited with return code 0
[2024-10-04T16:19:14.605+0000] {taskinstance.py:2582} INFO - 1 downstream tasks scheduled from follow-on schedule check
