[2024-10-06T03:27:53.065+0000] {taskinstance.py:1087} INFO - Dependencies all met for <TaskInstance: pdf_extraction_with_dochorizon.upload_to_s3 manual__2024-10-06T03:22:35.318765+00:00 [queued]>
[2024-10-06T03:27:53.076+0000] {taskinstance.py:1087} INFO - Dependencies all met for <TaskInstance: pdf_extraction_with_dochorizon.upload_to_s3 manual__2024-10-06T03:22:35.318765+00:00 [queued]>
[2024-10-06T03:27:53.076+0000] {taskinstance.py:1283} INFO - 
--------------------------------------------------------------------------------
[2024-10-06T03:27:53.077+0000] {taskinstance.py:1284} INFO - Starting attempt 2 of 2
[2024-10-06T03:27:53.077+0000] {taskinstance.py:1285} INFO - 
--------------------------------------------------------------------------------
[2024-10-06T03:27:53.091+0000] {taskinstance.py:1304} INFO - Executing <Task(PythonOperator): upload_to_s3> on 2024-10-06 03:22:35.318765+00:00
[2024-10-06T03:27:53.097+0000] {standard_task_runner.py:55} INFO - Started process 2381 to run task
[2024-10-06T03:27:53.099+0000] {standard_task_runner.py:82} INFO - Running: ['***', 'tasks', 'run', 'pdf_extraction_with_dochorizon', 'upload_to_s3', 'manual__2024-10-06T03:22:35.318765+00:00', '--job-id', '177', '--raw', '--subdir', 'DAGS_FOLDER/PDF-Klippa.py', '--cfg-path', '/tmp/tmpw75x6ngj']
[2024-10-06T03:27:53.100+0000] {standard_task_runner.py:83} INFO - Job 177: Subtask upload_to_s3
[2024-10-06T03:27:53.124+0000] {logging_mixin.py:137} WARNING - /home/***/.local/lib/python3.7/site-packages/***/settings.py:249 DeprecationWarning: The sql_alchemy_conn option in [core] has been moved to the sql_alchemy_conn option in [database] - the old setting has been used, but please update your config.
[2024-10-06T03:27:53.196+0000] {task_command.py:389} INFO - Running <TaskInstance: pdf_extraction_with_dochorizon.upload_to_s3 manual__2024-10-06T03:22:35.318765+00:00 [running]> on host c14bde59b801
[2024-10-06T03:27:53.297+0000] {taskinstance.py:1513} INFO - Exporting the following env vars:
AIRFLOW_CTX_DAG_OWNER=***
AIRFLOW_CTX_DAG_ID=pdf_extraction_with_dochorizon
AIRFLOW_CTX_TASK_ID=upload_to_s3
AIRFLOW_CTX_EXECUTION_DATE=2024-10-06T03:22:35.318765+00:00
AIRFLOW_CTX_TRY_NUMBER=2
AIRFLOW_CTX_DAG_RUN_ID=manual__2024-10-06T03:22:35.318765+00:00
[2024-10-06T03:27:53.470+0000] {taskinstance.py:1772} ERROR - Task failed with exception
Traceback (most recent call last):
  File "/home/airflow/.local/lib/python3.7/site-packages/airflow/operators/python.py", line 175, in execute
    return_value = self.execute_callable()
  File "/home/airflow/.local/lib/python3.7/site-packages/airflow/operators/python.py", line 192, in execute_callable
    return self.python_callable(*self.op_args, **self.op_kwargs)
  File "/opt/airflow/dags/PDF-Klippa.py", line 124, in upload_to_s3
    dochorizon_s3_key = f'dochorizon/{os.path.basename(dochorizon_output_path)}'
  File "/usr/local/lib/python3.7/posixpath.py", line 146, in basename
    p = os.fspath(p)
TypeError: expected str, bytes or os.PathLike object, not NoneType
[2024-10-06T03:27:53.490+0000] {taskinstance.py:1327} INFO - Marking task as FAILED. dag_id=pdf_extraction_with_dochorizon, task_id=upload_to_s3, execution_date=20241006T032235, start_date=20241006T032753, end_date=20241006T032753
[2024-10-06T03:27:53.503+0000] {standard_task_runner.py:105} ERROR - Failed to execute job 177 for task upload_to_s3 (expected str, bytes or os.PathLike object, not NoneType; 2381)
[2024-10-06T03:27:53.512+0000] {local_task_job.py:159} INFO - Task exited with return code 1
[2024-10-06T03:27:53.537+0000] {taskinstance.py:2582} INFO - 0 downstream tasks scheduled from follow-on schedule check
