[2024-10-07T06:01:34.104+0000] {taskinstance.py:1087} INFO - Dependencies all met for <TaskInstance: pdf_extraction_with_pymupdf_and_convertapi_and_embeddings.embed_and_store_pdf_pages manual__2024-10-07T06:01:13.555834+00:00 [queued]>
[2024-10-07T06:01:34.117+0000] {taskinstance.py:1087} INFO - Dependencies all met for <TaskInstance: pdf_extraction_with_pymupdf_and_convertapi_and_embeddings.embed_and_store_pdf_pages manual__2024-10-07T06:01:13.555834+00:00 [queued]>
[2024-10-07T06:01:34.117+0000] {taskinstance.py:1283} INFO - 
--------------------------------------------------------------------------------
[2024-10-07T06:01:34.118+0000] {taskinstance.py:1284} INFO - Starting attempt 1 of 3
[2024-10-07T06:01:34.118+0000] {taskinstance.py:1285} INFO - 
--------------------------------------------------------------------------------
[2024-10-07T06:01:34.138+0000] {taskinstance.py:1304} INFO - Executing <Task(PythonOperator): embed_and_store_pdf_pages> on 2024-10-07 06:01:13.555834+00:00
[2024-10-07T06:01:34.145+0000] {standard_task_runner.py:55} INFO - Started process 5903 to run task
[2024-10-07T06:01:34.148+0000] {standard_task_runner.py:82} INFO - Running: ['***', 'tasks', 'run', 'pdf_extraction_with_pymupdf_and_convertapi_and_embeddings', 'embed_and_store_pdf_pages', 'manual__2024-10-07T06:01:13.555834+00:00', '--job-id', '387', '--raw', '--subdir', 'DAGS_FOLDER/ETL-ConvertAPI.py', '--cfg-path', '/tmp/tmp12l84jsr']
[2024-10-07T06:01:34.148+0000] {standard_task_runner.py:83} INFO - Job 387: Subtask embed_and_store_pdf_pages
[2024-10-07T06:01:34.175+0000] {logging_mixin.py:137} WARNING - /home/***/.local/lib/python3.7/site-packages/***/settings.py:249 DeprecationWarning: The sql_alchemy_conn option in [core] has been moved to the sql_alchemy_conn option in [database] - the old setting has been used, but please update your config.
[2024-10-07T06:01:34.278+0000] {task_command.py:389} INFO - Running <TaskInstance: pdf_extraction_with_pymupdf_and_convertapi_and_embeddings.embed_and_store_pdf_pages manual__2024-10-07T06:01:13.555834+00:00 [running]> on host 1350c74cd1fb
[2024-10-07T06:01:34.404+0000] {taskinstance.py:1513} INFO - Exporting the following env vars:
AIRFLOW_CTX_DAG_OWNER=***
AIRFLOW_CTX_DAG_ID=pdf_extraction_with_pymupdf_and_convertapi_and_embeddings
AIRFLOW_CTX_TASK_ID=embed_and_store_pdf_pages
AIRFLOW_CTX_EXECUTION_DATE=2024-10-07T06:01:13.555834+00:00
AIRFLOW_CTX_TRY_NUMBER=1
AIRFLOW_CTX_DAG_RUN_ID=manual__2024-10-07T06:01:13.555834+00:00
[2024-10-07T06:01:34.411+0000] {connectionpool.py:813} WARNING - Retrying (Retry(total=2, connect=None, read=None, redirect=None, status=None)) after connection broken by 'NewConnectionError('<urllib3.connection.HTTPSConnection object at 0x7f47ba203090>: Failed to establish a new connection: [Errno -2] Name or service not known')': /databases
[2024-10-07T06:01:34.414+0000] {connectionpool.py:813} WARNING - Retrying (Retry(total=1, connect=None, read=None, redirect=None, status=None)) after connection broken by 'NewConnectionError('<urllib3.connection.HTTPSConnection object at 0x7f47ba2033d0>: Failed to establish a new connection: [Errno -2] Name or service not known')': /databases
[2024-10-07T06:01:34.417+0000] {connectionpool.py:813} WARNING - Retrying (Retry(total=0, connect=None, read=None, redirect=None, status=None)) after connection broken by 'NewConnectionError('<urllib3.connection.HTTPSConnection object at 0x7f47ba203390>: Failed to establish a new connection: [Errno -2] Name or service not known')': /databases
[2024-10-07T06:01:34.420+0000] {logging_mixin.py:137} INFO - Failed to create Pinecone index: HTTPSConnectionPool(host='controller.us-east1-aws.pinecone.io', port=443): Max retries exceeded with url: /databases (Caused by NewConnectionError('<urllib3.connection.HTTPSConnection object at 0x7f47ba2035d0>: Failed to establish a new connection: [Errno -2] Name or service not known'))
[2024-10-07T06:01:34.424+0000] {connectionpool.py:813} WARNING - Retrying (Retry(total=2, connect=None, read=None, redirect=None, status=None)) after connection broken by 'NewConnectionError('<urllib3.connection.HTTPSConnection object at 0x7f47ba266410>: Failed to establish a new connection: [Errno -2] Name or service not known')': /databases
[2024-10-07T06:01:34.428+0000] {connectionpool.py:813} WARNING - Retrying (Retry(total=1, connect=None, read=None, redirect=None, status=None)) after connection broken by 'NewConnectionError('<urllib3.connection.HTTPSConnection object at 0x7f47ba2037d0>: Failed to establish a new connection: [Errno -2] Name or service not known')': /databases
[2024-10-07T06:01:34.431+0000] {connectionpool.py:813} WARNING - Retrying (Retry(total=0, connect=None, read=None, redirect=None, status=None)) after connection broken by 'NewConnectionError('<urllib3.connection.HTTPSConnection object at 0x7f47ba203150>: Failed to establish a new connection: [Errno -2] Name or service not known')': /databases
[2024-10-07T06:01:34.433+0000] {logging_mixin.py:137} INFO - Failed to create Pinecone index: HTTPSConnectionPool(host='controller.us-east1-aws.pinecone.io', port=443): Max retries exceeded with url: /databases (Caused by NewConnectionError('<urllib3.connection.HTTPSConnection object at 0x7f47ba203510>: Failed to establish a new connection: [Errno -2] Name or service not known'))
[2024-10-07T06:01:34.598+0000] {python.py:177} INFO - Done. Returned value was: None
[2024-10-07T06:01:34.623+0000] {taskinstance.py:1327} INFO - Marking task as SUCCESS. dag_id=pdf_extraction_with_pymupdf_and_convertapi_and_embeddings, task_id=embed_and_store_pdf_pages, execution_date=20241007T060113, start_date=20241007T060134, end_date=20241007T060134
[2024-10-07T06:01:34.681+0000] {local_task_job.py:159} INFO - Task exited with return code 0
[2024-10-07T06:01:34.715+0000] {taskinstance.py:2582} INFO - 0 downstream tasks scheduled from follow-on schedule check
