[2024-10-04T16:17:17.595+0000] {taskinstance.py:1087} INFO - Dependencies all met for <TaskInstance: pdf_extraction_stages.extract_with_nanonets manual__2024-10-04T16:17:06.796207+00:00 [queued]>
[2024-10-04T16:17:17.606+0000] {taskinstance.py:1087} INFO - Dependencies all met for <TaskInstance: pdf_extraction_stages.extract_with_nanonets manual__2024-10-04T16:17:06.796207+00:00 [queued]>
[2024-10-04T16:17:17.607+0000] {taskinstance.py:1283} INFO - 
--------------------------------------------------------------------------------
[2024-10-04T16:17:17.607+0000] {taskinstance.py:1284} INFO - Starting attempt 1 of 2
[2024-10-04T16:17:17.608+0000] {taskinstance.py:1285} INFO - 
--------------------------------------------------------------------------------
[2024-10-04T16:17:17.621+0000] {taskinstance.py:1304} INFO - Executing <Task(PythonOperator): extract_with_nanonets> on 2024-10-04 16:17:06.796207+00:00
[2024-10-04T16:17:17.625+0000] {standard_task_runner.py:55} INFO - Started process 468 to run task
[2024-10-04T16:17:17.627+0000] {standard_task_runner.py:82} INFO - Running: ['***', 'tasks', 'run', 'pdf_extraction_stages', 'extract_with_nanonets', 'manual__2024-10-04T16:17:06.796207+00:00', '--job-id', '35', '--raw', '--subdir', 'DAGS_FOLDER/PDF-ETL.py', '--cfg-path', '/tmp/tmp51dufsu_']
[2024-10-04T16:17:17.629+0000] {standard_task_runner.py:83} INFO - Job 35: Subtask extract_with_nanonets
[2024-10-04T16:17:17.652+0000] {logging_mixin.py:137} WARNING - /home/***/.local/lib/python3.7/site-packages/***/settings.py:249 DeprecationWarning: The sql_alchemy_conn option in [core] has been moved to the sql_alchemy_conn option in [database] - the old setting has been used, but please update your config.
[2024-10-04T16:17:17.725+0000] {task_command.py:389} INFO - Running <TaskInstance: pdf_extraction_stages.extract_with_nanonets manual__2024-10-04T16:17:06.796207+00:00 [running]> on host 93d8e18bedbe
[2024-10-04T16:17:17.820+0000] {taskinstance.py:1513} INFO - Exporting the following env vars:
AIRFLOW_CTX_DAG_OWNER=***
AIRFLOW_CTX_DAG_ID=pdf_extraction_stages
AIRFLOW_CTX_TASK_ID=extract_with_nanonets
AIRFLOW_CTX_EXECUTION_DATE=2024-10-04T16:17:06.796207+00:00
AIRFLOW_CTX_TRY_NUMBER=1
AIRFLOW_CTX_DAG_RUN_ID=manual__2024-10-04T16:17:06.796207+00:00
[2024-10-04T16:17:18.631+0000] {logging_mixin.py:137} INFO - Failed to extract with Nanonets API. Status Code: 401
[2024-10-04T16:17:19.136+0000] {logging_mixin.py:137} INFO - Failed to extract with Nanonets API. Status Code: 401
[2024-10-04T16:17:19.622+0000] {logging_mixin.py:137} INFO - Failed to extract with Nanonets API. Status Code: 401
[2024-10-04T16:17:20.239+0000] {logging_mixin.py:137} INFO - Failed to extract with Nanonets API. Status Code: 401
[2024-10-04T16:17:20.736+0000] {logging_mixin.py:137} INFO - Failed to extract with Nanonets API. Status Code: 401
[2024-10-04T16:17:21.222+0000] {logging_mixin.py:137} INFO - Failed to extract with Nanonets API. Status Code: 401
[2024-10-04T16:17:21.891+0000] {logging_mixin.py:137} INFO - Failed to extract with Nanonets API. Status Code: 401
[2024-10-04T16:17:22.401+0000] {logging_mixin.py:137} INFO - Failed to extract with Nanonets API. Status Code: 401
[2024-10-04T16:17:25.462+0000] {logging_mixin.py:137} INFO - Failed to extract with Nanonets API. Status Code: 401
[2024-10-04T16:17:25.964+0000] {logging_mixin.py:137} INFO - Failed to extract with Nanonets API. Status Code: 401
[2024-10-04T16:17:26.454+0000] {logging_mixin.py:137} INFO - Failed to extract with Nanonets API. Status Code: 401
[2024-10-04T16:17:26.943+0000] {logging_mixin.py:137} INFO - Failed to extract with Nanonets API. Status Code: 401
[2024-10-04T16:17:27.442+0000] {logging_mixin.py:137} INFO - Failed to extract with Nanonets API. Status Code: 401
[2024-10-04T16:17:27.442+0000] {python.py:177} INFO - Done. Returned value was: None
[2024-10-04T16:17:27.460+0000] {taskinstance.py:1327} INFO - Marking task as SUCCESS. dag_id=pdf_extraction_stages, task_id=extract_with_nanonets, execution_date=20241004T161706, start_date=20241004T161717, end_date=20241004T161727
[2024-10-04T16:17:27.507+0000] {local_task_job.py:159} INFO - Task exited with return code 0
[2024-10-04T16:17:27.536+0000] {taskinstance.py:2582} INFO - 1 downstream tasks scheduled from follow-on schedule check
