[2024-10-07T22:51:08.285+0000] {taskinstance.py:1165} INFO - Dependencies all met for <TaskInstance: pdf_extraction_with_pymupdf_and_convertapi.list_pdfs_in_s3 manual__2024-10-07T22:51:06.799115+00:00 [queued]>
[2024-10-07T22:51:08.294+0000] {taskinstance.py:1165} INFO - Dependencies all met for <TaskInstance: pdf_extraction_with_pymupdf_and_convertapi.list_pdfs_in_s3 manual__2024-10-07T22:51:06.799115+00:00 [queued]>
[2024-10-07T22:51:08.294+0000] {taskinstance.py:1362} INFO - 
--------------------------------------------------------------------------------
[2024-10-07T22:51:08.295+0000] {taskinstance.py:1363} INFO - Starting attempt 1 of 3
[2024-10-07T22:51:08.295+0000] {taskinstance.py:1364} INFO - 
--------------------------------------------------------------------------------
[2024-10-07T22:51:08.307+0000] {taskinstance.py:1383} INFO - Executing <Task(PythonOperator): list_pdfs_in_s3> on 2024-10-07 22:51:06.799115+00:00
[2024-10-07T22:51:08.311+0000] {standard_task_runner.py:55} INFO - Started process 17004 to run task
[2024-10-07T22:51:08.314+0000] {standard_task_runner.py:82} INFO - Running: ['***', 'tasks', 'run', 'pdf_extraction_with_pymupdf_and_convertapi', 'list_pdfs_in_s3', 'manual__2024-10-07T22:51:06.799115+00:00', '--job-id', '118', '--raw', '--subdir', 'DAGS_FOLDER/ETL-ConvertAPI.py', '--cfg-path', '/tmp/tmppk7ptef7']
[2024-10-07T22:51:08.315+0000] {standard_task_runner.py:83} INFO - Job 118: Subtask list_pdfs_in_s3
[2024-10-07T22:51:08.407+0000] {task_command.py:376} INFO - Running <TaskInstance: pdf_extraction_with_pymupdf_and_convertapi.list_pdfs_in_s3 manual__2024-10-07T22:51:06.799115+00:00 [running]> on host 65f7b1aa1c1b
[2024-10-07T22:51:08.499+0000] {taskinstance.py:1590} INFO - Exporting the following env vars:
AIRFLOW_CTX_DAG_OWNER=***
AIRFLOW_CTX_DAG_ID=pdf_extraction_with_pymupdf_and_convertapi
AIRFLOW_CTX_TASK_ID=list_pdfs_in_s3
AIRFLOW_CTX_EXECUTION_DATE=2024-10-07T22:51:06.799115+00:00
AIRFLOW_CTX_TRY_NUMBER=1
AIRFLOW_CTX_DAG_RUN_ID=manual__2024-10-07T22:51:06.799115+00:00
[2024-10-07T22:51:08.697+0000] {logging_mixin.py:137} INFO - PDF files found in gaia-pdf-unprocessed: ['gaia/2023/test/021a5339-744f-42b7-bd9b-9368b3efda7a.pdf', 'gaia/2023/test/example.pdf', 'gaia/2023/test/flyer.pdf', 'gaia/2023/validation/366e2f2b-8632-4ef2-81eb-bc3877489217.pdf']
[2024-10-07T22:51:08.728+0000] {python.py:177} INFO - Done. Returned value was: None
[2024-10-07T22:51:08.749+0000] {taskinstance.py:1401} INFO - Marking task as SUCCESS. dag_id=pdf_extraction_with_pymupdf_and_convertapi, task_id=list_pdfs_in_s3, execution_date=20241007T225106, start_date=20241007T225108, end_date=20241007T225108
[2024-10-07T22:51:08.768+0000] {local_task_job.py:159} INFO - Task exited with return code 0
[2024-10-07T22:51:08.802+0000] {taskinstance.py:2623} INFO - 1 downstream tasks scheduled from follow-on schedule check
