[2024-10-06T06:34:00.673+0000] {taskinstance.py:1087} INFO - Dependencies all met for <TaskInstance: pdf_extraction_with_pymupdf_and_convertapi.extract_with_convertapi manual__2024-10-06T06:33:53.153926+00:00 [queued]>
[2024-10-06T06:34:00.682+0000] {taskinstance.py:1087} INFO - Dependencies all met for <TaskInstance: pdf_extraction_with_pymupdf_and_convertapi.extract_with_convertapi manual__2024-10-06T06:33:53.153926+00:00 [queued]>
[2024-10-06T06:34:00.683+0000] {taskinstance.py:1283} INFO - 
--------------------------------------------------------------------------------
[2024-10-06T06:34:00.683+0000] {taskinstance.py:1284} INFO - Starting attempt 1 of 3
[2024-10-06T06:34:00.684+0000] {taskinstance.py:1285} INFO - 
--------------------------------------------------------------------------------
[2024-10-06T06:34:00.697+0000] {taskinstance.py:1304} INFO - Executing <Task(PythonOperator): extract_with_convertapi> on 2024-10-06 06:33:53.153926+00:00
[2024-10-06T06:34:00.701+0000] {standard_task_runner.py:55} INFO - Started process 7429 to run task
[2024-10-06T06:34:00.703+0000] {standard_task_runner.py:82} INFO - Running: ['***', 'tasks', 'run', 'pdf_extraction_with_pymupdf_and_convertapi', 'extract_with_convertapi', 'manual__2024-10-06T06:33:53.153926+00:00', '--job-id', '286', '--raw', '--subdir', 'DAGS_FOLDER/ETL-ConvertAPI.py', '--cfg-path', '/tmp/tmpk_ocez0n']
[2024-10-06T06:34:00.705+0000] {standard_task_runner.py:83} INFO - Job 286: Subtask extract_with_convertapi
[2024-10-06T06:34:00.728+0000] {logging_mixin.py:137} WARNING - /home/***/.local/lib/python3.7/site-packages/***/settings.py:249 DeprecationWarning: The sql_alchemy_conn option in [core] has been moved to the sql_alchemy_conn option in [database] - the old setting has been used, but please update your config.
[2024-10-06T06:34:00.803+0000] {task_command.py:389} INFO - Running <TaskInstance: pdf_extraction_with_pymupdf_and_convertapi.extract_with_convertapi manual__2024-10-06T06:33:53.153926+00:00 [running]> on host c14bde59b801
[2024-10-06T06:34:00.912+0000] {taskinstance.py:1513} INFO - Exporting the following env vars:
AIRFLOW_CTX_DAG_OWNER=***
AIRFLOW_CTX_DAG_ID=pdf_extraction_with_pymupdf_and_convertapi
AIRFLOW_CTX_TASK_ID=extract_with_convertapi
AIRFLOW_CTX_EXECUTION_DATE=2024-10-06T06:33:53.153926+00:00
AIRFLOW_CTX_TRY_NUMBER=1
AIRFLOW_CTX_DAG_RUN_ID=manual__2024-10-06T06:33:53.153926+00:00
[2024-10-06T06:34:03.130+0000] {logging_mixin.py:137} INFO - Failed to extract images. Status Code: 500
[2024-10-06T06:34:03.133+0000] {logging_mixin.py:137} INFO - Extracted data with ConvertAPI stored at /tmp/convertapi_021a5339-744f-42b7-bd9b-9368b3efda7a.pdf.json
[2024-10-06T06:34:04.438+0000] {logging_mixin.py:137} INFO - Failed to extract images. Status Code: 500
[2024-10-06T06:34:04.440+0000] {logging_mixin.py:137} INFO - Extracted data with ConvertAPI stored at /tmp/convertapi_32f386b9-73ee-4455-b412-ddad508aa979.pdf.json
[2024-10-06T06:34:05.825+0000] {logging_mixin.py:137} INFO - Failed to extract images. Status Code: 500
[2024-10-06T06:34:05.828+0000] {logging_mixin.py:137} INFO - Extracted data with ConvertAPI stored at /tmp/convertapi_4044eab7-1282-42bd-a559-3bf3a4d5858e.pdf.json
[2024-10-06T06:34:09.719+0000] {logging_mixin.py:137} INFO - Failed to extract images. Status Code: 500
[2024-10-06T06:34:09.720+0000] {logging_mixin.py:137} INFO - Extracted data with ConvertAPI stored at /tmp/convertapi_634fca59-03b2-4cdf-9ce4-0205df22f256.pdf.json
[2024-10-06T06:34:11.340+0000] {logging_mixin.py:137} INFO - Failed to extract images. Status Code: 500
[2024-10-06T06:34:11.341+0000] {logging_mixin.py:137} INFO - Extracted data with ConvertAPI stored at /tmp/convertapi_680d7d77-c0c7-49c8-88fd-f8ec623645e9.pdf.json
[2024-10-06T06:34:12.525+0000] {logging_mixin.py:137} INFO - Failed to extract images. Status Code: 500
[2024-10-06T06:34:12.526+0000] {logging_mixin.py:137} INFO - Extracted data with ConvertAPI stored at /tmp/convertapi_7c215d46-91c7-424e-9f22-37d43ab73ea6.pdf.json
[2024-10-06T06:34:18.408+0000] {logging_mixin.py:137} INFO - Failed to extract images. Status Code: 500
[2024-10-06T06:34:18.410+0000] {logging_mixin.py:137} INFO - Extracted data with ConvertAPI stored at /tmp/convertapi_8f697523-6988-4c4f-8d72-760a45681f68.pdf.json
[2024-10-06T06:34:19.694+0000] {logging_mixin.py:137} INFO - Failed to extract images. Status Code: 500
[2024-10-06T06:34:19.697+0000] {logging_mixin.py:137} INFO - Extracted data with ConvertAPI stored at /tmp/convertapi_b3654e47-4307-442c-a09c-945b33b913c6.pdf.json
[2024-10-06T06:34:21.081+0000] {logging_mixin.py:137} INFO - Failed to extract images. Status Code: 500
[2024-10-06T06:34:21.082+0000] {logging_mixin.py:137} INFO - Extracted data with ConvertAPI stored at /tmp/convertapi_c4456885-2f03-436f-8fe9-0b4ca6822cdb.pdf.json
[2024-10-06T06:34:22.394+0000] {logging_mixin.py:137} INFO - Failed to extract images. Status Code: 500
[2024-10-06T06:34:22.395+0000] {logging_mixin.py:137} INFO - Extracted data with ConvertAPI stored at /tmp/convertapi_366e2f2b-8632-4ef2-81eb-bc3877489217.pdf.json
[2024-10-06T06:34:23.610+0000] {logging_mixin.py:137} INFO - Failed to extract images. Status Code: 500
[2024-10-06T06:34:23.612+0000] {logging_mixin.py:137} INFO - Extracted data with ConvertAPI stored at /tmp/convertapi_67e8878b-5cef-4375-804e-e6291fdbe78a.pdf.json
[2024-10-06T06:34:24.921+0000] {logging_mixin.py:137} INFO - Failed to extract images. Status Code: 500
[2024-10-06T06:34:24.923+0000] {logging_mixin.py:137} INFO - Extracted data with ConvertAPI stored at /tmp/convertapi_e9a2c537-8232-4c3f-85b0-b52de6bcba99.pdf.json
[2024-10-06T06:34:24.948+0000] {python.py:177} INFO - Done. Returned value was: None
[2024-10-06T06:34:24.966+0000] {taskinstance.py:1327} INFO - Marking task as SUCCESS. dag_id=pdf_extraction_with_pymupdf_and_convertapi, task_id=extract_with_convertapi, execution_date=20241006T063353, start_date=20241006T063400, end_date=20241006T063424
[2024-10-06T06:34:24.986+0000] {local_task_job.py:159} INFO - Task exited with return code 0
[2024-10-06T06:34:25.014+0000] {taskinstance.py:2582} INFO - 1 downstream tasks scheduled from follow-on schedule check
