[2024-10-06T04:16:20.151+0000] {taskinstance.py:1087} INFO - Dependencies all met for <TaskInstance: pdf_extraction_with_dochorizon.extract_with_dochorizon manual__2024-10-06T04:16:12.786264+00:00 [queued]>
[2024-10-06T04:16:20.161+0000] {taskinstance.py:1087} INFO - Dependencies all met for <TaskInstance: pdf_extraction_with_dochorizon.extract_with_dochorizon manual__2024-10-06T04:16:12.786264+00:00 [queued]>
[2024-10-06T04:16:20.162+0000] {taskinstance.py:1283} INFO - 
--------------------------------------------------------------------------------
[2024-10-06T04:16:20.162+0000] {taskinstance.py:1284} INFO - Starting attempt 1 of 2
[2024-10-06T04:16:20.163+0000] {taskinstance.py:1285} INFO - 
--------------------------------------------------------------------------------
[2024-10-06T04:16:20.179+0000] {taskinstance.py:1304} INFO - Executing <Task(PythonOperator): extract_with_dochorizon> on 2024-10-06 04:16:12.786264+00:00
[2024-10-06T04:16:20.184+0000] {standard_task_runner.py:55} INFO - Started process 3417 to run task
[2024-10-06T04:16:20.186+0000] {standard_task_runner.py:82} INFO - Running: ['***', 'tasks', 'run', 'pdf_extraction_with_dochorizon', 'extract_with_dochorizon', 'manual__2024-10-06T04:16:12.786264+00:00', '--job-id', '186', '--raw', '--subdir', 'DAGS_FOLDER/PDF-Klippa.py', '--cfg-path', '/tmp/tmpsto0vmjv']
[2024-10-06T04:16:20.188+0000] {standard_task_runner.py:83} INFO - Job 186: Subtask extract_with_dochorizon
[2024-10-06T04:16:20.209+0000] {logging_mixin.py:137} WARNING - /home/***/.local/lib/python3.7/site-packages/***/settings.py:249 DeprecationWarning: The sql_alchemy_conn option in [core] has been moved to the sql_alchemy_conn option in [database] - the old setting has been used, but please update your config.
[2024-10-06T04:16:20.283+0000] {task_command.py:389} INFO - Running <TaskInstance: pdf_extraction_with_dochorizon.extract_with_dochorizon manual__2024-10-06T04:16:12.786264+00:00 [running]> on host c14bde59b801
[2024-10-06T04:16:20.391+0000] {taskinstance.py:1513} INFO - Exporting the following env vars:
AIRFLOW_CTX_DAG_OWNER=***
AIRFLOW_CTX_DAG_ID=pdf_extraction_with_dochorizon
AIRFLOW_CTX_TASK_ID=extract_with_dochorizon
AIRFLOW_CTX_EXECUTION_DATE=2024-10-06T04:16:12.786264+00:00
AIRFLOW_CTX_TRY_NUMBER=1
AIRFLOW_CTX_DAG_RUN_ID=manual__2024-10-06T04:16:12.786264+00:00
[2024-10-06T04:16:21.208+0000] {logging_mixin.py:137} INFO - Failed to extract with DocHorizon info API. Status Code: 400
[2024-10-06T04:16:21.764+0000] {logging_mixin.py:137} INFO - Failed to extract with DocHorizon info API. Status Code: 400
[2024-10-06T04:16:22.316+0000] {logging_mixin.py:137} INFO - Failed to extract with DocHorizon info API. Status Code: 400
[2024-10-06T04:16:23.010+0000] {logging_mixin.py:137} INFO - Failed to extract with DocHorizon info API. Status Code: 400
[2024-10-06T04:16:23.617+0000] {logging_mixin.py:137} INFO - Failed to extract with DocHorizon info API. Status Code: 400
[2024-10-06T04:16:24.187+0000] {logging_mixin.py:137} INFO - Failed to extract with DocHorizon info API. Status Code: 400
[2024-10-06T04:16:24.964+0000] {logging_mixin.py:137} INFO - Failed to extract with DocHorizon info API. Status Code: 400
[2024-10-06T04:16:25.526+0000] {logging_mixin.py:137} INFO - Failed to extract with DocHorizon info API. Status Code: 400
[2024-10-06T04:16:26.160+0000] {logging_mixin.py:137} INFO - Failed to extract with DocHorizon info API. Status Code: 400
[2024-10-06T04:16:26.731+0000] {logging_mixin.py:137} INFO - Failed to extract with DocHorizon info API. Status Code: 400
[2024-10-06T04:16:27.333+0000] {logging_mixin.py:137} INFO - Failed to extract with DocHorizon info API. Status Code: 400
[2024-10-06T04:16:27.899+0000] {logging_mixin.py:137} INFO - Failed to extract with DocHorizon info API. Status Code: 400
[2024-10-06T04:16:27.900+0000] {python.py:177} INFO - Done. Returned value was: None
[2024-10-06T04:16:27.920+0000] {taskinstance.py:1327} INFO - Marking task as SUCCESS. dag_id=pdf_extraction_with_dochorizon, task_id=extract_with_dochorizon, execution_date=20241006T041612, start_date=20241006T041620, end_date=20241006T041627
[2024-10-06T04:16:27.973+0000] {local_task_job.py:159} INFO - Task exited with return code 0
[2024-10-06T04:16:28.005+0000] {taskinstance.py:2582} INFO - 1 downstream tasks scheduled from follow-on schedule check
