[2024-10-04T15:35:23.044+0000] {taskinstance.py:1087} INFO - Dependencies all met for <TaskInstance: pdf_extraction_with_pymupdf_nanonets.list_pdfs_in_s3 manual__2024-10-04T15:35:22.152793+00:00 [queued]>
[2024-10-04T15:35:23.054+0000] {taskinstance.py:1087} INFO - Dependencies all met for <TaskInstance: pdf_extraction_with_pymupdf_nanonets.list_pdfs_in_s3 manual__2024-10-04T15:35:22.152793+00:00 [queued]>
[2024-10-04T15:35:23.054+0000] {taskinstance.py:1283} INFO - 
--------------------------------------------------------------------------------
[2024-10-04T15:35:23.055+0000] {taskinstance.py:1284} INFO - Starting attempt 1 of 2
[2024-10-04T15:35:23.055+0000] {taskinstance.py:1285} INFO - 
--------------------------------------------------------------------------------
[2024-10-04T15:35:23.068+0000] {taskinstance.py:1304} INFO - Executing <Task(PythonOperator): list_pdfs_in_s3> on 2024-10-04 15:35:22.152793+00:00
[2024-10-04T15:35:23.071+0000] {standard_task_runner.py:55} INFO - Started process 281 to run task
[2024-10-04T15:35:23.073+0000] {standard_task_runner.py:82} INFO - Running: ['***', 'tasks', 'run', 'pdf_extraction_with_pymupdf_nanonets', 'list_pdfs_in_s3', 'manual__2024-10-04T15:35:22.152793+00:00', '--job-id', '3', '--raw', '--subdir', 'DAGS_FOLDER/PDF-ETL.py', '--cfg-path', '/tmp/tmpve1e9bvv']
[2024-10-04T15:35:23.074+0000] {standard_task_runner.py:83} INFO - Job 3: Subtask list_pdfs_in_s3
[2024-10-04T15:35:23.096+0000] {logging_mixin.py:137} WARNING - /home/***/.local/lib/python3.7/site-packages/***/settings.py:249 DeprecationWarning: The sql_alchemy_conn option in [core] has been moved to the sql_alchemy_conn option in [database] - the old setting has been used, but please update your config.
[2024-10-04T15:35:23.177+0000] {task_command.py:389} INFO - Running <TaskInstance: pdf_extraction_with_pymupdf_nanonets.list_pdfs_in_s3 manual__2024-10-04T15:35:22.152793+00:00 [running]> on host b1045350cd33
[2024-10-04T15:35:23.400+0000] {taskinstance.py:1513} INFO - Exporting the following env vars:
AIRFLOW_CTX_DAG_OWNER=***
AIRFLOW_CTX_DAG_ID=pdf_extraction_with_pymupdf_nanonets
AIRFLOW_CTX_TASK_ID=list_pdfs_in_s3
AIRFLOW_CTX_EXECUTION_DATE=2024-10-04T15:35:22.152793+00:00
AIRFLOW_CTX_TRY_NUMBER=1
AIRFLOW_CTX_DAG_RUN_ID=manual__2024-10-04T15:35:22.152793+00:00
[2024-10-04T15:35:23.403+0000] {taskinstance.py:1772} ERROR - Task failed with exception
Traceback (most recent call last):
  File "/home/airflow/.local/lib/python3.7/site-packages/airflow/operators/python.py", line 175, in execute
    return_value = self.execute_callable()
  File "/home/airflow/.local/lib/python3.7/site-packages/airflow/operators/python.py", line 192, in execute_callable
    return self.python_callable(*self.op_args, **self.op_kwargs)
  File "/opt/airflow/dags/PDF-ETL.py", line 27, in list_pdfs_in_s3
    response = s3.list_objects_v2(Bucket=bucket_name)
  File "/home/airflow/.local/lib/python3.7/site-packages/botocore/client.py", line 530, in _api_call
    return self._make_api_call(operation_name, kwargs)
  File "/home/airflow/.local/lib/python3.7/site-packages/botocore/client.py", line 944, in _make_api_call
    operation_model, request_dict, request_context
  File "/home/airflow/.local/lib/python3.7/site-packages/botocore/client.py", line 966, in _make_request
    return self._endpoint.make_request(operation_model, request_dict)
  File "/home/airflow/.local/lib/python3.7/site-packages/botocore/endpoint.py", line 119, in make_request
    return self._send_request(request_dict, operation_model)
  File "/home/airflow/.local/lib/python3.7/site-packages/botocore/endpoint.py", line 198, in _send_request
    request = self.create_request(request_dict, operation_model)
  File "/home/airflow/.local/lib/python3.7/site-packages/botocore/endpoint.py", line 137, in create_request
    operation_name=operation_model.name,
  File "/home/airflow/.local/lib/python3.7/site-packages/botocore/hooks.py", line 412, in emit
    return self._emitter.emit(aliased_event_name, **kwargs)
  File "/home/airflow/.local/lib/python3.7/site-packages/botocore/hooks.py", line 256, in emit
    return self._emit(event_name, kwargs)
  File "/home/airflow/.local/lib/python3.7/site-packages/botocore/hooks.py", line 239, in _emit
    response = handler(**kwargs)
  File "/home/airflow/.local/lib/python3.7/site-packages/botocore/signers.py", line 105, in handler
    return self.sign(operation_name, request)
  File "/home/airflow/.local/lib/python3.7/site-packages/botocore/signers.py", line 189, in sign
    auth.add_auth(request)
  File "/home/airflow/.local/lib/python3.7/site-packages/botocore/auth.py", line 418, in add_auth
    raise NoCredentialsError()
botocore.exceptions.NoCredentialsError: Unable to locate credentials
[2024-10-04T15:35:23.423+0000] {taskinstance.py:1327} INFO - Marking task as UP_FOR_RETRY. dag_id=pdf_extraction_with_pymupdf_nanonets, task_id=list_pdfs_in_s3, execution_date=20241004T153522, start_date=20241004T153523, end_date=20241004T153523
[2024-10-04T15:35:23.442+0000] {standard_task_runner.py:105} ERROR - Failed to execute job 3 for task list_pdfs_in_s3 (Unable to locate credentials; 281)
[2024-10-04T15:35:23.487+0000] {local_task_job.py:159} INFO - Task exited with return code 1
[2024-10-04T15:35:23.520+0000] {taskinstance.py:2582} INFO - 0 downstream tasks scheduled from follow-on schedule check
