[2024-10-06T04:38:08.102+0000] {taskinstance.py:1087} INFO - Dependencies all met for <TaskInstance: pdf_extraction_with_dochorizon.upload_to_s3 manual__2024-10-06T04:32:49.062682+00:00 [queued]>
[2024-10-06T04:38:08.112+0000] {taskinstance.py:1087} INFO - Dependencies all met for <TaskInstance: pdf_extraction_with_dochorizon.upload_to_s3 manual__2024-10-06T04:32:49.062682+00:00 [queued]>
[2024-10-06T04:38:08.112+0000] {taskinstance.py:1283} INFO - 
--------------------------------------------------------------------------------
[2024-10-06T04:38:08.113+0000] {taskinstance.py:1284} INFO - Starting attempt 2 of 2
[2024-10-06T04:38:08.113+0000] {taskinstance.py:1285} INFO - 
--------------------------------------------------------------------------------
[2024-10-06T04:38:08.128+0000] {taskinstance.py:1304} INFO - Executing <Task(PythonOperator): upload_to_s3> on 2024-10-06 04:32:49.062682+00:00
[2024-10-06T04:38:08.132+0000] {standard_task_runner.py:55} INFO - Started process 4017 to run task
[2024-10-06T04:38:08.134+0000] {standard_task_runner.py:82} INFO - Running: ['***', 'tasks', 'run', 'pdf_extraction_with_dochorizon', 'upload_to_s3', 'manual__2024-10-06T04:32:49.062682+00:00', '--job-id', '206', '--raw', '--subdir', 'DAGS_FOLDER/PDF-Klippa.py', '--cfg-path', '/tmp/tmpelct7vze']
[2024-10-06T04:38:08.136+0000] {standard_task_runner.py:83} INFO - Job 206: Subtask upload_to_s3
[2024-10-06T04:38:08.160+0000] {logging_mixin.py:137} WARNING - /home/***/.local/lib/python3.7/site-packages/***/settings.py:249 DeprecationWarning: The sql_alchemy_conn option in [core] has been moved to the sql_alchemy_conn option in [database] - the old setting has been used, but please update your config.
[2024-10-06T04:38:08.241+0000] {task_command.py:389} INFO - Running <TaskInstance: pdf_extraction_with_dochorizon.upload_to_s3 manual__2024-10-06T04:32:49.062682+00:00 [running]> on host c14bde59b801
[2024-10-06T04:38:08.346+0000] {taskinstance.py:1513} INFO - Exporting the following env vars:
AIRFLOW_CTX_DAG_OWNER=***
AIRFLOW_CTX_DAG_ID=pdf_extraction_with_dochorizon
AIRFLOW_CTX_TASK_ID=upload_to_s3
AIRFLOW_CTX_EXECUTION_DATE=2024-10-06T04:32:49.062682+00:00
AIRFLOW_CTX_TRY_NUMBER=2
AIRFLOW_CTX_DAG_RUN_ID=manual__2024-10-06T04:32:49.062682+00:00
[2024-10-06T04:38:08.512+0000] {taskinstance.py:1772} ERROR - Task failed with exception
Traceback (most recent call last):
  File "/home/airflow/.local/lib/python3.7/site-packages/airflow/operators/python.py", line 175, in execute
    return_value = self.execute_callable()
  File "/home/airflow/.local/lib/python3.7/site-packages/airflow/operators/python.py", line 192, in execute_callable
    return self.python_callable(*self.op_args, **self.op_kwargs)
  File "/opt/airflow/dags/PDF-Klippa.py", line 139, in upload_to_s3
    dochorizon_s3_key = f'dochorizon/{os.path.basename(dochorizon_output_path)}'
  File "/usr/local/lib/python3.7/posixpath.py", line 146, in basename
    p = os.fspath(p)
TypeError: expected str, bytes or os.PathLike object, not NoneType
[2024-10-06T04:38:08.532+0000] {taskinstance.py:1327} INFO - Marking task as FAILED. dag_id=pdf_extraction_with_dochorizon, task_id=upload_to_s3, execution_date=20241006T043249, start_date=20241006T043808, end_date=20241006T043808
[2024-10-06T04:38:08.549+0000] {standard_task_runner.py:105} ERROR - Failed to execute job 206 for task upload_to_s3 (expected str, bytes or os.PathLike object, not NoneType; 4017)
[2024-10-06T04:38:08.587+0000] {local_task_job.py:159} INFO - Task exited with return code 1
[2024-10-06T04:38:08.619+0000] {taskinstance.py:2582} INFO - 0 downstream tasks scheduled from follow-on schedule check
