[2024-10-07T03:50:44.718+0000] {taskinstance.py:1087} INFO - Dependencies all met for <TaskInstance: pdf_extraction_with_pymupdf_and_convertapi_and_embeddings.extract_with_convertapi manual__2024-10-07T03:50:35.384088+00:00 [queued]>
[2024-10-07T03:50:44.734+0000] {taskinstance.py:1087} INFO - Dependencies all met for <TaskInstance: pdf_extraction_with_pymupdf_and_convertapi_and_embeddings.extract_with_convertapi manual__2024-10-07T03:50:35.384088+00:00 [queued]>
[2024-10-07T03:50:44.734+0000] {taskinstance.py:1283} INFO - 
--------------------------------------------------------------------------------
[2024-10-07T03:50:44.735+0000] {taskinstance.py:1284} INFO - Starting attempt 1 of 3
[2024-10-07T03:50:44.735+0000] {taskinstance.py:1285} INFO - 
--------------------------------------------------------------------------------
[2024-10-07T03:50:44.751+0000] {taskinstance.py:1304} INFO - Executing <Task(PythonOperator): extract_with_convertapi> on 2024-10-07 03:50:35.384088+00:00
[2024-10-07T03:50:44.757+0000] {standard_task_runner.py:55} INFO - Started process 1900 to run task
[2024-10-07T03:50:44.760+0000] {standard_task_runner.py:82} INFO - Running: ['***', 'tasks', 'run', 'pdf_extraction_with_pymupdf_and_convertapi_and_embeddings', 'extract_with_convertapi', 'manual__2024-10-07T03:50:35.384088+00:00', '--job-id', '348', '--raw', '--subdir', 'DAGS_FOLDER/ETL-ConvertAPI.py', '--cfg-path', '/tmp/tmpsjocvgxv']
[2024-10-07T03:50:44.761+0000] {standard_task_runner.py:83} INFO - Job 348: Subtask extract_with_convertapi
[2024-10-07T03:50:44.799+0000] {logging_mixin.py:137} WARNING - /home/***/.local/lib/python3.7/site-packages/***/settings.py:249 DeprecationWarning: The sql_alchemy_conn option in [core] has been moved to the sql_alchemy_conn option in [database] - the old setting has been used, but please update your config.
[2024-10-07T03:50:44.895+0000] {task_command.py:389} INFO - Running <TaskInstance: pdf_extraction_with_pymupdf_and_convertapi_and_embeddings.extract_with_convertapi manual__2024-10-07T03:50:35.384088+00:00 [running]> on host 1350c74cd1fb
[2024-10-07T03:50:45.019+0000] {taskinstance.py:1513} INFO - Exporting the following env vars:
AIRFLOW_CTX_DAG_OWNER=***
AIRFLOW_CTX_DAG_ID=pdf_extraction_with_pymupdf_and_convertapi_and_embeddings
AIRFLOW_CTX_TASK_ID=extract_with_convertapi
AIRFLOW_CTX_EXECUTION_DATE=2024-10-07T03:50:35.384088+00:00
AIRFLOW_CTX_TRY_NUMBER=1
AIRFLOW_CTX_DAG_RUN_ID=manual__2024-10-07T03:50:35.384088+00:00
[2024-10-07T03:50:46.680+0000] {logging_mixin.py:137} INFO - Failed to extract images. Status Code: 500
[2024-10-07T03:50:46.682+0000] {logging_mixin.py:137} INFO - Extracted data with ConvertAPI stored at /tmp/convertapi_021a5339-744f-42b7-bd9b-9368b3efda7a.pdf.json
[2024-10-07T03:50:49.868+0000] {logging_mixin.py:137} INFO - Extracted data with ConvertAPI stored at /tmp/convertapi_example.pdf.json
[2024-10-07T03:50:51.278+0000] {logging_mixin.py:137} INFO - Failed to extract images. Status Code: 500
[2024-10-07T03:50:51.280+0000] {logging_mixin.py:137} INFO - Extracted data with ConvertAPI stored at /tmp/convertapi_366e2f2b-8632-4ef2-81eb-bc3877489217.pdf.json
[2024-10-07T03:50:51.308+0000] {python.py:177} INFO - Done. Returned value was: None
[2024-10-07T03:50:51.329+0000] {taskinstance.py:1327} INFO - Marking task as SUCCESS. dag_id=pdf_extraction_with_pymupdf_and_convertapi_and_embeddings, task_id=extract_with_convertapi, execution_date=20241007T035035, start_date=20241007T035044, end_date=20241007T035051
[2024-10-07T03:50:51.363+0000] {local_task_job.py:159} INFO - Task exited with return code 0
[2024-10-07T03:50:51.398+0000] {taskinstance.py:2582} INFO - 1 downstream tasks scheduled from follow-on schedule check
