[2024-10-07T03:29:00.409+0000] {taskinstance.py:1087} INFO - Dependencies all met for <TaskInstance: pdf_extraction_with_pymupdf_and_convertapi_and_embeddings.download_pdfs manual__2024-10-07T03:28:54.617290+00:00 [queued]>
[2024-10-07T03:29:00.422+0000] {taskinstance.py:1087} INFO - Dependencies all met for <TaskInstance: pdf_extraction_with_pymupdf_and_convertapi_and_embeddings.download_pdfs manual__2024-10-07T03:28:54.617290+00:00 [queued]>
[2024-10-07T03:29:00.423+0000] {taskinstance.py:1283} INFO - 
--------------------------------------------------------------------------------
[2024-10-07T03:29:00.424+0000] {taskinstance.py:1284} INFO - Starting attempt 1 of 3
[2024-10-07T03:29:00.424+0000] {taskinstance.py:1285} INFO - 
--------------------------------------------------------------------------------
[2024-10-07T03:29:00.444+0000] {taskinstance.py:1304} INFO - Executing <Task(PythonOperator): download_pdfs> on 2024-10-07 03:28:54.617290+00:00
[2024-10-07T03:29:00.449+0000] {standard_task_runner.py:55} INFO - Started process 1077 to run task
[2024-10-07T03:29:00.452+0000] {standard_task_runner.py:82} INFO - Running: ['***', 'tasks', 'run', 'pdf_extraction_with_pymupdf_and_convertapi_and_embeddings', 'download_pdfs', 'manual__2024-10-07T03:28:54.617290+00:00', '--job-id', '314', '--raw', '--subdir', 'DAGS_FOLDER/ETL-ConvertAPI.py', '--cfg-path', '/tmp/tmpco2m11yi']
[2024-10-07T03:29:00.452+0000] {standard_task_runner.py:83} INFO - Job 314: Subtask download_pdfs
[2024-10-07T03:29:00.477+0000] {logging_mixin.py:137} WARNING - /home/***/.local/lib/python3.7/site-packages/***/settings.py:249 DeprecationWarning: The sql_alchemy_conn option in [core] has been moved to the sql_alchemy_conn option in [database] - the old setting has been used, but please update your config.
[2024-10-07T03:29:00.573+0000] {task_command.py:389} INFO - Running <TaskInstance: pdf_extraction_with_pymupdf_and_convertapi_and_embeddings.download_pdfs manual__2024-10-07T03:28:54.617290+00:00 [running]> on host 1350c74cd1fb
[2024-10-07T03:29:00.711+0000] {taskinstance.py:1513} INFO - Exporting the following env vars:
AIRFLOW_CTX_DAG_OWNER=***
AIRFLOW_CTX_DAG_ID=pdf_extraction_with_pymupdf_and_convertapi_and_embeddings
AIRFLOW_CTX_TASK_ID=download_pdfs
AIRFLOW_CTX_EXECUTION_DATE=2024-10-07T03:28:54.617290+00:00
AIRFLOW_CTX_TRY_NUMBER=1
AIRFLOW_CTX_DAG_RUN_ID=manual__2024-10-07T03:28:54.617290+00:00
[2024-10-07T03:29:01.080+0000] {logging_mixin.py:137} INFO - Downloaded gaia/2023/test/021a5339-744f-42b7-bd9b-9368b3efda7a.pdf to /tmp/021a5339-744f-42b7-bd9b-9368b3efda7a.pdf
[2024-10-07T03:29:01.264+0000] {logging_mixin.py:137} INFO - Downloaded gaia/2023/test/634fca59-03b2-4cdf-9ce4-0205df22f256.pdf to /tmp/634fca59-03b2-4cdf-9ce4-0205df22f256.pdf
[2024-10-07T03:29:01.441+0000] {logging_mixin.py:137} INFO - Downloaded gaia/2023/test/8f697523-6988-4c4f-8d72-760a45681f68.pdf to /tmp/8f697523-6988-4c4f-8d72-760a45681f68.pdf
[2024-10-07T03:29:01.640+0000] {logging_mixin.py:137} INFO - Downloaded gaia/2023/test/example.pdf to /tmp/example.pdf
[2024-10-07T03:29:01.739+0000] {logging_mixin.py:137} INFO - Downloaded gaia/2023/validation/366e2f2b-8632-4ef2-81eb-bc3877489217.pdf to /tmp/366e2f2b-8632-4ef2-81eb-bc3877489217.pdf
[2024-10-07T03:29:01.777+0000] {python.py:177} INFO - Done. Returned value was: None
[2024-10-07T03:29:01.799+0000] {taskinstance.py:1327} INFO - Marking task as SUCCESS. dag_id=pdf_extraction_with_pymupdf_and_convertapi_and_embeddings, task_id=download_pdfs, execution_date=20241007T032854, start_date=20241007T032900, end_date=20241007T032901
[2024-10-07T03:29:01.830+0000] {local_task_job.py:159} INFO - Task exited with return code 0
[2024-10-07T03:29:01.874+0000] {taskinstance.py:2582} INFO - 1 downstream tasks scheduled from follow-on schedule check
