[2024-10-06T06:06:04.174+0000] {taskinstance.py:1087} INFO - Dependencies all met for <TaskInstance: pdf_extraction_with_pymupdf_and_convertapi.extract_with_convertapi manual__2024-10-06T06:05:56.035934+00:00 [queued]>
[2024-10-06T06:06:04.184+0000] {taskinstance.py:1087} INFO - Dependencies all met for <TaskInstance: pdf_extraction_with_pymupdf_and_convertapi.extract_with_convertapi manual__2024-10-06T06:05:56.035934+00:00 [queued]>
[2024-10-06T06:06:04.185+0000] {taskinstance.py:1283} INFO - 
--------------------------------------------------------------------------------
[2024-10-06T06:06:04.185+0000] {taskinstance.py:1284} INFO - Starting attempt 1 of 2
[2024-10-06T06:06:04.186+0000] {taskinstance.py:1285} INFO - 
--------------------------------------------------------------------------------
[2024-10-06T06:06:04.201+0000] {taskinstance.py:1304} INFO - Executing <Task(PythonOperator): extract_with_convertapi> on 2024-10-06 06:05:56.035934+00:00
[2024-10-06T06:06:04.206+0000] {standard_task_runner.py:55} INFO - Started process 6294 to run task
[2024-10-06T06:06:04.208+0000] {standard_task_runner.py:82} INFO - Running: ['***', 'tasks', 'run', 'pdf_extraction_with_pymupdf_and_convertapi', 'extract_with_convertapi', 'manual__2024-10-06T06:05:56.035934+00:00', '--job-id', '248', '--raw', '--subdir', 'DAGS_FOLDER/ETL-ConvertAPI.py', '--cfg-path', '/tmp/tmp3ejkz7wy']
[2024-10-06T06:06:04.209+0000] {standard_task_runner.py:83} INFO - Job 248: Subtask extract_with_convertapi
[2024-10-06T06:06:04.230+0000] {logging_mixin.py:137} WARNING - /home/***/.local/lib/python3.7/site-packages/***/settings.py:249 DeprecationWarning: The sql_alchemy_conn option in [core] has been moved to the sql_alchemy_conn option in [database] - the old setting has been used, but please update your config.
[2024-10-06T06:06:04.304+0000] {task_command.py:389} INFO - Running <TaskInstance: pdf_extraction_with_pymupdf_and_convertapi.extract_with_convertapi manual__2024-10-06T06:05:56.035934+00:00 [running]> on host c14bde59b801
[2024-10-06T06:06:04.525+0000] {taskinstance.py:1513} INFO - Exporting the following env vars:
AIRFLOW_CTX_DAG_OWNER=***
AIRFLOW_CTX_DAG_ID=pdf_extraction_with_pymupdf_and_convertapi
AIRFLOW_CTX_TASK_ID=extract_with_convertapi
AIRFLOW_CTX_EXECUTION_DATE=2024-10-06T06:05:56.035934+00:00
AIRFLOW_CTX_TRY_NUMBER=1
AIRFLOW_CTX_DAG_RUN_ID=manual__2024-10-06T06:05:56.035934+00:00
[2024-10-06T06:06:04.767+0000] {logging_mixin.py:137} INFO - Failed to extract text. Status Code: 401
[2024-10-06T06:06:04.953+0000] {logging_mixin.py:137} INFO - Failed to extract tables. Status Code: 401
[2024-10-06T06:06:05.145+0000] {logging_mixin.py:137} INFO - Failed to extract images. Status Code: 401
[2024-10-06T06:06:05.146+0000] {python.py:177} INFO - Done. Returned value was: /tmp/convertapi_e9a2c537-8232-4c3f-85b0-b52de6bcba99.pdf
[2024-10-06T06:06:05.190+0000] {taskinstance.py:1327} INFO - Marking task as SUCCESS. dag_id=pdf_extraction_with_pymupdf_and_convertapi, task_id=extract_with_convertapi, execution_date=20241006T060556, start_date=20241006T060604, end_date=20241006T060605
[2024-10-06T06:06:05.223+0000] {local_task_job.py:159} INFO - Task exited with return code 0
[2024-10-06T06:06:05.255+0000] {taskinstance.py:2582} INFO - 1 downstream tasks scheduled from follow-on schedule check
