[2024-10-06T06:42:56.809+0000] {taskinstance.py:1087} INFO - Dependencies all met for <TaskInstance: pdf_extraction_with_pymupdf_and_convertapi.upload_to_s3 manual__2024-10-06T06:42:19.984927+00:00 [queued]>
[2024-10-06T06:42:56.820+0000] {taskinstance.py:1087} INFO - Dependencies all met for <TaskInstance: pdf_extraction_with_pymupdf_and_convertapi.upload_to_s3 manual__2024-10-06T06:42:19.984927+00:00 [queued]>
[2024-10-06T06:42:56.821+0000] {taskinstance.py:1283} INFO - 
--------------------------------------------------------------------------------
[2024-10-06T06:42:56.821+0000] {taskinstance.py:1284} INFO - Starting attempt 1 of 3
[2024-10-06T06:42:56.822+0000] {taskinstance.py:1285} INFO - 
--------------------------------------------------------------------------------
[2024-10-06T06:42:56.837+0000] {taskinstance.py:1304} INFO - Executing <Task(PythonOperator): upload_to_s3> on 2024-10-06 06:42:19.984927+00:00
[2024-10-06T06:42:56.841+0000] {standard_task_runner.py:55} INFO - Started process 7847 to run task
[2024-10-06T06:42:56.844+0000] {standard_task_runner.py:82} INFO - Running: ['***', 'tasks', 'run', 'pdf_extraction_with_pymupdf_and_convertapi', 'upload_to_s3', 'manual__2024-10-06T06:42:19.984927+00:00', '--job-id', '295', '--raw', '--subdir', 'DAGS_FOLDER/ETL-ConvertAPI.py', '--cfg-path', '/tmp/tmpsyhbtye4']
[2024-10-06T06:42:56.846+0000] {standard_task_runner.py:83} INFO - Job 295: Subtask upload_to_s3
[2024-10-06T06:42:56.883+0000] {logging_mixin.py:137} WARNING - /home/***/.local/lib/python3.7/site-packages/***/settings.py:249 DeprecationWarning: The sql_alchemy_conn option in [core] has been moved to the sql_alchemy_conn option in [database] - the old setting has been used, but please update your config.
[2024-10-06T06:42:56.961+0000] {task_command.py:389} INFO - Running <TaskInstance: pdf_extraction_with_pymupdf_and_convertapi.upload_to_s3 manual__2024-10-06T06:42:19.984927+00:00 [running]> on host c14bde59b801
[2024-10-06T06:42:57.064+0000] {taskinstance.py:1513} INFO - Exporting the following env vars:
AIRFLOW_CTX_DAG_OWNER=***
AIRFLOW_CTX_DAG_ID=pdf_extraction_with_pymupdf_and_convertapi
AIRFLOW_CTX_TASK_ID=upload_to_s3
AIRFLOW_CTX_EXECUTION_DATE=2024-10-06T06:42:19.984927+00:00
AIRFLOW_CTX_TRY_NUMBER=1
AIRFLOW_CTX_DAG_RUN_ID=manual__2024-10-06T06:42:19.984927+00:00
[2024-10-06T06:42:57.466+0000] {logging_mixin.py:137} INFO - Uploaded /tmp/pymupdf_021a5339-744f-42b7-bd9b-9368b3efda7a.pdf.json to pymupdf/pymupdf_021a5339-744f-42b7-bd9b-9368b3efda7a.pdf.json
[2024-10-06T06:42:57.584+0000] {logging_mixin.py:137} INFO - Uploaded /tmp/convertapi_021a5339-744f-42b7-bd9b-9368b3efda7a.pdf.json to convertapi/convertapi_021a5339-744f-42b7-bd9b-9368b3efda7a.pdf.json
[2024-10-06T06:42:57.702+0000] {logging_mixin.py:137} INFO - Uploaded /tmp/pymupdf_32f386b9-73ee-4455-b412-ddad508aa979.pdf.json to pymupdf/pymupdf_32f386b9-73ee-4455-b412-ddad508aa979.pdf.json
[2024-10-06T06:42:57.787+0000] {logging_mixin.py:137} INFO - Uploaded /tmp/convertapi_32f386b9-73ee-4455-b412-ddad508aa979.pdf.json to convertapi/convertapi_32f386b9-73ee-4455-b412-ddad508aa979.pdf.json
[2024-10-06T06:42:57.973+0000] {logging_mixin.py:137} INFO - Uploaded /tmp/pymupdf_4044eab7-1282-42bd-a559-3bf3a4d5858e.pdf.json to pymupdf/pymupdf_4044eab7-1282-42bd-a559-3bf3a4d5858e.pdf.json
[2024-10-06T06:42:58.059+0000] {logging_mixin.py:137} INFO - Uploaded /tmp/convertapi_4044eab7-1282-42bd-a559-3bf3a4d5858e.pdf.json to convertapi/convertapi_4044eab7-1282-42bd-a559-3bf3a4d5858e.pdf.json
[2024-10-06T06:42:58.171+0000] {logging_mixin.py:137} INFO - Uploaded /tmp/pymupdf_634fca59-03b2-4cdf-9ce4-0205df22f256.pdf.json to pymupdf/pymupdf_634fca59-03b2-4cdf-9ce4-0205df22f256.pdf.json
[2024-10-06T06:42:58.258+0000] {logging_mixin.py:137} INFO - Uploaded /tmp/convertapi_634fca59-03b2-4cdf-9ce4-0205df22f256.pdf.json to convertapi/convertapi_634fca59-03b2-4cdf-9ce4-0205df22f256.pdf.json
[2024-10-06T06:42:58.383+0000] {logging_mixin.py:137} INFO - Uploaded /tmp/pymupdf_680d7d77-c0c7-49c8-88fd-f8ec623645e9.pdf.json to pymupdf/pymupdf_680d7d77-c0c7-49c8-88fd-f8ec623645e9.pdf.json
[2024-10-06T06:42:58.465+0000] {logging_mixin.py:137} INFO - Uploaded /tmp/convertapi_680d7d77-c0c7-49c8-88fd-f8ec623645e9.pdf.json to convertapi/convertapi_680d7d77-c0c7-49c8-88fd-f8ec623645e9.pdf.json
[2024-10-06T06:42:58.601+0000] {logging_mixin.py:137} INFO - Uploaded /tmp/pymupdf_7c215d46-91c7-424e-9f22-37d43ab73ea6.pdf.json to pymupdf/pymupdf_7c215d46-91c7-424e-9f22-37d43ab73ea6.pdf.json
[2024-10-06T06:42:58.681+0000] {logging_mixin.py:137} INFO - Uploaded /tmp/convertapi_7c215d46-91c7-424e-9f22-37d43ab73ea6.pdf.json to convertapi/convertapi_7c215d46-91c7-424e-9f22-37d43ab73ea6.pdf.json
[2024-10-06T06:42:58.858+0000] {logging_mixin.py:137} INFO - Uploaded /tmp/pymupdf_8f697523-6988-4c4f-8d72-760a45681f68.pdf.json to pymupdf/pymupdf_8f697523-6988-4c4f-8d72-760a45681f68.pdf.json
[2024-10-06T06:42:58.956+0000] {logging_mixin.py:137} INFO - Uploaded /tmp/convertapi_8f697523-6988-4c4f-8d72-760a45681f68.pdf.json to convertapi/convertapi_8f697523-6988-4c4f-8d72-760a45681f68.pdf.json
[2024-10-06T06:42:59.112+0000] {logging_mixin.py:137} INFO - Uploaded /tmp/pymupdf_b3654e47-4307-442c-a09c-945b33b913c6.pdf.json to pymupdf/pymupdf_b3654e47-4307-442c-a09c-945b33b913c6.pdf.json
[2024-10-06T06:42:59.236+0000] {logging_mixin.py:137} INFO - Uploaded /tmp/convertapi_b3654e47-4307-442c-a09c-945b33b913c6.pdf.json to convertapi/convertapi_b3654e47-4307-442c-a09c-945b33b913c6.pdf.json
[2024-10-06T06:42:59.359+0000] {logging_mixin.py:137} INFO - Uploaded /tmp/pymupdf_c4456885-2f03-436f-8fe9-0b4ca6822cdb.pdf.json to pymupdf/pymupdf_c4456885-2f03-436f-8fe9-0b4ca6822cdb.pdf.json
[2024-10-06T06:42:59.470+0000] {logging_mixin.py:137} INFO - Uploaded /tmp/convertapi_c4456885-2f03-436f-8fe9-0b4ca6822cdb.pdf.json to convertapi/convertapi_c4456885-2f03-436f-8fe9-0b4ca6822cdb.pdf.json
[2024-10-06T06:42:59.593+0000] {logging_mixin.py:137} INFO - Uploaded /tmp/pymupdf_366e2f2b-8632-4ef2-81eb-bc3877489217.pdf.json to pymupdf/pymupdf_366e2f2b-8632-4ef2-81eb-bc3877489217.pdf.json
[2024-10-06T06:42:59.675+0000] {logging_mixin.py:137} INFO - Uploaded /tmp/convertapi_366e2f2b-8632-4ef2-81eb-bc3877489217.pdf.json to convertapi/convertapi_366e2f2b-8632-4ef2-81eb-bc3877489217.pdf.json
[2024-10-06T06:42:59.805+0000] {logging_mixin.py:137} INFO - Uploaded /tmp/pymupdf_67e8878b-5cef-4375-804e-e6291fdbe78a.pdf.json to pymupdf/pymupdf_67e8878b-5cef-4375-804e-e6291fdbe78a.pdf.json
[2024-10-06T06:42:59.882+0000] {logging_mixin.py:137} INFO - Uploaded /tmp/convertapi_67e8878b-5cef-4375-804e-e6291fdbe78a.pdf.json to convertapi/convertapi_67e8878b-5cef-4375-804e-e6291fdbe78a.pdf.json
[2024-10-06T06:43:00.006+0000] {logging_mixin.py:137} INFO - Uploaded /tmp/pymupdf_e9a2c537-8232-4c3f-85b0-b52de6bcba99.pdf.json to pymupdf/pymupdf_e9a2c537-8232-4c3f-85b0-b52de6bcba99.pdf.json
[2024-10-06T06:43:00.145+0000] {logging_mixin.py:137} INFO - Uploaded /tmp/convertapi_e9a2c537-8232-4c3f-85b0-b52de6bcba99.pdf.json to convertapi/convertapi_e9a2c537-8232-4c3f-85b0-b52de6bcba99.pdf.json
[2024-10-06T06:43:00.146+0000] {python.py:177} INFO - Done. Returned value was: None
[2024-10-06T06:43:00.166+0000] {taskinstance.py:1327} INFO - Marking task as SUCCESS. dag_id=pdf_extraction_with_pymupdf_and_convertapi, task_id=upload_to_s3, execution_date=20241006T064219, start_date=20241006T064256, end_date=20241006T064300
[2024-10-06T06:43:00.228+0000] {local_task_job.py:159} INFO - Task exited with return code 0
[2024-10-06T06:43:00.257+0000] {taskinstance.py:2582} INFO - 0 downstream tasks scheduled from follow-on schedule check
