[2024-10-06T04:28:57.951+0000] {taskinstance.py:1087} INFO - Dependencies all met for <TaskInstance: pdf_extraction_with_dochorizon.upload_to_s3 manual__2024-10-06T04:28:41.376952+00:00 [queued]>
[2024-10-06T04:28:57.963+0000] {taskinstance.py:1087} INFO - Dependencies all met for <TaskInstance: pdf_extraction_with_dochorizon.upload_to_s3 manual__2024-10-06T04:28:41.376952+00:00 [queued]>
[2024-10-06T04:28:57.963+0000] {taskinstance.py:1283} INFO - 
--------------------------------------------------------------------------------
[2024-10-06T04:28:57.964+0000] {taskinstance.py:1284} INFO - Starting attempt 1 of 2
[2024-10-06T04:28:57.964+0000] {taskinstance.py:1285} INFO - 
--------------------------------------------------------------------------------
[2024-10-06T04:28:57.979+0000] {taskinstance.py:1304} INFO - Executing <Task(PythonOperator): upload_to_s3> on 2024-10-06 04:28:41.376952+00:00
[2024-10-06T04:28:57.983+0000] {standard_task_runner.py:55} INFO - Started process 3743 to run task
[2024-10-06T04:28:57.985+0000] {standard_task_runner.py:82} INFO - Running: ['***', 'tasks', 'run', 'pdf_extraction_with_dochorizon', 'upload_to_s3', 'manual__2024-10-06T04:28:41.376952+00:00', '--job-id', '200', '--raw', '--subdir', 'DAGS_FOLDER/PDF-Klippa.py', '--cfg-path', '/tmp/tmpp9rqxvud']
[2024-10-06T04:28:57.987+0000] {standard_task_runner.py:83} INFO - Job 200: Subtask upload_to_s3
[2024-10-06T04:28:58.010+0000] {logging_mixin.py:137} WARNING - /home/***/.local/lib/python3.7/site-packages/***/settings.py:249 DeprecationWarning: The sql_alchemy_conn option in [core] has been moved to the sql_alchemy_conn option in [database] - the old setting has been used, but please update your config.
[2024-10-06T04:28:58.091+0000] {task_command.py:389} INFO - Running <TaskInstance: pdf_extraction_with_dochorizon.upload_to_s3 manual__2024-10-06T04:28:41.376952+00:00 [running]> on host c14bde59b801
[2024-10-06T04:28:58.196+0000] {taskinstance.py:1513} INFO - Exporting the following env vars:
AIRFLOW_CTX_DAG_OWNER=***
AIRFLOW_CTX_DAG_ID=pdf_extraction_with_dochorizon
AIRFLOW_CTX_TASK_ID=upload_to_s3
AIRFLOW_CTX_EXECUTION_DATE=2024-10-06T04:28:41.376952+00:00
AIRFLOW_CTX_TRY_NUMBER=1
AIRFLOW_CTX_DAG_RUN_ID=manual__2024-10-06T04:28:41.376952+00:00
[2024-10-06T04:28:58.634+0000] {logging_mixin.py:137} INFO - Uploaded /tmp/pymupdf_021a5339-744f-42b7-bd9b-9368b3efda7a.pdf.json to pymupdf/pymupdf_021a5339-744f-42b7-bd9b-9368b3efda7a.pdf.json
[2024-10-06T04:28:58.732+0000] {logging_mixin.py:137} INFO - Uploaded /tmp/dochorizon_info_021a5339-744f-42b7-bd9b-9368b3efda7a.pdf.json to dochorizon/dochorizon_info_021a5339-744f-42b7-bd9b-9368b3efda7a.pdf.json
[2024-10-06T04:28:58.853+0000] {logging_mixin.py:137} INFO - Uploaded /tmp/pymupdf_32f386b9-73ee-4455-b412-ddad508aa979.pdf.json to pymupdf/pymupdf_32f386b9-73ee-4455-b412-ddad508aa979.pdf.json
[2024-10-06T04:28:58.931+0000] {logging_mixin.py:137} INFO - Uploaded /tmp/dochorizon_info_32f386b9-73ee-4455-b412-ddad508aa979.pdf.json to dochorizon/dochorizon_info_32f386b9-73ee-4455-b412-ddad508aa979.pdf.json
[2024-10-06T04:28:59.049+0000] {logging_mixin.py:137} INFO - Uploaded /tmp/pymupdf_4044eab7-1282-42bd-a559-3bf3a4d5858e.pdf.json to pymupdf/pymupdf_4044eab7-1282-42bd-a559-3bf3a4d5858e.pdf.json
[2024-10-06T04:28:59.127+0000] {logging_mixin.py:137} INFO - Uploaded /tmp/dochorizon_info_4044eab7-1282-42bd-a559-3bf3a4d5858e.pdf.json to dochorizon/dochorizon_info_4044eab7-1282-42bd-a559-3bf3a4d5858e.pdf.json
[2024-10-06T04:28:59.246+0000] {logging_mixin.py:137} INFO - Uploaded /tmp/pymupdf_634fca59-03b2-4cdf-9ce4-0205df22f256.pdf.json to pymupdf/pymupdf_634fca59-03b2-4cdf-9ce4-0205df22f256.pdf.json
[2024-10-06T04:28:59.330+0000] {logging_mixin.py:137} INFO - Uploaded /tmp/dochorizon_info_634fca59-03b2-4cdf-9ce4-0205df22f256.pdf.json to dochorizon/dochorizon_info_634fca59-03b2-4cdf-9ce4-0205df22f256.pdf.json
[2024-10-06T04:28:59.453+0000] {logging_mixin.py:137} INFO - Uploaded /tmp/pymupdf_680d7d77-c0c7-49c8-88fd-f8ec623645e9.pdf.json to pymupdf/pymupdf_680d7d77-c0c7-49c8-88fd-f8ec623645e9.pdf.json
[2024-10-06T04:28:59.531+0000] {logging_mixin.py:137} INFO - Uploaded /tmp/dochorizon_info_680d7d77-c0c7-49c8-88fd-f8ec623645e9.pdf.json to dochorizon/dochorizon_info_680d7d77-c0c7-49c8-88fd-f8ec623645e9.pdf.json
[2024-10-06T04:28:59.643+0000] {logging_mixin.py:137} INFO - Uploaded /tmp/pymupdf_7c215d46-91c7-424e-9f22-37d43ab73ea6.pdf.json to pymupdf/pymupdf_7c215d46-91c7-424e-9f22-37d43ab73ea6.pdf.json
[2024-10-06T04:28:59.720+0000] {logging_mixin.py:137} INFO - Uploaded /tmp/dochorizon_info_7c215d46-91c7-424e-9f22-37d43ab73ea6.pdf.json to dochorizon/dochorizon_info_7c215d46-91c7-424e-9f22-37d43ab73ea6.pdf.json
[2024-10-06T04:28:59.882+0000] {logging_mixin.py:137} INFO - Uploaded /tmp/pymupdf_8f697523-6988-4c4f-8d72-760a45681f68.pdf.json to pymupdf/pymupdf_8f697523-6988-4c4f-8d72-760a45681f68.pdf.json
[2024-10-06T04:28:59.956+0000] {logging_mixin.py:137} INFO - Uploaded /tmp/dochorizon_info_8f697523-6988-4c4f-8d72-760a45681f68.pdf.json to dochorizon/dochorizon_info_8f697523-6988-4c4f-8d72-760a45681f68.pdf.json
[2024-10-06T04:29:00.076+0000] {logging_mixin.py:137} INFO - Uploaded /tmp/pymupdf_b3654e47-4307-442c-a09c-945b33b913c6.pdf.json to pymupdf/pymupdf_b3654e47-4307-442c-a09c-945b33b913c6.pdf.json
[2024-10-06T04:29:00.154+0000] {logging_mixin.py:137} INFO - Uploaded /tmp/dochorizon_info_b3654e47-4307-442c-a09c-945b33b913c6.pdf.json to dochorizon/dochorizon_info_b3654e47-4307-442c-a09c-945b33b913c6.pdf.json
[2024-10-06T04:29:00.268+0000] {logging_mixin.py:137} INFO - Uploaded /tmp/pymupdf_c4456885-2f03-436f-8fe9-0b4ca6822cdb.pdf.json to pymupdf/pymupdf_c4456885-2f03-436f-8fe9-0b4ca6822cdb.pdf.json
[2024-10-06T04:29:00.349+0000] {logging_mixin.py:137} INFO - Uploaded /tmp/dochorizon_info_c4456885-2f03-436f-8fe9-0b4ca6822cdb.pdf.json to dochorizon/dochorizon_info_c4456885-2f03-436f-8fe9-0b4ca6822cdb.pdf.json
[2024-10-06T04:29:00.475+0000] {logging_mixin.py:137} INFO - Uploaded /tmp/pymupdf_366e2f2b-8632-4ef2-81eb-bc3877489217.pdf.json to pymupdf/pymupdf_366e2f2b-8632-4ef2-81eb-bc3877489217.pdf.json
[2024-10-06T04:29:00.554+0000] {logging_mixin.py:137} INFO - Uploaded /tmp/dochorizon_info_366e2f2b-8632-4ef2-81eb-bc3877489217.pdf.json to dochorizon/dochorizon_info_366e2f2b-8632-4ef2-81eb-bc3877489217.pdf.json
[2024-10-06T04:29:00.667+0000] {logging_mixin.py:137} INFO - Uploaded /tmp/pymupdf_67e8878b-5cef-4375-804e-e6291fdbe78a.pdf.json to pymupdf/pymupdf_67e8878b-5cef-4375-804e-e6291fdbe78a.pdf.json
[2024-10-06T04:29:00.744+0000] {logging_mixin.py:137} INFO - Uploaded /tmp/dochorizon_info_67e8878b-5cef-4375-804e-e6291fdbe78a.pdf.json to dochorizon/dochorizon_info_67e8878b-5cef-4375-804e-e6291fdbe78a.pdf.json
[2024-10-06T04:29:00.862+0000] {logging_mixin.py:137} INFO - Uploaded /tmp/pymupdf_e9a2c537-8232-4c3f-85b0-b52de6bcba99.pdf.json to pymupdf/pymupdf_e9a2c537-8232-4c3f-85b0-b52de6bcba99.pdf.json
[2024-10-06T04:29:00.940+0000] {logging_mixin.py:137} INFO - Uploaded /tmp/dochorizon_info_e9a2c537-8232-4c3f-85b0-b52de6bcba99.pdf.json to dochorizon/dochorizon_info_e9a2c537-8232-4c3f-85b0-b52de6bcba99.pdf.json
[2024-10-06T04:29:00.940+0000] {python.py:177} INFO - Done. Returned value was: None
[2024-10-06T04:29:00.959+0000] {taskinstance.py:1327} INFO - Marking task as SUCCESS. dag_id=pdf_extraction_with_dochorizon, task_id=upload_to_s3, execution_date=20241006T042841, start_date=20241006T042857, end_date=20241006T042900
[2024-10-06T04:29:01.008+0000] {local_task_job.py:159} INFO - Task exited with return code 0
[2024-10-06T04:29:01.035+0000] {taskinstance.py:2582} INFO - 0 downstream tasks scheduled from follow-on schedule check
