[2024-10-07T05:49:35.297+0000] {taskinstance.py:1087} INFO - Dependencies all met for <TaskInstance: pdf_extraction_with_pymupdf_and_convertapi_and_embeddings.embed_and_store_pdf_pages manual__2024-10-07T05:49:13.711065+00:00 [queued]>
[2024-10-07T05:49:35.311+0000] {taskinstance.py:1087} INFO - Dependencies all met for <TaskInstance: pdf_extraction_with_pymupdf_and_convertapi_and_embeddings.embed_and_store_pdf_pages manual__2024-10-07T05:49:13.711065+00:00 [queued]>
[2024-10-07T05:49:35.311+0000] {taskinstance.py:1283} INFO - 
--------------------------------------------------------------------------------
[2024-10-07T05:49:35.312+0000] {taskinstance.py:1284} INFO - Starting attempt 1 of 3
[2024-10-07T05:49:35.312+0000] {taskinstance.py:1285} INFO - 
--------------------------------------------------------------------------------
[2024-10-07T05:49:35.329+0000] {taskinstance.py:1304} INFO - Executing <Task(PythonOperator): embed_and_store_pdf_pages> on 2024-10-07 05:49:13.711065+00:00
[2024-10-07T05:49:35.337+0000] {standard_task_runner.py:55} INFO - Started process 5528 to run task
[2024-10-07T05:49:35.339+0000] {standard_task_runner.py:82} INFO - Running: ['***', 'tasks', 'run', 'pdf_extraction_with_pymupdf_and_convertapi_and_embeddings', 'embed_and_store_pdf_pages', 'manual__2024-10-07T05:49:13.711065+00:00', '--job-id', '381', '--raw', '--subdir', 'DAGS_FOLDER/ETL-ConvertAPI.py', '--cfg-path', '/tmp/tmpzbwptrl6']
[2024-10-07T05:49:35.340+0000] {standard_task_runner.py:83} INFO - Job 381: Subtask embed_and_store_pdf_pages
[2024-10-07T05:49:35.368+0000] {logging_mixin.py:137} WARNING - /home/***/.local/lib/python3.7/site-packages/***/settings.py:249 DeprecationWarning: The sql_alchemy_conn option in [core] has been moved to the sql_alchemy_conn option in [database] - the old setting has been used, but please update your config.
[2024-10-07T05:49:35.473+0000] {task_command.py:389} INFO - Running <TaskInstance: pdf_extraction_with_pymupdf_and_convertapi_and_embeddings.embed_and_store_pdf_pages manual__2024-10-07T05:49:13.711065+00:00 [running]> on host 1350c74cd1fb
[2024-10-07T05:49:35.620+0000] {taskinstance.py:1513} INFO - Exporting the following env vars:
AIRFLOW_CTX_DAG_OWNER=***
AIRFLOW_CTX_DAG_ID=pdf_extraction_with_pymupdf_and_convertapi_and_embeddings
AIRFLOW_CTX_TASK_ID=embed_and_store_pdf_pages
AIRFLOW_CTX_EXECUTION_DATE=2024-10-07T05:49:13.711065+00:00
AIRFLOW_CTX_TRY_NUMBER=1
AIRFLOW_CTX_DAG_RUN_ID=manual__2024-10-07T05:49:13.711065+00:00
[2024-10-07T05:49:35.629+0000] {connectionpool.py:813} WARNING - Retrying (Retry(total=2, connect=None, read=None, redirect=None, status=None)) after connection broken by 'NewConnectionError('<urllib3.connection.HTTPSConnection object at 0x7f47ba26d750>: Failed to establish a new connection: [Errno -2] Name or service not known')': /databases
[2024-10-07T05:49:35.632+0000] {connectionpool.py:813} WARNING - Retrying (Retry(total=1, connect=None, read=None, redirect=None, status=None)) after connection broken by 'NewConnectionError('<urllib3.connection.HTTPSConnection object at 0x7f47ba26dbd0>: Failed to establish a new connection: [Errno -2] Name or service not known')': /databases
[2024-10-07T05:49:35.636+0000] {connectionpool.py:813} WARNING - Retrying (Retry(total=0, connect=None, read=None, redirect=None, status=None)) after connection broken by 'NewConnectionError('<urllib3.connection.HTTPSConnection object at 0x7f47ba26db90>: Failed to establish a new connection: [Errno -2] Name or service not known')': /databases
[2024-10-07T05:49:35.639+0000] {logging_mixin.py:137} INFO - Failed to create Pinecone index: HTTPSConnectionPool(host='controller.us-east1-aws.pinecone.io', port=443): Max retries exceeded with url: /databases (Caused by NewConnectionError('<urllib3.connection.HTTPSConnection object at 0x7f47ba26ddd0>: Failed to establish a new connection: [Errno -2] Name or service not known'))
[2024-10-07T05:49:35.643+0000] {connectionpool.py:813} WARNING - Retrying (Retry(total=2, connect=None, read=None, redirect=None, status=None)) after connection broken by 'NewConnectionError('<urllib3.connection.HTTPSConnection object at 0x7f47ba260a10>: Failed to establish a new connection: [Errno -2] Name or service not known')': /databases
[2024-10-07T05:49:35.646+0000] {connectionpool.py:813} WARNING - Retrying (Retry(total=1, connect=None, read=None, redirect=None, status=None)) after connection broken by 'NewConnectionError('<urllib3.connection.HTTPSConnection object at 0x7f47ba26dfd0>: Failed to establish a new connection: [Errno -2] Name or service not known')': /databases
[2024-10-07T05:49:35.649+0000] {connectionpool.py:813} WARNING - Retrying (Retry(total=0, connect=None, read=None, redirect=None, status=None)) after connection broken by 'NewConnectionError('<urllib3.connection.HTTPSConnection object at 0x7f47ba26d850>: Failed to establish a new connection: [Errno -2] Name or service not known')': /databases
[2024-10-07T05:49:35.653+0000] {logging_mixin.py:137} INFO - Failed to create Pinecone index: HTTPSConnectionPool(host='controller.us-east1-aws.pinecone.io', port=443): Max retries exceeded with url: /databases (Caused by NewConnectionError('<urllib3.connection.HTTPSConnection object at 0x7f47ba26dad0>: Failed to establish a new connection: [Errno -2] Name or service not known'))
[2024-10-07T05:49:35.834+0000] {python.py:177} INFO - Done. Returned value was: None
[2024-10-07T05:49:35.860+0000] {taskinstance.py:1327} INFO - Marking task as SUCCESS. dag_id=pdf_extraction_with_pymupdf_and_convertapi_and_embeddings, task_id=embed_and_store_pdf_pages, execution_date=20241007T054913, start_date=20241007T054935, end_date=20241007T054935
[2024-10-07T05:49:35.914+0000] {local_task_job.py:159} INFO - Task exited with return code 0
[2024-10-07T05:49:35.950+0000] {taskinstance.py:2582} INFO - 0 downstream tasks scheduled from follow-on schedule check
