[2024-10-06T05:59:22.810+0000] {taskinstance.py:1087} INFO - Dependencies all met for <TaskInstance: pdf_extraction_with_pymupdf_and_convertapi.extract_with_pymupdf manual__2024-10-06T05:59:16.458531+00:00 [queued]>
[2024-10-06T05:59:22.820+0000] {taskinstance.py:1087} INFO - Dependencies all met for <TaskInstance: pdf_extraction_with_pymupdf_and_convertapi.extract_with_pymupdf manual__2024-10-06T05:59:16.458531+00:00 [queued]>
[2024-10-06T05:59:22.820+0000] {taskinstance.py:1283} INFO - 
--------------------------------------------------------------------------------
[2024-10-06T05:59:22.821+0000] {taskinstance.py:1284} INFO - Starting attempt 1 of 2
[2024-10-06T05:59:22.821+0000] {taskinstance.py:1285} INFO - 
--------------------------------------------------------------------------------
[2024-10-06T05:59:22.835+0000] {taskinstance.py:1304} INFO - Executing <Task(PythonOperator): extract_with_pymupdf> on 2024-10-06 05:59:16.458531+00:00
[2024-10-06T05:59:22.840+0000] {standard_task_runner.py:55} INFO - Started process 6012 to run task
[2024-10-06T05:59:22.849+0000] {standard_task_runner.py:82} INFO - Running: ['***', 'tasks', 'run', 'pdf_extraction_with_pymupdf_and_convertapi', 'extract_with_pymupdf', 'manual__2024-10-06T05:59:16.458531+00:00', '--job-id', '237', '--raw', '--subdir', 'DAGS_FOLDER/ETL-ConvertAPI.py', '--cfg-path', '/tmp/tmpsn8fmqht']
[2024-10-06T05:59:22.851+0000] {standard_task_runner.py:83} INFO - Job 237: Subtask extract_with_pymupdf
[2024-10-06T05:59:22.875+0000] {logging_mixin.py:137} WARNING - /home/***/.local/lib/python3.7/site-packages/***/settings.py:249 DeprecationWarning: The sql_alchemy_conn option in [core] has been moved to the sql_alchemy_conn option in [database] - the old setting has been used, but please update your config.
[2024-10-06T05:59:22.951+0000] {task_command.py:389} INFO - Running <TaskInstance: pdf_extraction_with_pymupdf_and_convertapi.extract_with_pymupdf manual__2024-10-06T05:59:16.458531+00:00 [running]> on host c14bde59b801
[2024-10-06T05:59:23.054+0000] {taskinstance.py:1513} INFO - Exporting the following env vars:
AIRFLOW_CTX_DAG_OWNER=***
AIRFLOW_CTX_DAG_ID=pdf_extraction_with_pymupdf_and_convertapi
AIRFLOW_CTX_TASK_ID=extract_with_pymupdf
AIRFLOW_CTX_EXECUTION_DATE=2024-10-06T05:59:16.458531+00:00
AIRFLOW_CTX_TRY_NUMBER=1
AIRFLOW_CTX_DAG_RUN_ID=manual__2024-10-06T05:59:16.458531+00:00
[2024-10-06T05:59:23.205+0000] {logging_mixin.py:137} INFO - Extracted text and images with PyMuPDF stored at /tmp/pymupdf_021a5339-744f-42b7-bd9b-9368b3efda7a.pdf.json
[2024-10-06T05:59:23.206+0000] {logging_mixin.py:137} INFO - Images saved in: /tmp/pymupdf_images_021a5339-744f-42b7-bd9b-9368b3efda7a.pdf/
[2024-10-06T05:59:23.265+0000] {logging_mixin.py:137} INFO - Extracted text and images with PyMuPDF stored at /tmp/pymupdf_32f386b9-73ee-4455-b412-ddad508aa979.pdf.json
[2024-10-06T05:59:23.266+0000] {logging_mixin.py:137} INFO - Images saved in: /tmp/pymupdf_images_32f386b9-73ee-4455-b412-ddad508aa979.pdf/
[2024-10-06T05:59:23.325+0000] {logging_mixin.py:137} INFO - Extracted text and images with PyMuPDF stored at /tmp/pymupdf_4044eab7-1282-42bd-a559-3bf3a4d5858e.pdf.json
[2024-10-06T05:59:23.325+0000] {logging_mixin.py:137} INFO - Images saved in: /tmp/pymupdf_images_4044eab7-1282-42bd-a559-3bf3a4d5858e.pdf/
[2024-10-06T05:59:23.410+0000] {logging_mixin.py:137} INFO - Extracted text and images with PyMuPDF stored at /tmp/pymupdf_634fca59-03b2-4cdf-9ce4-0205df22f256.pdf.json
[2024-10-06T05:59:23.411+0000] {logging_mixin.py:137} INFO - Images saved in: /tmp/pymupdf_images_634fca59-03b2-4cdf-9ce4-0205df22f256.pdf/
[2024-10-06T05:59:23.478+0000] {logging_mixin.py:137} INFO - Extracted text and images with PyMuPDF stored at /tmp/pymupdf_680d7d77-c0c7-49c8-88fd-f8ec623645e9.pdf.json
[2024-10-06T05:59:23.478+0000] {logging_mixin.py:137} INFO - Images saved in: /tmp/pymupdf_images_680d7d77-c0c7-49c8-88fd-f8ec623645e9.pdf/
[2024-10-06T05:59:23.532+0000] {logging_mixin.py:137} INFO - Extracted text and images with PyMuPDF stored at /tmp/pymupdf_7c215d46-91c7-424e-9f22-37d43ab73ea6.pdf.json
[2024-10-06T05:59:23.532+0000] {logging_mixin.py:137} INFO - Images saved in: /tmp/pymupdf_images_7c215d46-91c7-424e-9f22-37d43ab73ea6.pdf/
[2024-10-06T05:59:23.628+0000] {logging_mixin.py:137} INFO - Extracted text and images with PyMuPDF stored at /tmp/pymupdf_8f697523-6988-4c4f-8d72-760a45681f68.pdf.json
[2024-10-06T05:59:23.628+0000] {logging_mixin.py:137} INFO - Images saved in: /tmp/pymupdf_images_8f697523-6988-4c4f-8d72-760a45681f68.pdf/
[2024-10-06T05:59:23.688+0000] {logging_mixin.py:137} INFO - Extracted text and images with PyMuPDF stored at /tmp/pymupdf_b3654e47-4307-442c-a09c-945b33b913c6.pdf.json
[2024-10-06T05:59:23.688+0000] {logging_mixin.py:137} INFO - Images saved in: /tmp/pymupdf_images_b3654e47-4307-442c-a09c-945b33b913c6.pdf/
[2024-10-06T05:59:23.801+0000] {logging_mixin.py:137} INFO - Extracted text and images with PyMuPDF stored at /tmp/pymupdf_c4456885-2f03-436f-8fe9-0b4ca6822cdb.pdf.json
[2024-10-06T05:59:23.801+0000] {logging_mixin.py:137} INFO - Images saved in: /tmp/pymupdf_images_c4456885-2f03-436f-8fe9-0b4ca6822cdb.pdf/
[2024-10-06T05:59:23.863+0000] {logging_mixin.py:137} INFO - Extracted text and images with PyMuPDF stored at /tmp/pymupdf_366e2f2b-8632-4ef2-81eb-bc3877489217.pdf.json
[2024-10-06T05:59:23.863+0000] {logging_mixin.py:137} INFO - Images saved in: /tmp/pymupdf_images_366e2f2b-8632-4ef2-81eb-bc3877489217.pdf/
[2024-10-06T05:59:23.923+0000] {logging_mixin.py:137} INFO - Extracted text and images with PyMuPDF stored at /tmp/pymupdf_67e8878b-5cef-4375-804e-e6291fdbe78a.pdf.json
[2024-10-06T05:59:23.923+0000] {logging_mixin.py:137} INFO - Images saved in: /tmp/pymupdf_images_67e8878b-5cef-4375-804e-e6291fdbe78a.pdf/
[2024-10-06T05:59:23.986+0000] {logging_mixin.py:137} INFO - Extracted text and images with PyMuPDF stored at /tmp/pymupdf_e9a2c537-8232-4c3f-85b0-b52de6bcba99.pdf.json
[2024-10-06T05:59:23.986+0000] {logging_mixin.py:137} INFO - Images saved in: /tmp/pymupdf_images_e9a2c537-8232-4c3f-85b0-b52de6bcba99.pdf/
[2024-10-06T05:59:24.044+0000] {python.py:177} INFO - Done. Returned value was: None
[2024-10-06T05:59:24.065+0000] {taskinstance.py:1327} INFO - Marking task as SUCCESS. dag_id=pdf_extraction_with_pymupdf_and_convertapi, task_id=extract_with_pymupdf, execution_date=20241006T055916, start_date=20241006T055922, end_date=20241006T055924
[2024-10-06T05:59:24.098+0000] {local_task_job.py:159} INFO - Task exited with return code 0
[2024-10-06T05:59:24.135+0000] {taskinstance.py:2582} INFO - 1 downstream tasks scheduled from follow-on schedule check
