[2024-10-05T13:59:06.262+0000] {taskinstance.py:1087} INFO - Dependencies all met for <TaskInstance: pdf_extraction_stages.extract_with_nanonets manual__2024-10-05T13:58:58.653176+00:00 [queued]>
[2024-10-05T13:59:06.271+0000] {taskinstance.py:1087} INFO - Dependencies all met for <TaskInstance: pdf_extraction_stages.extract_with_nanonets manual__2024-10-05T13:58:58.653176+00:00 [queued]>
[2024-10-05T13:59:06.272+0000] {taskinstance.py:1283} INFO - 
--------------------------------------------------------------------------------
[2024-10-05T13:59:06.273+0000] {taskinstance.py:1284} INFO - Starting attempt 1 of 2
[2024-10-05T13:59:06.273+0000] {taskinstance.py:1285} INFO - 
--------------------------------------------------------------------------------
[2024-10-05T13:59:06.288+0000] {taskinstance.py:1304} INFO - Executing <Task(PythonOperator): extract_with_nanonets> on 2024-10-05 13:58:58.653176+00:00
[2024-10-05T13:59:06.293+0000] {standard_task_runner.py:55} INFO - Started process 13527 to run task
[2024-10-05T13:59:06.295+0000] {standard_task_runner.py:82} INFO - Running: ['***', 'tasks', 'run', 'pdf_extraction_stages', 'extract_with_nanonets', 'manual__2024-10-05T13:58:58.653176+00:00', '--job-id', '51', '--raw', '--subdir', 'DAGS_FOLDER/PDF-ETL.py', '--cfg-path', '/tmp/tmp_029fcfq']
[2024-10-05T13:59:06.296+0000] {standard_task_runner.py:83} INFO - Job 51: Subtask extract_with_nanonets
[2024-10-05T13:59:06.318+0000] {logging_mixin.py:137} WARNING - /home/***/.local/lib/python3.7/site-packages/***/settings.py:249 DeprecationWarning: The sql_alchemy_conn option in [core] has been moved to the sql_alchemy_conn option in [database] - the old setting has been used, but please update your config.
[2024-10-05T13:59:06.390+0000] {task_command.py:389} INFO - Running <TaskInstance: pdf_extraction_stages.extract_with_nanonets manual__2024-10-05T13:58:58.653176+00:00 [running]> on host 93d8e18bedbe
[2024-10-05T13:59:06.487+0000] {taskinstance.py:1513} INFO - Exporting the following env vars:
AIRFLOW_CTX_DAG_OWNER=***
AIRFLOW_CTX_DAG_ID=pdf_extraction_stages
AIRFLOW_CTX_TASK_ID=extract_with_nanonets
AIRFLOW_CTX_EXECUTION_DATE=2024-10-05T13:58:58.653176+00:00
AIRFLOW_CTX_TRY_NUMBER=1
AIRFLOW_CTX_DAG_RUN_ID=manual__2024-10-05T13:58:58.653176+00:00
[2024-10-05T13:59:07.273+0000] {logging_mixin.py:137} INFO - Failed to extract with Nanonets API. Status Code: 401
[2024-10-05T13:59:07.274+0000] {logging_mixin.py:137} INFO - Response Text: {"message":"Unauthorized","code":401,"errors":[{"reason":"Api Key Missing in request","message":"Add api key in request header as explained here: https://app.nanonets.com/documentation#authentication"}]}
[2024-10-05T13:59:07.767+0000] {logging_mixin.py:137} INFO - Failed to extract with Nanonets API. Status Code: 401
[2024-10-05T13:59:07.768+0000] {logging_mixin.py:137} INFO - Response Text: {"message":"Unauthorized","code":401,"errors":[{"reason":"Api Key Missing in request","message":"Add api key in request header as explained here: https://app.nanonets.com/documentation#authentication"}]}
[2024-10-05T13:59:08.260+0000] {logging_mixin.py:137} INFO - Failed to extract with Nanonets API. Status Code: 401
[2024-10-05T13:59:08.261+0000] {logging_mixin.py:137} INFO - Response Text: {"message":"Unauthorized","code":401,"errors":[{"reason":"Api Key Missing in request","message":"Add api key in request header as explained here: https://app.nanonets.com/documentation#authentication"}]}
[2024-10-05T13:59:08.845+0000] {logging_mixin.py:137} INFO - Failed to extract with Nanonets API. Status Code: 401
[2024-10-05T13:59:08.846+0000] {logging_mixin.py:137} INFO - Response Text: {"message":"Unauthorized","code":401,"errors":[{"reason":"Api Key Missing in request","message":"Add api key in request header as explained here: https://app.nanonets.com/documentation#authentication"}]}
[2024-10-05T13:59:09.345+0000] {logging_mixin.py:137} INFO - Failed to extract with Nanonets API. Status Code: 401
[2024-10-05T13:59:09.346+0000] {logging_mixin.py:137} INFO - Response Text: {"message":"Unauthorized","code":401,"errors":[{"reason":"Api Key Missing in request","message":"Add api key in request header as explained here: https://app.nanonets.com/documentation#authentication"}]}
[2024-10-05T13:59:09.845+0000] {logging_mixin.py:137} INFO - Failed to extract with Nanonets API. Status Code: 401
[2024-10-05T13:59:09.845+0000] {logging_mixin.py:137} INFO - Response Text: {"message":"Unauthorized","code":401,"errors":[{"reason":"Api Key Missing in request","message":"Add api key in request header as explained here: https://app.nanonets.com/documentation#authentication"}]}
[2024-10-05T13:59:10.523+0000] {logging_mixin.py:137} INFO - Failed to extract with Nanonets API. Status Code: 401
[2024-10-05T13:59:10.524+0000] {logging_mixin.py:137} INFO - Response Text: {"message":"Unauthorized","code":401,"errors":[{"reason":"Api Key Missing in request","message":"Add api key in request header as explained here: https://app.nanonets.com/documentation#authentication"}]}
[2024-10-05T13:59:11.013+0000] {logging_mixin.py:137} INFO - Failed to extract with Nanonets API. Status Code: 401
[2024-10-05T13:59:11.013+0000] {logging_mixin.py:137} INFO - Response Text: {"message":"Unauthorized","code":401,"errors":[{"reason":"Api Key Missing in request","message":"Add api key in request header as explained here: https://app.nanonets.com/documentation#authentication"}]}
[2024-10-05T13:59:13.762+0000] {logging_mixin.py:137} INFO - Failed to extract with Nanonets API. Status Code: 401
[2024-10-05T13:59:13.763+0000] {logging_mixin.py:137} INFO - Response Text: {"message":"Unauthorized","code":401,"errors":[{"reason":"Api Key Missing in request","message":"Add api key in request header as explained here: https://app.nanonets.com/documentation#authentication"}]}
[2024-10-05T13:59:14.258+0000] {logging_mixin.py:137} INFO - Failed to extract with Nanonets API. Status Code: 401
[2024-10-05T13:59:14.259+0000] {logging_mixin.py:137} INFO - Response Text: {"message":"Unauthorized","code":401,"errors":[{"reason":"Api Key Missing in request","message":"Add api key in request header as explained here: https://app.nanonets.com/documentation#authentication"}]}
[2024-10-05T13:59:14.747+0000] {logging_mixin.py:137} INFO - Failed to extract with Nanonets API. Status Code: 401
[2024-10-05T13:59:14.748+0000] {logging_mixin.py:137} INFO - Response Text: {"message":"Unauthorized","code":401,"errors":[{"reason":"Api Key Missing in request","message":"Add api key in request header as explained here: https://app.nanonets.com/documentation#authentication"}]}
[2024-10-05T13:59:15.237+0000] {logging_mixin.py:137} INFO - Failed to extract with Nanonets API. Status Code: 401
[2024-10-05T13:59:15.237+0000] {logging_mixin.py:137} INFO - Response Text: {"message":"Unauthorized","code":401,"errors":[{"reason":"Api Key Missing in request","message":"Add api key in request header as explained here: https://app.nanonets.com/documentation#authentication"}]}
[2024-10-05T13:59:15.742+0000] {logging_mixin.py:137} INFO - Failed to extract with Nanonets API. Status Code: 401
[2024-10-05T13:59:15.744+0000] {logging_mixin.py:137} INFO - Response Text: {"message":"Unauthorized","code":401,"errors":[{"reason":"Api Key Missing in request","message":"Add api key in request header as explained here: https://app.nanonets.com/documentation#authentication"}]}
[2024-10-05T13:59:15.744+0000] {python.py:177} INFO - Done. Returned value was: None
[2024-10-05T13:59:15.769+0000] {taskinstance.py:1327} INFO - Marking task as SUCCESS. dag_id=pdf_extraction_stages, task_id=extract_with_nanonets, execution_date=20241005T135858, start_date=20241005T135906, end_date=20241005T135915
[2024-10-05T13:59:15.807+0000] {local_task_job.py:159} INFO - Task exited with return code 0
[2024-10-05T13:59:15.835+0000] {taskinstance.py:2582} INFO - 1 downstream tasks scheduled from follow-on schedule check
