[2024-10-05T14:14:40.198+0000] {taskinstance.py:1087} INFO - Dependencies all met for <TaskInstance: pdf_extraction_stages.extract_with_nanonets manual__2024-10-05T14:14:32.835401+00:00 [queued]>
[2024-10-05T14:14:40.207+0000] {taskinstance.py:1087} INFO - Dependencies all met for <TaskInstance: pdf_extraction_stages.extract_with_nanonets manual__2024-10-05T14:14:32.835401+00:00 [queued]>
[2024-10-05T14:14:40.208+0000] {taskinstance.py:1283} INFO - 
--------------------------------------------------------------------------------
[2024-10-05T14:14:40.208+0000] {taskinstance.py:1284} INFO - Starting attempt 1 of 2
[2024-10-05T14:14:40.209+0000] {taskinstance.py:1285} INFO - 
--------------------------------------------------------------------------------
[2024-10-05T14:14:40.222+0000] {taskinstance.py:1304} INFO - Executing <Task(PythonOperator): extract_with_nanonets> on 2024-10-05 14:14:32.835401+00:00
[2024-10-05T14:14:40.226+0000] {standard_task_runner.py:55} INFO - Started process 14087 to run task
[2024-10-05T14:14:40.228+0000] {standard_task_runner.py:82} INFO - Running: ['***', 'tasks', 'run', 'pdf_extraction_stages', 'extract_with_nanonets', 'manual__2024-10-05T14:14:32.835401+00:00', '--job-id', '100', '--raw', '--subdir', 'DAGS_FOLDER/PDF-ETL.py', '--cfg-path', '/tmp/tmphst3r9mg']
[2024-10-05T14:14:40.230+0000] {standard_task_runner.py:83} INFO - Job 100: Subtask extract_with_nanonets
[2024-10-05T14:14:40.251+0000] {logging_mixin.py:137} WARNING - /home/***/.local/lib/python3.7/site-packages/***/settings.py:249 DeprecationWarning: The sql_alchemy_conn option in [core] has been moved to the sql_alchemy_conn option in [database] - the old setting has been used, but please update your config.
[2024-10-05T14:14:40.326+0000] {task_command.py:389} INFO - Running <TaskInstance: pdf_extraction_stages.extract_with_nanonets manual__2024-10-05T14:14:32.835401+00:00 [running]> on host 93d8e18bedbe
[2024-10-05T14:14:40.429+0000] {taskinstance.py:1513} INFO - Exporting the following env vars:
AIRFLOW_CTX_DAG_OWNER=***
AIRFLOW_CTX_DAG_ID=pdf_extraction_stages
AIRFLOW_CTX_TASK_ID=extract_with_nanonets
AIRFLOW_CTX_EXECUTION_DATE=2024-10-05T14:14:32.835401+00:00
AIRFLOW_CTX_TRY_NUMBER=1
AIRFLOW_CTX_DAG_RUN_ID=manual__2024-10-05T14:14:32.835401+00:00
[2024-10-05T14:14:41.225+0000] {logging_mixin.py:137} INFO - Failed to extract with Nanonets API. Status Code: 401
[2024-10-05T14:14:41.226+0000] {logging_mixin.py:137} INFO - Response Text: {"message":"Unauthorized","code":401,"errors":[{"reason":"Api Key Missing in request","message":"Add api key in request header as explained here: https://app.nanonets.com/documentation#authentication"}]}
[2024-10-05T14:14:41.720+0000] {logging_mixin.py:137} INFO - Failed to extract with Nanonets API. Status Code: 401
[2024-10-05T14:14:41.721+0000] {logging_mixin.py:137} INFO - Response Text: {"message":"Unauthorized","code":401,"errors":[{"reason":"Api Key Missing in request","message":"Add api key in request header as explained here: https://app.nanonets.com/documentation#authentication"}]}
[2024-10-05T14:14:42.208+0000] {logging_mixin.py:137} INFO - Failed to extract with Nanonets API. Status Code: 401
[2024-10-05T14:14:42.209+0000] {logging_mixin.py:137} INFO - Response Text: {"message":"Unauthorized","code":401,"errors":[{"reason":"Api Key Missing in request","message":"Add api key in request header as explained here: https://app.nanonets.com/documentation#authentication"}]}
[2024-10-05T14:14:42.788+0000] {logging_mixin.py:137} INFO - Failed to extract with Nanonets API. Status Code: 401
[2024-10-05T14:14:42.789+0000] {logging_mixin.py:137} INFO - Response Text: {"message":"Unauthorized","code":401,"errors":[{"reason":"Api Key Missing in request","message":"Add api key in request header as explained here: https://app.nanonets.com/documentation#authentication"}]}
[2024-10-05T14:14:43.286+0000] {logging_mixin.py:137} INFO - Failed to extract with Nanonets API. Status Code: 401
[2024-10-05T14:14:43.287+0000] {logging_mixin.py:137} INFO - Response Text: {"message":"Unauthorized","code":401,"errors":[{"reason":"Api Key Missing in request","message":"Add api key in request header as explained here: https://app.nanonets.com/documentation#authentication"}]}
[2024-10-05T14:14:43.776+0000] {logging_mixin.py:137} INFO - Failed to extract with Nanonets API. Status Code: 401
[2024-10-05T14:14:43.777+0000] {logging_mixin.py:137} INFO - Response Text: {"message":"Unauthorized","code":401,"errors":[{"reason":"Api Key Missing in request","message":"Add api key in request header as explained here: https://app.nanonets.com/documentation#authentication"}]}
[2024-10-05T14:14:44.453+0000] {logging_mixin.py:137} INFO - Failed to extract with Nanonets API. Status Code: 401
[2024-10-05T14:14:44.454+0000] {logging_mixin.py:137} INFO - Response Text: {"message":"Unauthorized","code":401,"errors":[{"reason":"Api Key Missing in request","message":"Add api key in request header as explained here: https://app.nanonets.com/documentation#authentication"}]}
[2024-10-05T14:14:44.940+0000] {logging_mixin.py:137} INFO - Failed to extract with Nanonets API. Status Code: 401
[2024-10-05T14:14:44.940+0000] {logging_mixin.py:137} INFO - Response Text: {"message":"Unauthorized","code":401,"errors":[{"reason":"Api Key Missing in request","message":"Add api key in request header as explained here: https://app.nanonets.com/documentation#authentication"}]}
[2024-10-05T14:14:46.599+0000] {logging_mixin.py:137} INFO - Failed to extract with Nanonets API. Status Code: 401
[2024-10-05T14:14:46.600+0000] {logging_mixin.py:137} INFO - Response Text: {"message":"Unauthorized","code":401,"errors":[{"reason":"Api Key Missing in request","message":"Add api key in request header as explained here: https://app.nanonets.com/documentation#authentication"}]}
[2024-10-05T14:14:47.099+0000] {logging_mixin.py:137} INFO - Failed to extract with Nanonets API. Status Code: 401
[2024-10-05T14:14:47.100+0000] {logging_mixin.py:137} INFO - Response Text: {"message":"Unauthorized","code":401,"errors":[{"reason":"Api Key Missing in request","message":"Add api key in request header as explained here: https://app.nanonets.com/documentation#authentication"}]}
[2024-10-05T14:14:47.592+0000] {logging_mixin.py:137} INFO - Failed to extract with Nanonets API. Status Code: 401
[2024-10-05T14:14:47.593+0000] {logging_mixin.py:137} INFO - Response Text: {"message":"Unauthorized","code":401,"errors":[{"reason":"Api Key Missing in request","message":"Add api key in request header as explained here: https://app.nanonets.com/documentation#authentication"}]}
[2024-10-05T14:14:48.080+0000] {logging_mixin.py:137} INFO - Failed to extract with Nanonets API. Status Code: 401
[2024-10-05T14:14:48.081+0000] {logging_mixin.py:137} INFO - Response Text: {"message":"Unauthorized","code":401,"errors":[{"reason":"Api Key Missing in request","message":"Add api key in request header as explained here: https://app.nanonets.com/documentation#authentication"}]}
[2024-10-05T14:14:48.577+0000] {logging_mixin.py:137} INFO - Failed to extract with Nanonets API. Status Code: 401
[2024-10-05T14:14:48.578+0000] {logging_mixin.py:137} INFO - Response Text: {"message":"Unauthorized","code":401,"errors":[{"reason":"Api Key Missing in request","message":"Add api key in request header as explained here: https://app.nanonets.com/documentation#authentication"}]}
[2024-10-05T14:14:48.578+0000] {python.py:177} INFO - Done. Returned value was: None
[2024-10-05T14:14:48.598+0000] {taskinstance.py:1327} INFO - Marking task as SUCCESS. dag_id=pdf_extraction_stages, task_id=extract_with_nanonets, execution_date=20241005T141432, start_date=20241005T141440, end_date=20241005T141448
[2024-10-05T14:14:48.654+0000] {local_task_job.py:159} INFO - Task exited with return code 0
[2024-10-05T14:14:48.683+0000] {taskinstance.py:2582} INFO - 1 downstream tasks scheduled from follow-on schedule check
