[2024-10-04T16:14:24.800+0000] {taskinstance.py:1087} INFO - Dependencies all met for <TaskInstance: pdf_extraction_stages.extract_with_nanonets manual__2024-10-04T16:14:13.791060+00:00 [queued]>
[2024-10-04T16:14:24.810+0000] {taskinstance.py:1087} INFO - Dependencies all met for <TaskInstance: pdf_extraction_stages.extract_with_nanonets manual__2024-10-04T16:14:13.791060+00:00 [queued]>
[2024-10-04T16:14:24.810+0000] {taskinstance.py:1283} INFO - 
--------------------------------------------------------------------------------
[2024-10-04T16:14:24.811+0000] {taskinstance.py:1284} INFO - Starting attempt 1 of 2
[2024-10-04T16:14:24.812+0000] {taskinstance.py:1285} INFO - 
--------------------------------------------------------------------------------
[2024-10-04T16:14:24.826+0000] {taskinstance.py:1304} INFO - Executing <Task(PythonOperator): extract_with_nanonets> on 2024-10-04 16:14:13.791060+00:00
[2024-10-04T16:14:24.829+0000] {standard_task_runner.py:55} INFO - Started process 395 to run task
[2024-10-04T16:14:24.832+0000] {standard_task_runner.py:82} INFO - Running: ['***', 'tasks', 'run', 'pdf_extraction_stages', 'extract_with_nanonets', 'manual__2024-10-04T16:14:13.791060+00:00', '--job-id', '30', '--raw', '--subdir', 'DAGS_FOLDER/PDF-ETL.py', '--cfg-path', '/tmp/tmp6glket_s']
[2024-10-04T16:14:24.833+0000] {standard_task_runner.py:83} INFO - Job 30: Subtask extract_with_nanonets
[2024-10-04T16:14:24.855+0000] {logging_mixin.py:137} WARNING - /home/***/.local/lib/python3.7/site-packages/***/settings.py:249 DeprecationWarning: The sql_alchemy_conn option in [core] has been moved to the sql_alchemy_conn option in [database] - the old setting has been used, but please update your config.
[2024-10-04T16:14:24.926+0000] {task_command.py:389} INFO - Running <TaskInstance: pdf_extraction_stages.extract_with_nanonets manual__2024-10-04T16:14:13.791060+00:00 [running]> on host 93d8e18bedbe
[2024-10-04T16:14:25.022+0000] {taskinstance.py:1513} INFO - Exporting the following env vars:
AIRFLOW_CTX_DAG_OWNER=***
AIRFLOW_CTX_DAG_ID=pdf_extraction_stages
AIRFLOW_CTX_TASK_ID=extract_with_nanonets
AIRFLOW_CTX_EXECUTION_DATE=2024-10-04T16:14:13.791060+00:00
AIRFLOW_CTX_TRY_NUMBER=1
AIRFLOW_CTX_DAG_RUN_ID=manual__2024-10-04T16:14:13.791060+00:00
[2024-10-04T16:14:25.772+0000] {logging_mixin.py:137} INFO - Failed to extract with Nanonets API. Status Code: 401
[2024-10-04T16:14:26.273+0000] {logging_mixin.py:137} INFO - Failed to extract with Nanonets API. Status Code: 401
[2024-10-04T16:14:26.822+0000] {logging_mixin.py:137} INFO - Failed to extract with Nanonets API. Status Code: 401
[2024-10-04T16:14:27.402+0000] {logging_mixin.py:137} INFO - Failed to extract with Nanonets API. Status Code: 401
[2024-10-04T16:14:27.894+0000] {logging_mixin.py:137} INFO - Failed to extract with Nanonets API. Status Code: 401
[2024-10-04T16:14:28.401+0000] {logging_mixin.py:137} INFO - Failed to extract with Nanonets API. Status Code: 401
[2024-10-04T16:14:29.071+0000] {logging_mixin.py:137} INFO - Failed to extract with Nanonets API. Status Code: 401
[2024-10-04T16:14:29.564+0000] {logging_mixin.py:137} INFO - Failed to extract with Nanonets API. Status Code: 401
[2024-10-04T16:14:31.125+0000] {logging_mixin.py:137} INFO - Failed to extract with Nanonets API. Status Code: 401
[2024-10-04T16:14:31.666+0000] {logging_mixin.py:137} INFO - Failed to extract with Nanonets API. Status Code: 401
[2024-10-04T16:14:32.209+0000] {logging_mixin.py:137} INFO - Failed to extract with Nanonets API. Status Code: 401
[2024-10-04T16:14:32.732+0000] {logging_mixin.py:137} INFO - Failed to extract with Nanonets API. Status Code: 401
[2024-10-04T16:14:33.232+0000] {logging_mixin.py:137} INFO - Failed to extract with Nanonets API. Status Code: 401
[2024-10-04T16:14:33.233+0000] {python.py:177} INFO - Done. Returned value was: None
[2024-10-04T16:14:33.254+0000] {taskinstance.py:1327} INFO - Marking task as SUCCESS. dag_id=pdf_extraction_stages, task_id=extract_with_nanonets, execution_date=20241004T161413, start_date=20241004T161424, end_date=20241004T161433
[2024-10-04T16:14:33.303+0000] {local_task_job.py:159} INFO - Task exited with return code 0
[2024-10-04T16:14:33.332+0000] {taskinstance.py:2582} INFO - 1 downstream tasks scheduled from follow-on schedule check
