[2024-10-07T22:51:12.143+0000] {taskinstance.py:1165} INFO - Dependencies all met for <TaskInstance: pdf_extraction_with_pymupdf_and_convertapi.extract_with_convertapi manual__2024-10-07T22:51:06.799115+00:00 [queued]>
[2024-10-07T22:51:12.154+0000] {taskinstance.py:1165} INFO - Dependencies all met for <TaskInstance: pdf_extraction_with_pymupdf_and_convertapi.extract_with_convertapi manual__2024-10-07T22:51:06.799115+00:00 [queued]>
[2024-10-07T22:51:12.154+0000] {taskinstance.py:1362} INFO - 
--------------------------------------------------------------------------------
[2024-10-07T22:51:12.155+0000] {taskinstance.py:1363} INFO - Starting attempt 1 of 3
[2024-10-07T22:51:12.155+0000] {taskinstance.py:1364} INFO - 
--------------------------------------------------------------------------------
[2024-10-07T22:51:12.168+0000] {taskinstance.py:1383} INFO - Executing <Task(PythonOperator): extract_with_convertapi> on 2024-10-07 22:51:06.799115+00:00
[2024-10-07T22:51:12.172+0000] {standard_task_runner.py:55} INFO - Started process 17017 to run task
[2024-10-07T22:51:12.176+0000] {standard_task_runner.py:82} INFO - Running: ['***', 'tasks', 'run', 'pdf_extraction_with_pymupdf_and_convertapi', 'extract_with_convertapi', 'manual__2024-10-07T22:51:06.799115+00:00', '--job-id', '120', '--raw', '--subdir', 'DAGS_FOLDER/ETL-ConvertAPI.py', '--cfg-path', '/tmp/tmpn1vs2odh']
[2024-10-07T22:51:12.178+0000] {standard_task_runner.py:83} INFO - Job 120: Subtask extract_with_convertapi
[2024-10-07T22:51:12.293+0000] {task_command.py:376} INFO - Running <TaskInstance: pdf_extraction_with_pymupdf_and_convertapi.extract_with_convertapi manual__2024-10-07T22:51:06.799115+00:00 [running]> on host 65f7b1aa1c1b
[2024-10-07T22:51:12.413+0000] {taskinstance.py:1590} INFO - Exporting the following env vars:
AIRFLOW_CTX_DAG_OWNER=***
AIRFLOW_CTX_DAG_ID=pdf_extraction_with_pymupdf_and_convertapi
AIRFLOW_CTX_TASK_ID=extract_with_convertapi
AIRFLOW_CTX_EXECUTION_DATE=2024-10-07T22:51:06.799115+00:00
AIRFLOW_CTX_TRY_NUMBER=1
AIRFLOW_CTX_DAG_RUN_ID=manual__2024-10-07T22:51:06.799115+00:00
[2024-10-07T22:51:13.825+0000] {logging_mixin.py:137} INFO - No images found in 021a5339-744f-42b7-bd9b-9368b3efda7a.pdf
[2024-10-07T22:51:13.826+0000] {logging_mixin.py:137} INFO - ConvertAPI text stored at /tmp/convertapi_021a5339-744f-42b7-bd9b-9368b3efda7a.pdf.json
[2024-10-07T22:51:13.827+0000] {logging_mixin.py:137} INFO - ConvertAPI tables stored at /tmp/convertapi_021a5339-744f-42b7-bd9b-9368b3efda7a.pdf.csv
[2024-10-07T22:51:17.136+0000] {logging_mixin.py:137} INFO - ConvertAPI text stored at /tmp/convertapi_example.pdf.json
[2024-10-07T22:51:17.137+0000] {logging_mixin.py:137} INFO - ConvertAPI tables stored at /tmp/convertapi_example.pdf.csv
[2024-10-07T22:51:17.138+0000] {logging_mixin.py:137} INFO - ConvertAPI image stored at /tmp/convertapi_example.pdf_example-page1-image1.png
[2024-10-07T22:51:19.457+0000] {logging_mixin.py:137} INFO - ConvertAPI text stored at /tmp/convertapi_flyer.pdf.json
[2024-10-07T22:51:19.459+0000] {logging_mixin.py:137} INFO - ConvertAPI tables stored at /tmp/convertapi_flyer.pdf.csv
[2024-10-07T22:51:19.461+0000] {logging_mixin.py:137} INFO - ConvertAPI image stored at /tmp/convertapi_flyer.pdf_flyer-page1-image1.png
[2024-10-07T22:51:19.463+0000] {logging_mixin.py:137} INFO - ConvertAPI image stored at /tmp/convertapi_flyer.pdf_flyer-page1-image2.png
[2024-10-07T22:51:19.465+0000] {logging_mixin.py:137} INFO - ConvertAPI image stored at /tmp/convertapi_flyer.pdf_flyer-page1-image3.png
[2024-10-07T22:51:19.466+0000] {logging_mixin.py:137} INFO - ConvertAPI image stored at /tmp/convertapi_flyer.pdf_flyer-page1-image4.png
[2024-10-07T22:51:19.467+0000] {logging_mixin.py:137} INFO - ConvertAPI image stored at /tmp/convertapi_flyer.pdf_flyer-page1-image5.png
[2024-10-07T22:51:19.468+0000] {logging_mixin.py:137} INFO - ConvertAPI image stored at /tmp/convertapi_flyer.pdf_flyer-page1-image6.png
[2024-10-07T22:51:19.471+0000] {logging_mixin.py:137} INFO - ConvertAPI image stored at /tmp/convertapi_flyer.pdf_flyer-page1-image7.png
[2024-10-07T22:51:20.511+0000] {logging_mixin.py:137} INFO - No images found in 366e2f2b-8632-4ef2-81eb-bc3877489217.pdf
[2024-10-07T22:51:20.512+0000] {logging_mixin.py:137} INFO - ConvertAPI text stored at /tmp/convertapi_366e2f2b-8632-4ef2-81eb-bc3877489217.pdf.json
[2024-10-07T22:51:20.513+0000] {logging_mixin.py:137} INFO - ConvertAPI tables stored at /tmp/convertapi_366e2f2b-8632-4ef2-81eb-bc3877489217.pdf.csv
[2024-10-07T22:51:20.562+0000] {python.py:177} INFO - Done. Returned value was: None
[2024-10-07T22:51:20.580+0000] {taskinstance.py:1401} INFO - Marking task as SUCCESS. dag_id=pdf_extraction_with_pymupdf_and_convertapi, task_id=extract_with_convertapi, execution_date=20241007T225106, start_date=20241007T225112, end_date=20241007T225120
[2024-10-07T22:51:20.605+0000] {local_task_job.py:159} INFO - Task exited with return code 0
[2024-10-07T22:51:20.632+0000] {taskinstance.py:2623} INFO - 1 downstream tasks scheduled from follow-on schedule check
