[2024-10-06T01:55:27.163+0000] {taskinstance.py:1087} INFO - Dependencies all met for <TaskInstance: pdf_extraction_with_dochorizon.extract_with_pymupdf manual__2024-10-06T01:55:22.852079+00:00 [queued]>
[2024-10-06T01:55:27.174+0000] {taskinstance.py:1087} INFO - Dependencies all met for <TaskInstance: pdf_extraction_with_dochorizon.extract_with_pymupdf manual__2024-10-06T01:55:22.852079+00:00 [queued]>
[2024-10-06T01:55:27.175+0000] {taskinstance.py:1283} INFO - 
--------------------------------------------------------------------------------
[2024-10-06T01:55:27.175+0000] {taskinstance.py:1284} INFO - Starting attempt 1 of 2
[2024-10-06T01:55:27.175+0000] {taskinstance.py:1285} INFO - 
--------------------------------------------------------------------------------
[2024-10-06T01:55:27.190+0000] {taskinstance.py:1304} INFO - Executing <Task(PythonOperator): extract_with_pymupdf> on 2024-10-06 01:55:22.852079+00:00
[2024-10-06T01:55:27.193+0000] {standard_task_runner.py:55} INFO - Started process 342 to run task
[2024-10-06T01:55:27.195+0000] {standard_task_runner.py:82} INFO - Running: ['***', 'tasks', 'run', 'pdf_extraction_with_dochorizon', 'extract_with_pymupdf', 'manual__2024-10-06T01:55:22.852079+00:00', '--job-id', '145', '--raw', '--subdir', 'DAGS_FOLDER/PDF-Klippa.py', '--cfg-path', '/tmp/tmpqd85q721']
[2024-10-06T01:55:27.196+0000] {standard_task_runner.py:83} INFO - Job 145: Subtask extract_with_pymupdf
[2024-10-06T01:55:27.217+0000] {logging_mixin.py:137} WARNING - /home/***/.local/lib/python3.7/site-packages/***/settings.py:249 DeprecationWarning: The sql_alchemy_conn option in [core] has been moved to the sql_alchemy_conn option in [database] - the old setting has been used, but please update your config.
[2024-10-06T01:55:27.285+0000] {task_command.py:389} INFO - Running <TaskInstance: pdf_extraction_with_dochorizon.extract_with_pymupdf manual__2024-10-06T01:55:22.852079+00:00 [running]> on host c14bde59b801
[2024-10-06T01:55:27.383+0000] {taskinstance.py:1513} INFO - Exporting the following env vars:
AIRFLOW_CTX_DAG_OWNER=***
AIRFLOW_CTX_DAG_ID=pdf_extraction_with_dochorizon
AIRFLOW_CTX_TASK_ID=extract_with_pymupdf
AIRFLOW_CTX_EXECUTION_DATE=2024-10-06T01:55:22.852079+00:00
AIRFLOW_CTX_TRY_NUMBER=1
AIRFLOW_CTX_DAG_RUN_ID=manual__2024-10-06T01:55:22.852079+00:00
[2024-10-06T01:55:27.508+0000] {logging_mixin.py:137} INFO - Extracted data with PyMuPDF stored at /tmp/pymupdf_021a5339-744f-42b7-bd9b-9368b3efda7a.pdf.json
[2024-10-06T01:55:27.538+0000] {logging_mixin.py:137} INFO - Extracted data with PyMuPDF stored at /tmp/pymupdf_32f386b9-73ee-4455-b412-ddad508aa979.pdf.json
[2024-10-06T01:55:27.569+0000] {logging_mixin.py:137} INFO - Extracted data with PyMuPDF stored at /tmp/pymupdf_4044eab7-1282-42bd-a559-3bf3a4d5858e.pdf.json
[2024-10-06T01:55:27.605+0000] {logging_mixin.py:137} INFO - Extracted data with PyMuPDF stored at /tmp/pymupdf_634fca59-03b2-4cdf-9ce4-0205df22f256.pdf.json
[2024-10-06T01:55:27.635+0000] {logging_mixin.py:137} INFO - Extracted data with PyMuPDF stored at /tmp/pymupdf_680d7d77-c0c7-49c8-88fd-f8ec623645e9.pdf.json
[2024-10-06T01:55:27.664+0000] {logging_mixin.py:137} INFO - Extracted data with PyMuPDF stored at /tmp/pymupdf_7c215d46-91c7-424e-9f22-37d43ab73ea6.pdf.json
[2024-10-06T01:55:27.731+0000] {logging_mixin.py:137} INFO - Extracted data with PyMuPDF stored at /tmp/pymupdf_8f697523-6988-4c4f-8d72-760a45681f68.pdf.json
[2024-10-06T01:55:27.772+0000] {logging_mixin.py:137} INFO - Extracted data with PyMuPDF stored at /tmp/pymupdf_b3654e47-4307-442c-a09c-945b33b913c6.pdf.json
[2024-10-06T01:55:27.800+0000] {logging_mixin.py:137} INFO - Extracted data with PyMuPDF stored at /tmp/pymupdf_c4456885-2f03-436f-8fe9-0b4ca6822cdb.pdf.json
[2024-10-06T01:55:27.828+0000] {logging_mixin.py:137} INFO - Extracted data with PyMuPDF stored at /tmp/pymupdf_366e2f2b-8632-4ef2-81eb-bc3877489217.pdf.json
[2024-10-06T01:55:27.855+0000] {logging_mixin.py:137} INFO - Extracted data with PyMuPDF stored at /tmp/pymupdf_67e8878b-5cef-4375-804e-e6291fdbe78a.pdf.json
[2024-10-06T01:55:27.883+0000] {logging_mixin.py:137} INFO - Extracted data with PyMuPDF stored at /tmp/pymupdf_e9a2c537-8232-4c3f-85b0-b52de6bcba99.pdf.json
[2024-10-06T01:55:27.910+0000] {python.py:177} INFO - Done. Returned value was: None
[2024-10-06T01:55:27.927+0000] {taskinstance.py:1327} INFO - Marking task as SUCCESS. dag_id=pdf_extraction_with_dochorizon, task_id=extract_with_pymupdf, execution_date=20241006T015522, start_date=20241006T015527, end_date=20241006T015527
[2024-10-06T01:55:27.969+0000] {local_task_job.py:159} INFO - Task exited with return code 0
[2024-10-06T01:55:28.003+0000] {taskinstance.py:2582} INFO - 1 downstream tasks scheduled from follow-on schedule check
