[2024-10-07T03:25:00.566+0000] {taskinstance.py:1087} INFO - Dependencies all met for <TaskInstance: pdf_extraction_with_pymupdf_and_convertapi_and_embeddings.download_pdfs manual__2024-10-07T03:24:55.197362+00:00 [queued]>
[2024-10-07T03:25:00.591+0000] {taskinstance.py:1087} INFO - Dependencies all met for <TaskInstance: pdf_extraction_with_pymupdf_and_convertapi_and_embeddings.download_pdfs manual__2024-10-07T03:24:55.197362+00:00 [queued]>
[2024-10-07T03:25:00.592+0000] {taskinstance.py:1283} INFO - 
--------------------------------------------------------------------------------
[2024-10-07T03:25:00.593+0000] {taskinstance.py:1284} INFO - Starting attempt 1 of 3
[2024-10-07T03:25:00.593+0000] {taskinstance.py:1285} INFO - 
--------------------------------------------------------------------------------
[2024-10-07T03:25:00.616+0000] {taskinstance.py:1304} INFO - Executing <Task(PythonOperator): download_pdfs> on 2024-10-07 03:24:55.197362+00:00
[2024-10-07T03:25:00.629+0000] {standard_task_runner.py:82} INFO - Running: ['***', 'tasks', 'run', 'pdf_extraction_with_pymupdf_and_convertapi_and_embeddings', 'download_pdfs', 'manual__2024-10-07T03:24:55.197362+00:00', '--job-id', '310', '--raw', '--subdir', 'DAGS_FOLDER/ETL-ConvertAPI.py', '--cfg-path', '/tmp/tmppf3pohyc']
[2024-10-07T03:25:00.624+0000] {standard_task_runner.py:55} INFO - Started process 949 to run task
[2024-10-07T03:25:00.630+0000] {standard_task_runner.py:83} INFO - Job 310: Subtask download_pdfs
[2024-10-07T03:25:00.662+0000] {logging_mixin.py:137} WARNING - /home/***/.local/lib/python3.7/site-packages/***/settings.py:249 DeprecationWarning: The sql_alchemy_conn option in [core] has been moved to the sql_alchemy_conn option in [database] - the old setting has been used, but please update your config.
[2024-10-07T03:25:00.771+0000] {task_command.py:389} INFO - Running <TaskInstance: pdf_extraction_with_pymupdf_and_convertapi_and_embeddings.download_pdfs manual__2024-10-07T03:24:55.197362+00:00 [running]> on host 1350c74cd1fb
[2024-10-07T03:25:00.920+0000] {taskinstance.py:1513} INFO - Exporting the following env vars:
AIRFLOW_CTX_DAG_OWNER=***
AIRFLOW_CTX_DAG_ID=pdf_extraction_with_pymupdf_and_convertapi_and_embeddings
AIRFLOW_CTX_TASK_ID=download_pdfs
AIRFLOW_CTX_EXECUTION_DATE=2024-10-07T03:24:55.197362+00:00
AIRFLOW_CTX_TRY_NUMBER=1
AIRFLOW_CTX_DAG_RUN_ID=manual__2024-10-07T03:24:55.197362+00:00
[2024-10-07T03:25:01.221+0000] {logging_mixin.py:137} INFO - Downloaded gaia/2023/test/021a5339-744f-42b7-bd9b-9368b3efda7a.pdf to /tmp/021a5339-744f-42b7-bd9b-9368b3efda7a.pdf
[2024-10-07T03:25:01.452+0000] {logging_mixin.py:137} INFO - Downloaded gaia/2023/test/634fca59-03b2-4cdf-9ce4-0205df22f256.pdf to /tmp/634fca59-03b2-4cdf-9ce4-0205df22f256.pdf
[2024-10-07T03:25:01.835+0000] {logging_mixin.py:137} INFO - Downloaded gaia/2023/test/8f697523-6988-4c4f-8d72-760a45681f68.pdf to /tmp/8f697523-6988-4c4f-8d72-760a45681f68.pdf
[2024-10-07T03:25:02.171+0000] {logging_mixin.py:137} INFO - Downloaded gaia/2023/test/example.pdf to /tmp/example.pdf
[2024-10-07T03:25:02.286+0000] {logging_mixin.py:137} INFO - Downloaded gaia/2023/validation/366e2f2b-8632-4ef2-81eb-bc3877489217.pdf to /tmp/366e2f2b-8632-4ef2-81eb-bc3877489217.pdf
[2024-10-07T03:25:02.327+0000] {python.py:177} INFO - Done. Returned value was: None
[2024-10-07T03:25:02.351+0000] {taskinstance.py:1327} INFO - Marking task as SUCCESS. dag_id=pdf_extraction_with_pymupdf_and_convertapi_and_embeddings, task_id=download_pdfs, execution_date=20241007T032455, start_date=20241007T032500, end_date=20241007T032502
[2024-10-07T03:25:02.414+0000] {local_task_job.py:159} INFO - Task exited with return code 0
[2024-10-07T03:25:02.467+0000] {taskinstance.py:2582} INFO - 1 downstream tasks scheduled from follow-on schedule check
