[2024-10-07T03:50:53.456+0000] {taskinstance.py:1087} INFO - Dependencies all met for <TaskInstance: pdf_extraction_with_pymupdf_and_convertapi_and_embeddings.upload_to_s3 manual__2024-10-07T03:50:35.384088+00:00 [queued]>
[2024-10-07T03:50:53.465+0000] {taskinstance.py:1087} INFO - Dependencies all met for <TaskInstance: pdf_extraction_with_pymupdf_and_convertapi_and_embeddings.upload_to_s3 manual__2024-10-07T03:50:35.384088+00:00 [queued]>
[2024-10-07T03:50:53.465+0000] {taskinstance.py:1283} INFO - 
--------------------------------------------------------------------------------
[2024-10-07T03:50:53.466+0000] {taskinstance.py:1284} INFO - Starting attempt 1 of 3
[2024-10-07T03:50:53.466+0000] {taskinstance.py:1285} INFO - 
--------------------------------------------------------------------------------
[2024-10-07T03:50:53.481+0000] {taskinstance.py:1304} INFO - Executing <Task(PythonOperator): upload_to_s3> on 2024-10-07 03:50:35.384088+00:00
[2024-10-07T03:50:53.486+0000] {standard_task_runner.py:55} INFO - Started process 1902 to run task
[2024-10-07T03:50:53.488+0000] {standard_task_runner.py:82} INFO - Running: ['***', 'tasks', 'run', 'pdf_extraction_with_pymupdf_and_convertapi_and_embeddings', 'upload_to_s3', 'manual__2024-10-07T03:50:35.384088+00:00', '--job-id', '349', '--raw', '--subdir', 'DAGS_FOLDER/ETL-ConvertAPI.py', '--cfg-path', '/tmp/tmpymaw_1yq']
[2024-10-07T03:50:53.489+0000] {standard_task_runner.py:83} INFO - Job 349: Subtask upload_to_s3
[2024-10-07T03:50:53.512+0000] {logging_mixin.py:137} WARNING - /home/***/.local/lib/python3.7/site-packages/***/settings.py:249 DeprecationWarning: The sql_alchemy_conn option in [core] has been moved to the sql_alchemy_conn option in [database] - the old setting has been used, but please update your config.
[2024-10-07T03:50:53.588+0000] {task_command.py:389} INFO - Running <TaskInstance: pdf_extraction_with_pymupdf_and_convertapi_and_embeddings.upload_to_s3 manual__2024-10-07T03:50:35.384088+00:00 [running]> on host 1350c74cd1fb
[2024-10-07T03:50:53.691+0000] {taskinstance.py:1513} INFO - Exporting the following env vars:
AIRFLOW_CTX_DAG_OWNER=***
AIRFLOW_CTX_DAG_ID=pdf_extraction_with_pymupdf_and_convertapi_and_embeddings
AIRFLOW_CTX_TASK_ID=upload_to_s3
AIRFLOW_CTX_EXECUTION_DATE=2024-10-07T03:50:35.384088+00:00
AIRFLOW_CTX_TRY_NUMBER=1
AIRFLOW_CTX_DAG_RUN_ID=manual__2024-10-07T03:50:35.384088+00:00
[2024-10-07T03:50:54.031+0000] {logging_mixin.py:137} INFO - Uploaded /tmp/pymupdf_021a5339-744f-42b7-bd9b-9368b3efda7a.pdf.json to pymupdf/pymupdf_021a5339-744f-42b7-bd9b-9368b3efda7a.pdf.json
[2024-10-07T03:50:54.122+0000] {logging_mixin.py:137} INFO - Uploaded /tmp/convertapi_021a5339-744f-42b7-bd9b-9368b3efda7a.pdf.json to convertapi/convertapi_021a5339-744f-42b7-bd9b-9368b3efda7a.pdf.json
[2024-10-07T03:50:54.238+0000] {logging_mixin.py:137} INFO - Uploaded /tmp/pymupdf_example.pdf.json to pymupdf/pymupdf_example.pdf.json
[2024-10-07T03:50:54.323+0000] {logging_mixin.py:137} INFO - Uploaded /tmp/convertapi_example.pdf.json to convertapi/convertapi_example.pdf.json
[2024-10-07T03:50:54.437+0000] {logging_mixin.py:137} INFO - Uploaded /tmp/pymupdf_366e2f2b-8632-4ef2-81eb-bc3877489217.pdf.json to pymupdf/pymupdf_366e2f2b-8632-4ef2-81eb-bc3877489217.pdf.json
[2024-10-07T03:50:54.518+0000] {logging_mixin.py:137} INFO - Uploaded /tmp/convertapi_366e2f2b-8632-4ef2-81eb-bc3877489217.pdf.json to convertapi/convertapi_366e2f2b-8632-4ef2-81eb-bc3877489217.pdf.json
[2024-10-07T03:50:54.518+0000] {python.py:177} INFO - Done. Returned value was: None
[2024-10-07T03:50:54.539+0000] {taskinstance.py:1327} INFO - Marking task as SUCCESS. dag_id=pdf_extraction_with_pymupdf_and_convertapi_and_embeddings, task_id=upload_to_s3, execution_date=20241007T035035, start_date=20241007T035053, end_date=20241007T035054
[2024-10-07T03:50:54.582+0000] {local_task_job.py:159} INFO - Task exited with return code 0
[2024-10-07T03:50:54.612+0000] {taskinstance.py:2582} INFO - 1 downstream tasks scheduled from follow-on schedule check
