[2024-10-07T22:31:54.838+0000] {taskinstance.py:1165} INFO - Dependencies all met for <TaskInstance: pdf_extraction_with_pymupdf_and_convertapi.extract_with_convertapi manual__2024-10-07T22:31:49.711376+00:00 [queued]>
[2024-10-07T22:31:54.847+0000] {taskinstance.py:1165} INFO - Dependencies all met for <TaskInstance: pdf_extraction_with_pymupdf_and_convertapi.extract_with_convertapi manual__2024-10-07T22:31:49.711376+00:00 [queued]>
[2024-10-07T22:31:54.848+0000] {taskinstance.py:1362} INFO - 
--------------------------------------------------------------------------------
[2024-10-07T22:31:54.848+0000] {taskinstance.py:1363} INFO - Starting attempt 1 of 3
[2024-10-07T22:31:54.848+0000] {taskinstance.py:1364} INFO - 
--------------------------------------------------------------------------------
[2024-10-07T22:31:54.859+0000] {taskinstance.py:1383} INFO - Executing <Task(PythonOperator): extract_with_convertapi> on 2024-10-07 22:31:49.711376+00:00
[2024-10-07T22:31:54.863+0000] {standard_task_runner.py:55} INFO - Started process 16136 to run task
[2024-10-07T22:31:54.865+0000] {standard_task_runner.py:82} INFO - Running: ['***', 'tasks', 'run', 'pdf_extraction_with_pymupdf_and_convertapi', 'extract_with_convertapi', 'manual__2024-10-07T22:31:49.711376+00:00', '--job-id', '110', '--raw', '--subdir', 'DAGS_FOLDER/ETL-ConvertAPI.py', '--cfg-path', '/tmp/tmpd0memo_n']
[2024-10-07T22:31:54.867+0000] {standard_task_runner.py:83} INFO - Job 110: Subtask extract_with_convertapi
[2024-10-07T22:31:54.958+0000] {task_command.py:376} INFO - Running <TaskInstance: pdf_extraction_with_pymupdf_and_convertapi.extract_with_convertapi manual__2024-10-07T22:31:49.711376+00:00 [running]> on host 65f7b1aa1c1b
[2024-10-07T22:31:55.042+0000] {taskinstance.py:1590} INFO - Exporting the following env vars:
AIRFLOW_CTX_DAG_OWNER=***
AIRFLOW_CTX_DAG_ID=pdf_extraction_with_pymupdf_and_convertapi
AIRFLOW_CTX_TASK_ID=extract_with_convertapi
AIRFLOW_CTX_EXECUTION_DATE=2024-10-07T22:31:49.711376+00:00
AIRFLOW_CTX_TRY_NUMBER=1
AIRFLOW_CTX_DAG_RUN_ID=manual__2024-10-07T22:31:49.711376+00:00
[2024-10-07T22:31:56.544+0000] {logging_mixin.py:137} INFO - No images found in 021a5339-744f-42b7-bd9b-9368b3efda7a.pdf
[2024-10-07T22:31:56.545+0000] {logging_mixin.py:137} INFO - ConvertAPI text stored at /tmp/021a5339-744f-42b7-bd9b-9368b3efda7a.pdf.json
[2024-10-07T22:31:56.546+0000] {logging_mixin.py:137} INFO - ConvertAPI tables stored at /tmp/021a5339-744f-42b7-bd9b-9368b3efda7a.pdf.csv
[2024-10-07T22:32:00.278+0000] {logging_mixin.py:137} INFO - ConvertAPI text stored at /tmp/example.pdf.json
[2024-10-07T22:32:00.279+0000] {logging_mixin.py:137} INFO - ConvertAPI tables stored at /tmp/example.pdf.csv
[2024-10-07T22:32:00.280+0000] {logging_mixin.py:137} INFO - ConvertAPI image stored at /tmp/example.pdf_example-page1-image1.png
[2024-10-07T22:32:01.360+0000] {logging_mixin.py:137} INFO - No images found in 366e2f2b-8632-4ef2-81eb-bc3877489217.pdf
[2024-10-07T22:32:01.361+0000] {logging_mixin.py:137} INFO - ConvertAPI text stored at /tmp/366e2f2b-8632-4ef2-81eb-bc3877489217.pdf.json
[2024-10-07T22:32:01.361+0000] {logging_mixin.py:137} INFO - ConvertAPI tables stored at /tmp/366e2f2b-8632-4ef2-81eb-bc3877489217.pdf.csv
[2024-10-07T22:32:01.405+0000] {python.py:177} INFO - Done. Returned value was: None
[2024-10-07T22:32:01.420+0000] {taskinstance.py:1401} INFO - Marking task as SUCCESS. dag_id=pdf_extraction_with_pymupdf_and_convertapi, task_id=extract_with_convertapi, execution_date=20241007T223149, start_date=20241007T223154, end_date=20241007T223201
[2024-10-07T22:32:01.451+0000] {local_task_job.py:159} INFO - Task exited with return code 0
[2024-10-07T22:32:01.476+0000] {taskinstance.py:2623} INFO - 1 downstream tasks scheduled from follow-on schedule check
